[ INFO ] [2019-03-27 10:16:11] shiyan.Start [50] - Starting Start on anstar-PC with PID 7264 (D:\git\web-Item-bank-system\target\classes started by anstar in D:\git\web-Item-bank-system)
[ INFO ] [2019-03-27 10:16:11] shiyan.Start [654] - No active profile set, falling back to default profiles: default
[ INFO ] [2019-03-27 10:16:13] org.springframework.boot.web.servlet.context.AnnotationConfigServletWebServerApplicationContext [588] - Refreshing org.springframework.boot.web.servlet.context.AnnotationConfigServletWebServerApplicationContext@50fb7a8a: startup date [Wed Mar 27 10:16:13 CST 2019]; root of context hierarchy
[ INFO ] [2019-03-27 10:16:30] org.springframework.boot.web.embedded.tomcat.TomcatWebServer [91] - Tomcat initialized with port(s): 8080 (http)
[ INFO ] [2019-03-27 10:16:30] org.apache.coyote.http11.Http11NioProtocol [180] - Initializing ProtocolHandler ["http-nio-8080"]
[ INFO ] [2019-03-27 10:16:30] org.apache.catalina.core.StandardService [180] - Starting service [Tomcat]
[ INFO ] [2019-03-27 10:16:30] org.apache.catalina.core.StandardEngine [180] - Starting Servlet Engine: Apache Tomcat/9.0.2
[ INFO ] [2019-03-27 10:16:30] org.apache.catalina.core.AprLifecycleListener [180] - The APR based Apache Tomcat Native library which allows optimal performance in production environments was not found on the java.library.path: [C:\Program Files\Java\jre1.8.0_161\bin;C:\Windows\Sun\Java\bin;C:\Windows\system32;C:\Windows;C:/Program Files/Java/jre1.8.0_161/bin/server;C:/Program Files/Java/jre1.8.0_161/bin;C:/Program Files/Java/jre1.8.0_161/lib/amd64;D:\apache-maven-3.5.3\bin;C:\ProgramData\Oracle\Java\javapath;C:\Windows\system32;C:\Windows;C:\Windows\System32\Wbem;C:\Windows\System32\WindowsPowerShell\v1.0\;C:\Program Files (x86)\NVIDIA Corporation\PhysX\Common;C:\Program Files\Java\jdk1.8.0_161\bin;C:\Program Files\Java\jdk1.8.0_161\jre\bin;C:\Program Files (x86)\Microsoft SQL Server\100\Tools\Binn\;C:\Program Files\Microsoft SQL Server\100\Tools\Binn\;C:\Program Files\Microsoft SQL Server\100\DTS\Binn\;C:\Program Files (x86)\Microsoft SQL Server\100\Tools\Binn\VSShell\Common7\IDE\;C:\Program Files (x86)\Microsoft Visual Studio 9.0\Common7\IDE\PrivateAssemblies\;C:\Program Files (x86)\Microsoft SQL Server\100\DTS\Binn\;C:\Program Files\NVIDIA Corporation\NVIDIA NvDLISR;D:\eclipse;;.]
[ INFO ] [2019-03-27 10:16:31] org.apache.jasper.servlet.TldScanner [180] - At least one JAR was scanned for TLDs yet contained no TLDs. Enable debug logging for this logger for a complete list of JARs that were scanned but no TLDs were found in them. Skipping unneeded JARs during scanning can improve startup time and JSP compilation time.
[ INFO ] [2019-03-27 10:16:31] org.apache.catalina.core.ContainerBase.[Tomcat].[localhost].[/] [180] - Initializing Spring embedded WebApplicationContext
[ INFO ] [2019-03-27 10:16:31] org.springframework.web.context.ContextLoader [296] - Root WebApplicationContext: initialization completed in 17826 ms
[ INFO ] [2019-03-27 10:16:31] org.springframework.boot.web.servlet.ServletRegistrationBean [187] - Servlet dispatcherServlet mapped to [/]
[ INFO ] [2019-03-27 10:16:31] org.springframework.boot.web.servlet.FilterRegistrationBean [245] - Mapping filter: 'characterEncodingFilter' to: [/*]
[ INFO ] [2019-03-27 10:16:31] org.springframework.boot.web.servlet.FilterRegistrationBean [245] - Mapping filter: 'hiddenHttpMethodFilter' to: [/*]
[ INFO ] [2019-03-27 10:16:31] org.springframework.boot.web.servlet.FilterRegistrationBean [245] - Mapping filter: 'httpPutFormContentFilter' to: [/*]
[ INFO ] [2019-03-27 10:16:31] org.springframework.boot.web.servlet.FilterRegistrationBean [245] - Mapping filter: 'requestContextFilter' to: [/*]
[ INFO ] [2019-03-27 10:16:33] org.springframework.web.servlet.handler.SimpleUrlHandlerMapping [373] - Mapped URL path [/**/favicon.ico] onto handler of type [class org.springframework.web.servlet.resource.ResourceHttpRequestHandler]
[ INFO ] [2019-03-27 10:16:34] org.springframework.web.servlet.mvc.method.annotation.RequestMappingHandlerAdapter [588] - Looking for @ControllerAdvice: org.springframework.boot.web.servlet.context.AnnotationConfigServletWebServerApplicationContext@50fb7a8a: startup date [Wed Mar 27 10:16:13 CST 2019]; root of context hierarchy
[ INFO ] [2019-03-27 10:16:34] org.springframework.web.servlet.mvc.method.annotation.RequestMappingHandlerMapping [550] - Mapped "{[/BlanksCtrl.save]}" onto public java.lang.String shiyan.controller.BlanksCtrl.save() throws java.lang.Exception
[ INFO ] [2019-03-27 10:16:34] org.springframework.web.servlet.mvc.method.annotation.RequestMappingHandlerMapping [550] - Mapped "{[/BlanksCtrl.search]}" onto public java.lang.String shiyan.controller.BlanksCtrl.search() throws java.lang.Exception
[ INFO ] [2019-03-27 10:16:34] org.springframework.web.servlet.mvc.method.annotation.RequestMappingHandlerMapping [550] - Mapped "{[/BlanksCtrl.presave]}" onto public java.lang.String shiyan.controller.BlanksCtrl.presave() throws java.lang.Exception
[ INFO ] [2019-03-27 10:16:34] org.springframework.web.servlet.mvc.method.annotation.RequestMappingHandlerMapping [550] - Mapped "{[/BlanksCtrl.del]}" onto public java.lang.String shiyan.controller.BlanksCtrl.del() throws java.lang.Exception
[ INFO ] [2019-03-27 10:16:34] org.springframework.web.servlet.mvc.method.annotation.RequestMappingHandlerMapping [550] - Mapped "{[/ChoiceCtrl.save]}" onto public java.lang.String shiyan.controller.ChoiceCtrl.save() throws java.lang.Exception
[ INFO ] [2019-03-27 10:16:34] org.springframework.web.servlet.mvc.method.annotation.RequestMappingHandlerMapping [550] - Mapped "{[/ChoiceCtrl.search]}" onto public java.lang.String shiyan.controller.ChoiceCtrl.search() throws java.lang.Exception
[ INFO ] [2019-03-27 10:16:34] org.springframework.web.servlet.mvc.method.annotation.RequestMappingHandlerMapping [550] - Mapped "{[/ChoiceCtrl.presave]}" onto public java.lang.String shiyan.controller.ChoiceCtrl.presave() throws java.lang.Exception
[ INFO ] [2019-03-27 10:16:34] org.springframework.web.servlet.mvc.method.annotation.RequestMappingHandlerMapping [550] - Mapped "{[/ChoiceCtrl.del]}" onto public java.lang.String shiyan.controller.ChoiceCtrl.del() throws java.lang.Exception
[ INFO ] [2019-03-27 10:16:34] org.springframework.web.servlet.mvc.method.annotation.RequestMappingHandlerMapping [550] - Mapped "{[/DotitleCtrl.save]}" onto public java.lang.String shiyan.controller.DotitleCtrl.save() throws java.lang.Exception
[ INFO ] [2019-03-27 10:16:34] org.springframework.web.servlet.mvc.method.annotation.RequestMappingHandlerMapping [550] - Mapped "{[/DotitleCtrl.search]}" onto public java.lang.String shiyan.controller.DotitleCtrl.search() throws java.lang.Exception
[ INFO ] [2019-03-27 10:16:34] org.springframework.web.servlet.mvc.method.annotation.RequestMappingHandlerMapping [550] - Mapped "{[/DotitleCtrl.presave]}" onto public java.lang.String shiyan.controller.DotitleCtrl.presave() throws java.lang.Exception
[ INFO ] [2019-03-27 10:16:34] org.springframework.web.servlet.mvc.method.annotation.RequestMappingHandlerMapping [550] - Mapped "{[/DotitleCtrl.del]}" onto public java.lang.String shiyan.controller.DotitleCtrl.del() throws java.lang.Exception
[ INFO ] [2019-03-27 10:16:34] org.springframework.web.servlet.mvc.method.annotation.RequestMappingHandlerMapping [550] - Mapped "{[/JudgmentCrtl.save]}" onto public java.lang.String shiyan.controller.JudgmentCrtl.save() throws java.lang.Exception
[ INFO ] [2019-03-27 10:16:34] org.springframework.web.servlet.mvc.method.annotation.RequestMappingHandlerMapping [550] - Mapped "{[/JudgmentCrtl.search]}" onto public java.lang.String shiyan.controller.JudgmentCrtl.search() throws java.lang.Exception
[ INFO ] [2019-03-27 10:16:34] org.springframework.web.servlet.mvc.method.annotation.RequestMappingHandlerMapping [550] - Mapped "{[/JudgmentCrtl.presave]}" onto public java.lang.String shiyan.controller.JudgmentCrtl.presave() throws java.lang.Exception
[ INFO ] [2019-03-27 10:16:34] org.springframework.web.servlet.mvc.method.annotation.RequestMappingHandlerMapping [550] - Mapped "{[/JudgmentCrtl.del]}" onto public java.lang.String shiyan.controller.JudgmentCrtl.del() throws java.lang.Exception
[ INFO ] [2019-03-27 10:16:34] org.springframework.web.servlet.mvc.method.annotation.RequestMappingHandlerMapping [550] - Mapped "{[/LoginCtrl.login],methods=[POST]}" onto public java.lang.String shiyan.controller.LoginCtrl.login(shiyan.table.Tuser) throws java.lang.Exception
[ INFO ] [2019-03-27 10:16:34] org.springframework.web.servlet.mvc.method.annotation.RequestMappingHandlerMapping [550] - Mapped "{[/LoginCtrl.outlogin]}" onto public java.lang.String shiyan.controller.LoginCtrl.logout() throws java.lang.Exception
[ INFO ] [2019-03-27 10:16:34] org.springframework.web.servlet.mvc.method.annotation.RequestMappingHandlerMapping [550] - Mapped "{[/LoginCtrl.getlogin]}" onto public java.lang.String shiyan.controller.LoginCtrl.getLoginUser() throws java.lang.Exception
[ INFO ] [2019-03-27 10:16:34] org.springframework.web.servlet.mvc.method.annotation.RequestMappingHandlerMapping [550] - Mapped "{[/MistakesCtrl.save]}" onto public java.lang.String shiyan.controller.MistakesCtrl.save() throws java.lang.Exception
[ INFO ] [2019-03-27 10:16:34] org.springframework.web.servlet.mvc.method.annotation.RequestMappingHandlerMapping [550] - Mapped "{[/MistakesCtrl.search]}" onto public java.lang.String shiyan.controller.MistakesCtrl.search() throws java.lang.Exception
[ INFO ] [2019-03-27 10:16:34] org.springframework.web.servlet.mvc.method.annotation.RequestMappingHandlerMapping [550] - Mapped "{[/MistakesCtrl.presave]}" onto public java.lang.String shiyan.controller.MistakesCtrl.presave() throws java.lang.Exception
[ INFO ] [2019-03-27 10:16:34] org.springframework.web.servlet.mvc.method.annotation.RequestMappingHandlerMapping [550] - Mapped "{[/MistakesCtrl.del]}" onto public java.lang.String shiyan.controller.MistakesCtrl.del() throws java.lang.Exception
[ INFO ] [2019-03-27 10:16:35] org.springframework.web.servlet.mvc.method.annotation.RequestMappingHandlerMapping [550] - Mapped "{[/PointsCtrl.save]}" onto public java.lang.String shiyan.controller.PointsCtrl.save() throws java.lang.Exception
[ INFO ] [2019-03-27 10:16:35] org.springframework.web.servlet.mvc.method.annotation.RequestMappingHandlerMapping [550] - Mapped "{[/PointsCtrl.search]}" onto public java.lang.String shiyan.controller.PointsCtrl.search() throws java.lang.Exception
[ INFO ] [2019-03-27 10:16:35] org.springframework.web.servlet.mvc.method.annotation.RequestMappingHandlerMapping [550] - Mapped "{[/PointsCtrl.presave]}" onto public java.lang.String shiyan.controller.PointsCtrl.presave() throws java.lang.Exception
[ INFO ] [2019-03-27 10:16:35] org.springframework.web.servlet.mvc.method.annotation.RequestMappingHandlerMapping [550] - Mapped "{[/PointsCtrl.del]}" onto public java.lang.String shiyan.controller.PointsCtrl.del() throws java.lang.Exception
[ INFO ] [2019-03-27 10:16:35] org.springframework.web.servlet.mvc.method.annotation.RequestMappingHandlerMapping [550] - Mapped "{[/QaquestionCtrl.save]}" onto public java.lang.String shiyan.controller.QaquestionCtrl.save() throws java.lang.Exception
[ INFO ] [2019-03-27 10:16:35] org.springframework.web.servlet.mvc.method.annotation.RequestMappingHandlerMapping [550] - Mapped "{[/QaquestionCtrl.search]}" onto public java.lang.String shiyan.controller.QaquestionCtrl.search() throws java.lang.Exception
[ INFO ] [2019-03-27 10:16:35] org.springframework.web.servlet.mvc.method.annotation.RequestMappingHandlerMapping [550] - Mapped "{[/QaquestionCtrl.presave]}" onto public java.lang.String shiyan.controller.QaquestionCtrl.presave() throws java.lang.Exception
[ INFO ] [2019-03-27 10:16:35] org.springframework.web.servlet.mvc.method.annotation.RequestMappingHandlerMapping [550] - Mapped "{[/QaquestionCtrl.del]}" onto public java.lang.String shiyan.controller.QaquestionCtrl.del() throws java.lang.Exception
[ INFO ] [2019-03-27 10:16:35] org.springframework.web.servlet.mvc.method.annotation.RequestMappingHandlerMapping [550] - Mapped "{[/TestpaperCtrl.save]}" onto public java.lang.String shiyan.controller.TestpaperCtrl.save() throws java.lang.Exception
[ INFO ] [2019-03-27 10:16:35] org.springframework.web.servlet.mvc.method.annotation.RequestMappingHandlerMapping [550] - Mapped "{[/TestpaperCtrl.search]}" onto public java.lang.String shiyan.controller.TestpaperCtrl.search() throws java.lang.Exception
[ INFO ] [2019-03-27 10:16:35] org.springframework.web.servlet.mvc.method.annotation.RequestMappingHandlerMapping [550] - Mapped "{[/TestpaperCtrl.presave]}" onto public java.lang.String shiyan.controller.TestpaperCtrl.presave() throws java.lang.Exception
[ INFO ] [2019-03-27 10:16:35] org.springframework.web.servlet.mvc.method.annotation.RequestMappingHandlerMapping [550] - Mapped "{[/TestpaperCtrl.del]}" onto public java.lang.String shiyan.controller.TestpaperCtrl.del() throws java.lang.Exception
[ INFO ] [2019-03-27 10:16:35] org.springframework.web.servlet.mvc.method.annotation.RequestMappingHandlerMapping [550] - Mapped "{[/TuserCtrl.save]}" onto public java.lang.String shiyan.controller.TuserCtrl.save() throws java.lang.Exception
[ INFO ] [2019-03-27 10:16:35] org.springframework.web.servlet.mvc.method.annotation.RequestMappingHandlerMapping [550] - Mapped "{[/TuserCtrl.search]}" onto public java.lang.String shiyan.controller.TuserCtrl.search() throws java.lang.Exception
[ INFO ] [2019-03-27 10:16:35] org.springframework.web.servlet.mvc.method.annotation.RequestMappingHandlerMapping [550] - Mapped "{[/TuserCtrl.presave]}" onto public java.lang.String shiyan.controller.TuserCtrl.presave() throws java.lang.Exception
[ INFO ] [2019-03-27 10:16:35] org.springframework.web.servlet.mvc.method.annotation.RequestMappingHandlerMapping [550] - Mapped "{[/TuserCtrl.del]}" onto public java.lang.String shiyan.controller.TuserCtrl.del() throws java.lang.Exception
[ INFO ] [2019-03-27 10:16:35] org.springframework.web.servlet.mvc.method.annotation.RequestMappingHandlerMapping [550] - Mapped "{[/error]}" onto public org.springframework.http.ResponseEntity<java.util.Map<java.lang.String, java.lang.Object>> org.springframework.boot.autoconfigure.web.servlet.error.BasicErrorController.error(javax.servlet.http.HttpServletRequest)
[ INFO ] [2019-03-27 10:16:35] org.springframework.web.servlet.mvc.method.annotation.RequestMappingHandlerMapping [550] - Mapped "{[/error],produces=[text/html]}" onto public org.springframework.web.servlet.ModelAndView org.springframework.boot.autoconfigure.web.servlet.error.BasicErrorController.errorHtml(javax.servlet.http.HttpServletRequest,javax.servlet.http.HttpServletResponse)
[ INFO ] [2019-03-27 10:16:35] org.springframework.web.servlet.handler.SimpleUrlHandlerMapping [373] - Mapped URL path [/webjars/**] onto handler of type [class org.springframework.web.servlet.resource.ResourceHttpRequestHandler]
[ INFO ] [2019-03-27 10:16:35] org.springframework.web.servlet.handler.SimpleUrlHandlerMapping [373] - Mapped URL path [/**] onto handler of type [class org.springframework.web.servlet.resource.ResourceHttpRequestHandler]
[ INFO ] [2019-03-27 10:16:35] org.springframework.boot.autoconfigure.web.servlet.WelcomePageHandlerMapping [56] - Adding welcome page: ServletContext resource [/index.html]
[ INFO ] [2019-03-27 10:16:36] org.springframework.boot.devtools.autoconfigure.OptionalLiveReloadServer [57] - LiveReload server is running on port 35729
[ INFO ] [2019-03-27 10:16:36] org.springframework.jmx.export.annotation.AnnotationMBeanExporter [433] - Registering beans for JMX exposure on startup
[ INFO ] [2019-03-27 10:16:36] org.springframework.jmx.export.annotation.AnnotationMBeanExporter [895] - Bean with name 'dataSource' has been autodetected for JMX exposure
[ INFO ] [2019-03-27 10:16:36] org.springframework.jmx.export.annotation.AnnotationMBeanExporter [668] - Located MBean 'dataSource': registering with JMX server as MBean [com.alibaba.druid.pool:name=dataSource,type=DruidDataSource]
[ INFO ] [2019-03-27 10:16:36] org.apache.coyote.http11.Http11NioProtocol [180] - Starting ProtocolHandler ["http-nio-8080"]
[ INFO ] [2019-03-27 10:16:37] org.apache.tomcat.util.net.NioSelectorPool [180] - Using a shared selector for servlet write/read
[ INFO ] [2019-03-27 10:16:37] org.springframework.boot.web.embedded.tomcat.TomcatWebServer [206] - Tomcat started on port(s): 8080 (http) with context path ''
[ INFO ] [2019-03-27 10:16:37] shiyan.Start [59] - Started Start in 39.096 seconds (JVM running for 124.221)
[ INFO ] [2019-03-27 10:18:03] org.apache.catalina.core.ContainerBase.[Tomcat].[localhost].[/] [180] - Initializing Spring FrameworkServlet 'dispatcherServlet'
[ INFO ] [2019-03-27 10:18:03] org.springframework.web.servlet.DispatcherServlet [497] - FrameworkServlet 'dispatcherServlet': initialization started
[ INFO ] [2019-03-27 10:18:03] org.springframework.web.servlet.DispatcherServlet [512] - FrameworkServlet 'dispatcherServlet': initialization completed in 40 ms
[ INFO ] [2019-03-27 10:28:31] com.alibaba.druid.pool.DruidDataSource [930] - {dataSource-1} inited
[ INFO ] [2019-03-27 11:27:16] shiyan.Start [50] - Starting Start on anstar-PC with PID 2316 (D:\git\web-Item-bank-system\target\classes started by anstar in D:\git\web-Item-bank-system)
[ INFO ] [2019-03-27 11:27:16] shiyan.Start [654] - No active profile set, falling back to default profiles: default
[ INFO ] [2019-03-27 11:27:16] org.springframework.boot.web.servlet.context.AnnotationConfigServletWebServerApplicationContext [588] - Refreshing org.springframework.boot.web.servlet.context.AnnotationConfigServletWebServerApplicationContext@3d8d9536: startup date [Wed Mar 27 11:27:16 CST 2019]; root of context hierarchy
[ INFO ] [2019-03-27 11:27:23] org.springframework.boot.web.embedded.tomcat.TomcatWebServer [91] - Tomcat initialized with port(s): 8080 (http)
[ INFO ] [2019-03-27 11:27:24] org.apache.coyote.http11.Http11NioProtocol [180] - Initializing ProtocolHandler ["http-nio-8080"]
[ INFO ] [2019-03-27 11:27:24] org.apache.catalina.core.StandardService [180] - Starting service [Tomcat]
[ INFO ] [2019-03-27 11:27:24] org.apache.catalina.core.StandardEngine [180] - Starting Servlet Engine: Apache Tomcat/9.0.2
[ INFO ] [2019-03-27 11:27:24] org.apache.catalina.core.AprLifecycleListener [180] - The APR based Apache Tomcat Native library which allows optimal performance in production environments was not found on the java.library.path: [C:\Program Files\Java\jre1.8.0_161\bin;C:\Windows\Sun\Java\bin;C:\Windows\system32;C:\Windows;C:/Program Files/Java/jre1.8.0_161/bin/server;C:/Program Files/Java/jre1.8.0_161/bin;C:/Program Files/Java/jre1.8.0_161/lib/amd64;D:\apache-maven-3.5.3\bin;C:\ProgramData\Oracle\Java\javapath;C:\Windows\system32;C:\Windows;C:\Windows\System32\Wbem;C:\Windows\System32\WindowsPowerShell\v1.0\;C:\Program Files (x86)\NVIDIA Corporation\PhysX\Common;C:\Program Files\Java\jdk1.8.0_161\bin;C:\Program Files\Java\jdk1.8.0_161\jre\bin;C:\Program Files (x86)\Microsoft SQL Server\100\Tools\Binn\;C:\Program Files\Microsoft SQL Server\100\Tools\Binn\;C:\Program Files\Microsoft SQL Server\100\DTS\Binn\;C:\Program Files (x86)\Microsoft SQL Server\100\Tools\Binn\VSShell\Common7\IDE\;C:\Program Files (x86)\Microsoft Visual Studio 9.0\Common7\IDE\PrivateAssemblies\;C:\Program Files (x86)\Microsoft SQL Server\100\DTS\Binn\;C:\Program Files\NVIDIA Corporation\NVIDIA NvDLISR;D:\eclipse;;.]
[ INFO ] [2019-03-27 11:27:24] org.apache.jasper.servlet.TldScanner [180] - At least one JAR was scanned for TLDs yet contained no TLDs. Enable debug logging for this logger for a complete list of JARs that were scanned but no TLDs were found in them. Skipping unneeded JARs during scanning can improve startup time and JSP compilation time.
[ INFO ] [2019-03-27 11:27:24] org.apache.catalina.core.ContainerBase.[Tomcat].[localhost].[/] [180] - Initializing Spring embedded WebApplicationContext
[ INFO ] [2019-03-27 11:27:24] org.springframework.web.context.ContextLoader [296] - Root WebApplicationContext: initialization completed in 8031 ms
[ INFO ] [2019-03-27 11:27:24] org.springframework.boot.web.servlet.ServletRegistrationBean [187] - Servlet dispatcherServlet mapped to [/]
[ INFO ] [2019-03-27 11:27:24] org.springframework.boot.web.servlet.FilterRegistrationBean [245] - Mapping filter: 'characterEncodingFilter' to: [/*]
[ INFO ] [2019-03-27 11:27:24] org.springframework.boot.web.servlet.FilterRegistrationBean [245] - Mapping filter: 'hiddenHttpMethodFilter' to: [/*]
[ INFO ] [2019-03-27 11:27:24] org.springframework.boot.web.servlet.FilterRegistrationBean [245] - Mapping filter: 'httpPutFormContentFilter' to: [/*]
[ INFO ] [2019-03-27 11:27:24] org.springframework.boot.web.servlet.FilterRegistrationBean [245] - Mapping filter: 'requestContextFilter' to: [/*]
[ INFO ] [2019-03-27 11:27:26] org.springframework.web.servlet.handler.SimpleUrlHandlerMapping [373] - Mapped URL path [/**/favicon.ico] onto handler of type [class org.springframework.web.servlet.resource.ResourceHttpRequestHandler]
[ INFO ] [2019-03-27 11:27:28] org.springframework.web.servlet.mvc.method.annotation.RequestMappingHandlerAdapter [588] - Looking for @ControllerAdvice: org.springframework.boot.web.servlet.context.AnnotationConfigServletWebServerApplicationContext@3d8d9536: startup date [Wed Mar 27 11:27:16 CST 2019]; root of context hierarchy
[ INFO ] [2019-03-27 11:27:28] org.springframework.web.servlet.mvc.method.annotation.RequestMappingHandlerMapping [550] - Mapped "{[/BlanksCtrl.save]}" onto public java.lang.String shiyan.controller.BlanksCtrl.save() throws java.lang.Exception
[ INFO ] [2019-03-27 11:27:28] org.springframework.web.servlet.mvc.method.annotation.RequestMappingHandlerMapping [550] - Mapped "{[/BlanksCtrl.search]}" onto public java.lang.String shiyan.controller.BlanksCtrl.search() throws java.lang.Exception
[ INFO ] [2019-03-27 11:27:28] org.springframework.web.servlet.mvc.method.annotation.RequestMappingHandlerMapping [550] - Mapped "{[/BlanksCtrl.presave]}" onto public java.lang.String shiyan.controller.BlanksCtrl.presave() throws java.lang.Exception
[ INFO ] [2019-03-27 11:27:28] org.springframework.web.servlet.mvc.method.annotation.RequestMappingHandlerMapping [550] - Mapped "{[/BlanksCtrl.del]}" onto public java.lang.String shiyan.controller.BlanksCtrl.del() throws java.lang.Exception
[ INFO ] [2019-03-27 11:27:28] org.springframework.web.servlet.mvc.method.annotation.RequestMappingHandlerMapping [550] - Mapped "{[/ChoiceCtrl.save]}" onto public java.lang.String shiyan.controller.ChoiceCtrl.save() throws java.lang.Exception
[ INFO ] [2019-03-27 11:27:28] org.springframework.web.servlet.mvc.method.annotation.RequestMappingHandlerMapping [550] - Mapped "{[/ChoiceCtrl.search]}" onto public java.lang.String shiyan.controller.ChoiceCtrl.search() throws java.lang.Exception
[ INFO ] [2019-03-27 11:27:28] org.springframework.web.servlet.mvc.method.annotation.RequestMappingHandlerMapping [550] - Mapped "{[/ChoiceCtrl.presave]}" onto public java.lang.String shiyan.controller.ChoiceCtrl.presave() throws java.lang.Exception
[ INFO ] [2019-03-27 11:27:28] org.springframework.web.servlet.mvc.method.annotation.RequestMappingHandlerMapping [550] - Mapped "{[/ChoiceCtrl.del]}" onto public java.lang.String shiyan.controller.ChoiceCtrl.del() throws java.lang.Exception
[ INFO ] [2019-03-27 11:27:28] org.springframework.web.servlet.mvc.method.annotation.RequestMappingHandlerMapping [550] - Mapped "{[/DotitleCtrl.save]}" onto public java.lang.String shiyan.controller.DotitleCtrl.save() throws java.lang.Exception
[ INFO ] [2019-03-27 11:27:28] org.springframework.web.servlet.mvc.method.annotation.RequestMappingHandlerMapping [550] - Mapped "{[/DotitleCtrl.search]}" onto public java.lang.String shiyan.controller.DotitleCtrl.search() throws java.lang.Exception
[ INFO ] [2019-03-27 11:27:28] org.springframework.web.servlet.mvc.method.annotation.RequestMappingHandlerMapping [550] - Mapped "{[/DotitleCtrl.presave]}" onto public java.lang.String shiyan.controller.DotitleCtrl.presave() throws java.lang.Exception
[ INFO ] [2019-03-27 11:27:28] org.springframework.web.servlet.mvc.method.annotation.RequestMappingHandlerMapping [550] - Mapped "{[/DotitleCtrl.del]}" onto public java.lang.String shiyan.controller.DotitleCtrl.del() throws java.lang.Exception
[ INFO ] [2019-03-27 11:27:28] org.springframework.web.servlet.mvc.method.annotation.RequestMappingHandlerMapping [550] - Mapped "{[/JudgmentCrtl.save]}" onto public java.lang.String shiyan.controller.JudgmentCrtl.save() throws java.lang.Exception
[ INFO ] [2019-03-27 11:27:28] org.springframework.web.servlet.mvc.method.annotation.RequestMappingHandlerMapping [550] - Mapped "{[/JudgmentCrtl.search]}" onto public java.lang.String shiyan.controller.JudgmentCrtl.search() throws java.lang.Exception
[ INFO ] [2019-03-27 11:27:28] org.springframework.web.servlet.mvc.method.annotation.RequestMappingHandlerMapping [550] - Mapped "{[/JudgmentCrtl.presave]}" onto public java.lang.String shiyan.controller.JudgmentCrtl.presave() throws java.lang.Exception
[ INFO ] [2019-03-27 11:27:28] org.springframework.web.servlet.mvc.method.annotation.RequestMappingHandlerMapping [550] - Mapped "{[/JudgmentCrtl.del]}" onto public java.lang.String shiyan.controller.JudgmentCrtl.del() throws java.lang.Exception
[ INFO ] [2019-03-27 11:27:28] org.springframework.web.servlet.mvc.method.annotation.RequestMappingHandlerMapping [550] - Mapped "{[/LoginCtrl.login],methods=[POST]}" onto public java.lang.String shiyan.controller.LoginCtrl.login(shiyan.table.Tuser) throws java.lang.Exception
[ INFO ] [2019-03-27 11:27:28] org.springframework.web.servlet.mvc.method.annotation.RequestMappingHandlerMapping [550] - Mapped "{[/LoginCtrl.outlogin]}" onto public java.lang.String shiyan.controller.LoginCtrl.logout() throws java.lang.Exception
[ INFO ] [2019-03-27 11:27:28] org.springframework.web.servlet.mvc.method.annotation.RequestMappingHandlerMapping [550] - Mapped "{[/LoginCtrl.getlogin]}" onto public java.lang.String shiyan.controller.LoginCtrl.getLoginUser() throws java.lang.Exception
[ INFO ] [2019-03-27 11:27:28] org.springframework.web.servlet.mvc.method.annotation.RequestMappingHandlerMapping [550] - Mapped "{[/MistakesCtrl.save]}" onto public java.lang.String shiyan.controller.MistakesCtrl.save() throws java.lang.Exception
[ INFO ] [2019-03-27 11:27:28] org.springframework.web.servlet.mvc.method.annotation.RequestMappingHandlerMapping [550] - Mapped "{[/MistakesCtrl.search]}" onto public java.lang.String shiyan.controller.MistakesCtrl.search() throws java.lang.Exception
[ INFO ] [2019-03-27 11:27:28] org.springframework.web.servlet.mvc.method.annotation.RequestMappingHandlerMapping [550] - Mapped "{[/MistakesCtrl.presave]}" onto public java.lang.String shiyan.controller.MistakesCtrl.presave() throws java.lang.Exception
[ INFO ] [2019-03-27 11:27:28] org.springframework.web.servlet.mvc.method.annotation.RequestMappingHandlerMapping [550] - Mapped "{[/MistakesCtrl.del]}" onto public java.lang.String shiyan.controller.MistakesCtrl.del() throws java.lang.Exception
[ INFO ] [2019-03-27 11:27:28] org.springframework.web.servlet.mvc.method.annotation.RequestMappingHandlerMapping [550] - Mapped "{[/PointsCtrl.save]}" onto public java.lang.String shiyan.controller.PointsCtrl.save() throws java.lang.Exception
[ INFO ] [2019-03-27 11:27:28] org.springframework.web.servlet.mvc.method.annotation.RequestMappingHandlerMapping [550] - Mapped "{[/PointsCtrl.search]}" onto public java.lang.String shiyan.controller.PointsCtrl.search() throws java.lang.Exception
[ INFO ] [2019-03-27 11:27:28] org.springframework.web.servlet.mvc.method.annotation.RequestMappingHandlerMapping [550] - Mapped "{[/PointsCtrl.presave]}" onto public java.lang.String shiyan.controller.PointsCtrl.presave() throws java.lang.Exception
[ INFO ] [2019-03-27 11:27:28] org.springframework.web.servlet.mvc.method.annotation.RequestMappingHandlerMapping [550] - Mapped "{[/PointsCtrl.del]}" onto public java.lang.String shiyan.controller.PointsCtrl.del() throws java.lang.Exception
[ INFO ] [2019-03-27 11:27:28] org.springframework.web.servlet.mvc.method.annotation.RequestMappingHandlerMapping [550] - Mapped "{[/QaquestionCtrl.save]}" onto public java.lang.String shiyan.controller.QaquestionCtrl.save() throws java.lang.Exception
[ INFO ] [2019-03-27 11:27:28] org.springframework.web.servlet.mvc.method.annotation.RequestMappingHandlerMapping [550] - Mapped "{[/QaquestionCtrl.search]}" onto public java.lang.String shiyan.controller.QaquestionCtrl.search() throws java.lang.Exception
[ INFO ] [2019-03-27 11:27:28] org.springframework.web.servlet.mvc.method.annotation.RequestMappingHandlerMapping [550] - Mapped "{[/QaquestionCtrl.presave]}" onto public java.lang.String shiyan.controller.QaquestionCtrl.presave() throws java.lang.Exception
[ INFO ] [2019-03-27 11:27:28] org.springframework.web.servlet.mvc.method.annotation.RequestMappingHandlerMapping [550] - Mapped "{[/QaquestionCtrl.del]}" onto public java.lang.String shiyan.controller.QaquestionCtrl.del() throws java.lang.Exception
[ INFO ] [2019-03-27 11:27:28] org.springframework.web.servlet.mvc.method.annotation.RequestMappingHandlerMapping [550] - Mapped "{[/TestpaperCtrl.save]}" onto public java.lang.String shiyan.controller.TestpaperCtrl.save() throws java.lang.Exception
[ INFO ] [2019-03-27 11:27:28] org.springframework.web.servlet.mvc.method.annotation.RequestMappingHandlerMapping [550] - Mapped "{[/TestpaperCtrl.search]}" onto public java.lang.String shiyan.controller.TestpaperCtrl.search() throws java.lang.Exception
[ INFO ] [2019-03-27 11:27:28] org.springframework.web.servlet.mvc.method.annotation.RequestMappingHandlerMapping [550] - Mapped "{[/TestpaperCtrl.presave]}" onto public java.lang.String shiyan.controller.TestpaperCtrl.presave() throws java.lang.Exception
[ INFO ] [2019-03-27 11:27:28] org.springframework.web.servlet.mvc.method.annotation.RequestMappingHandlerMapping [550] - Mapped "{[/TestpaperCtrl.del]}" onto public java.lang.String shiyan.controller.TestpaperCtrl.del() throws java.lang.Exception
[ INFO ] [2019-03-27 11:27:28] org.springframework.web.servlet.mvc.method.annotation.RequestMappingHandlerMapping [550] - Mapped "{[/TuserCtrl.save]}" onto public java.lang.String shiyan.controller.TuserCtrl.save() throws java.lang.Exception
[ INFO ] [2019-03-27 11:27:28] org.springframework.web.servlet.mvc.method.annotation.RequestMappingHandlerMapping [550] - Mapped "{[/TuserCtrl.search]}" onto public java.lang.String shiyan.controller.TuserCtrl.search() throws java.lang.Exception
[ INFO ] [2019-03-27 11:27:28] org.springframework.web.servlet.mvc.method.annotation.RequestMappingHandlerMapping [550] - Mapped "{[/TuserCtrl.presave]}" onto public java.lang.String shiyan.controller.TuserCtrl.presave() throws java.lang.Exception
[ INFO ] [2019-03-27 11:27:28] org.springframework.web.servlet.mvc.method.annotation.RequestMappingHandlerMapping [550] - Mapped "{[/TuserCtrl.del]}" onto public java.lang.String shiyan.controller.TuserCtrl.del() throws java.lang.Exception
[ INFO ] [2019-03-27 11:27:28] org.springframework.web.servlet.mvc.method.annotation.RequestMappingHandlerMapping [550] - Mapped "{[/error]}" onto public org.springframework.http.ResponseEntity<java.util.Map<java.lang.String, java.lang.Object>> org.springframework.boot.autoconfigure.web.servlet.error.BasicErrorController.error(javax.servlet.http.HttpServletRequest)
[ INFO ] [2019-03-27 11:27:28] org.springframework.web.servlet.mvc.method.annotation.RequestMappingHandlerMapping [550] - Mapped "{[/error],produces=[text/html]}" onto public org.springframework.web.servlet.ModelAndView org.springframework.boot.autoconfigure.web.servlet.error.BasicErrorController.errorHtml(javax.servlet.http.HttpServletRequest,javax.servlet.http.HttpServletResponse)
[ INFO ] [2019-03-27 11:27:28] org.springframework.web.servlet.handler.SimpleUrlHandlerMapping [373] - Mapped URL path [/webjars/**] onto handler of type [class org.springframework.web.servlet.resource.ResourceHttpRequestHandler]
[ INFO ] [2019-03-27 11:27:28] org.springframework.web.servlet.handler.SimpleUrlHandlerMapping [373] - Mapped URL path [/**] onto handler of type [class org.springframework.web.servlet.resource.ResourceHttpRequestHandler]
[ INFO ] [2019-03-27 11:27:29] org.springframework.boot.autoconfigure.web.servlet.WelcomePageHandlerMapping [56] - Adding welcome page: ServletContext resource [/index.html]
[ INFO ] [2019-03-27 11:27:29] org.springframework.boot.devtools.autoconfigure.OptionalLiveReloadServer [57] - LiveReload server is running on port 35729
[ INFO ] [2019-03-27 11:27:29] org.springframework.jmx.export.annotation.AnnotationMBeanExporter [433] - Registering beans for JMX exposure on startup
[ INFO ] [2019-03-27 11:27:29] org.springframework.jmx.export.annotation.AnnotationMBeanExporter [895] - Bean with name 'dataSource' has been autodetected for JMX exposure
[ INFO ] [2019-03-27 11:27:29] org.springframework.jmx.export.annotation.AnnotationMBeanExporter [668] - Located MBean 'dataSource': registering with JMX server as MBean [com.alibaba.druid.pool:name=dataSource,type=DruidDataSource]
[ INFO ] [2019-03-27 11:27:30] org.apache.coyote.http11.Http11NioProtocol [180] - Starting ProtocolHandler ["http-nio-8080"]
[ INFO ] [2019-03-27 11:27:30] org.apache.tomcat.util.net.NioSelectorPool [180] - Using a shared selector for servlet write/read
[ INFO ] [2019-03-27 11:27:30] org.springframework.boot.web.embedded.tomcat.TomcatWebServer [206] - Tomcat started on port(s): 8080 (http) with context path ''
[ INFO ] [2019-03-27 11:27:30] shiyan.Start [59] - Started Start in 16.57 seconds (JVM running for 20.476)
[ INFO ] [2019-03-27 11:27:37] org.apache.catalina.core.ContainerBase.[Tomcat].[localhost].[/] [180] - Initializing Spring FrameworkServlet 'dispatcherServlet'
[ INFO ] [2019-03-27 11:27:37] org.springframework.web.servlet.DispatcherServlet [497] - FrameworkServlet 'dispatcherServlet': initialization started
[ INFO ] [2019-03-27 11:27:37] org.springframework.web.servlet.DispatcherServlet [512] - FrameworkServlet 'dispatcherServlet': initialization completed in 64 ms
[ INFO ] [2019-03-27 11:27:44] com.alibaba.druid.pool.DruidDataSource [930] - {dataSource-1} inited
