[ INFO ] [2019-04-25 09:35:55] shiyan.Start [50] - Starting Start on anstar-PC with PID 6248 (D:\git\web-Item-bank-system\target\classes started by anstar in D:\git\web-Item-bank-system)
[ INFO ] [2019-04-25 09:35:55] shiyan.Start [654] - No active profile set, falling back to default profiles: default
[ INFO ] [2019-04-25 09:35:55] org.springframework.boot.web.servlet.context.AnnotationConfigServletWebServerApplicationContext [588] - Refreshing org.springframework.boot.web.servlet.context.AnnotationConfigServletWebServerApplicationContext@3d285b6a: startup date [Thu Apr 25 09:35:55 CST 2019]; root of context hierarchy
[ INFO ] [2019-04-25 09:35:58] org.springframework.boot.web.embedded.tomcat.TomcatWebServer [91] - Tomcat initialized with port(s): 8080 (http)
[ INFO ] [2019-04-25 09:35:58] org.apache.coyote.http11.Http11NioProtocol [180] - Initializing ProtocolHandler ["http-nio-8080"]
[ INFO ] [2019-04-25 09:35:59] org.apache.catalina.core.StandardService [180] - Starting service [Tomcat]
[ INFO ] [2019-04-25 09:35:59] org.apache.catalina.core.StandardEngine [180] - Starting Servlet Engine: Apache Tomcat/9.0.2
[ INFO ] [2019-04-25 09:35:59] org.apache.catalina.core.AprLifecycleListener [180] - The APR based Apache Tomcat Native library which allows optimal performance in production environments was not found on the java.library.path: [C:\Program Files\Java\jre1.8.0_161\bin;C:\Windows\Sun\Java\bin;C:\Windows\system32;C:\Windows;C:/Program Files/Java/jre1.8.0_161/bin/server;C:/Program Files/Java/jre1.8.0_161/bin;C:/Program Files/Java/jre1.8.0_161/lib/amd64;D:\apache-maven-3.5.3\bin;C:\ProgramData\Oracle\Java\javapath;C:\Windows\system32;C:\Windows;C:\Windows\System32\Wbem;C:\Windows\System32\WindowsPowerShell\v1.0\;C:\Program Files (x86)\NVIDIA Corporation\PhysX\Common;C:\Program Files\Java\jdk1.8.0_161\bin;C:\Program Files\Java\jdk1.8.0_161\jre\bin;C:\Program Files (x86)\Microsoft SQL Server\100\Tools\Binn\;C:\Program Files\Microsoft SQL Server\100\Tools\Binn\;C:\Program Files\Microsoft SQL Server\100\DTS\Binn\;C:\Program Files (x86)\Microsoft SQL Server\100\Tools\Binn\VSShell\Common7\IDE\;C:\Program Files (x86)\Microsoft Visual Studio 9.0\Common7\IDE\PrivateAssemblies\;C:\Program Files (x86)\Microsoft SQL Server\100\DTS\Binn\;C:\Program Files\NVIDIA Corporation\NVIDIA NvDLISR;D:\eclipse;;.]
[ INFO ] [2019-04-25 09:35:59] org.apache.jasper.servlet.TldScanner [180] - At least one JAR was scanned for TLDs yet contained no TLDs. Enable debug logging for this logger for a complete list of JARs that were scanned but no TLDs were found in them. Skipping unneeded JARs during scanning can improve startup time and JSP compilation time.
[ INFO ] [2019-04-25 09:35:59] org.apache.catalina.core.ContainerBase.[Tomcat].[localhost].[/] [180] - Initializing Spring embedded WebApplicationContext
[ INFO ] [2019-04-25 09:35:59] org.springframework.web.context.ContextLoader [296] - Root WebApplicationContext: initialization completed in 3931 ms
[ INFO ] [2019-04-25 09:35:59] org.springframework.boot.web.servlet.ServletRegistrationBean [187] - Servlet dispatcherServlet mapped to [/]
[ INFO ] [2019-04-25 09:35:59] org.springframework.boot.web.servlet.FilterRegistrationBean [245] - Mapping filter: 'characterEncodingFilter' to: [/*]
[ INFO ] [2019-04-25 09:35:59] org.springframework.boot.web.servlet.FilterRegistrationBean [245] - Mapping filter: 'hiddenHttpMethodFilter' to: [/*]
[ INFO ] [2019-04-25 09:35:59] org.springframework.boot.web.servlet.FilterRegistrationBean [245] - Mapping filter: 'httpPutFormContentFilter' to: [/*]
[ INFO ] [2019-04-25 09:35:59] org.springframework.boot.web.servlet.FilterRegistrationBean [245] - Mapping filter: 'requestContextFilter' to: [/*]
[ INFO ] [2019-04-25 09:36:00] org.springframework.web.servlet.handler.SimpleUrlHandlerMapping [373] - Mapped URL path [/**/favicon.ico] onto handler of type [class org.springframework.web.servlet.resource.ResourceHttpRequestHandler]
[ INFO ] [2019-04-25 09:36:00] org.springframework.web.servlet.mvc.method.annotation.RequestMappingHandlerAdapter [588] - Looking for @ControllerAdvice: org.springframework.boot.web.servlet.context.AnnotationConfigServletWebServerApplicationContext@3d285b6a: startup date [Thu Apr 25 09:35:55 CST 2019]; root of context hierarchy
[ INFO ] [2019-04-25 09:36:00] org.springframework.web.servlet.mvc.method.annotation.RequestMappingHandlerMapping [550] - Mapped "{[/DopaperCtrl.save],methods=[POST]}" onto public java.lang.String shiyan.controller.DopaperCtrl.save(java.lang.String,int) throws java.lang.Exception
[ INFO ] [2019-04-25 09:36:00] org.springframework.web.servlet.mvc.method.annotation.RequestMappingHandlerMapping [550] - Mapped "{[/DopaperCtrl.teacher_search],methods=[POST]}" onto public java.lang.String shiyan.controller.DopaperCtrl.teachersearch(int,int) throws java.lang.Exception
[ INFO ] [2019-04-25 09:36:00] org.springframework.web.servlet.mvc.method.annotation.RequestMappingHandlerMapping [550] - Mapped "{[/DopaperCtrl.student_search],methods=[POST]}" onto public java.lang.String shiyan.controller.DopaperCtrl.studentsearch(int) throws java.lang.Exception
[ INFO ] [2019-04-25 09:36:00] org.springframework.web.servlet.mvc.method.annotation.RequestMappingHandlerMapping [550] - Mapped "{[/DopaperCtrl.presave]}" onto public java.lang.String shiyan.controller.DopaperCtrl.presave() throws java.lang.Exception
[ INFO ] [2019-04-25 09:36:00] org.springframework.web.servlet.mvc.method.annotation.RequestMappingHandlerMapping [550] - Mapped "{[/DopaperCtrl.del]}" onto public java.lang.String shiyan.controller.DopaperCtrl.del() throws java.lang.Exception
[ INFO ] [2019-04-25 09:36:00] org.springframework.web.servlet.mvc.method.annotation.RequestMappingHandlerMapping [550] - Mapped "{[/LoginCtrl.getlogin]}" onto public java.lang.String shiyan.controller.LoginCtrl.getLoginUser() throws java.lang.Exception
[ INFO ] [2019-04-25 09:36:00] org.springframework.web.servlet.mvc.method.annotation.RequestMappingHandlerMapping [550] - Mapped "{[/LoginCtrl.login],methods=[POST]}" onto public java.lang.String shiyan.controller.LoginCtrl.login(shiyan.table.Tuser) throws java.lang.Exception
[ INFO ] [2019-04-25 09:36:00] org.springframework.web.servlet.mvc.method.annotation.RequestMappingHandlerMapping [550] - Mapped "{[/LoginCtrl.outlogin]}" onto public java.lang.String shiyan.controller.LoginCtrl.logout() throws java.lang.Exception
[ INFO ] [2019-04-25 09:36:00] org.springframework.web.servlet.mvc.method.annotation.RequestMappingHandlerMapping [550] - Mapped "{[/PointsCtrl.all]}" onto public java.lang.String shiyan.controller.PointsCtrl.all() throws java.lang.Exception
[ INFO ] [2019-04-25 09:36:00] org.springframework.web.servlet.mvc.method.annotation.RequestMappingHandlerMapping [550] - Mapped "{[/PointsCtrl.save]}" onto public java.lang.String shiyan.controller.PointsCtrl.save() throws java.lang.Exception
[ INFO ] [2019-04-25 09:36:00] org.springframework.web.servlet.mvc.method.annotation.RequestMappingHandlerMapping [550] - Mapped "{[/PointsCtrl.search]}" onto public java.lang.String shiyan.controller.PointsCtrl.search() throws java.lang.Exception
[ INFO ] [2019-04-25 09:36:00] org.springframework.web.servlet.mvc.method.annotation.RequestMappingHandlerMapping [550] - Mapped "{[/PointsCtrl.presave]}" onto public java.lang.String shiyan.controller.PointsCtrl.presave() throws java.lang.Exception
[ INFO ] [2019-04-25 09:36:00] org.springframework.web.servlet.mvc.method.annotation.RequestMappingHandlerMapping [550] - Mapped "{[/PointsCtrl.del]}" onto public java.lang.String shiyan.controller.PointsCtrl.del() throws java.lang.Exception
[ INFO ] [2019-04-25 09:36:00] org.springframework.web.servlet.mvc.method.annotation.RequestMappingHandlerMapping [550] - Mapped "{[/QustionCtrl.all],methods=[POST]}" onto public java.lang.String shiyan.controller.QustionCtrl.all() throws java.lang.Exception
[ INFO ] [2019-04-25 09:36:00] org.springframework.web.servlet.mvc.method.annotation.RequestMappingHandlerMapping [550] - Mapped "{[/QustionCtrl.save],methods=[POST]}" onto public java.lang.String shiyan.controller.QustionCtrl.save(shiyan.table.Question) throws java.lang.Exception
[ INFO ] [2019-04-25 09:36:00] org.springframework.web.servlet.mvc.method.annotation.RequestMappingHandlerMapping [550] - Mapped "{[/QustionCtrl.search],methods=[POST]}" onto public java.lang.String shiyan.controller.QustionCtrl.search(shiyan.model.QustionModel) throws java.lang.Exception
[ INFO ] [2019-04-25 09:36:00] org.springframework.web.servlet.mvc.method.annotation.RequestMappingHandlerMapping [550] - Mapped "{[/QustionCtrl.presave],methods=[POST]}" onto public java.lang.String shiyan.controller.QustionCtrl.presave(int) throws java.lang.Exception
[ INFO ] [2019-04-25 09:36:00] org.springframework.web.servlet.mvc.method.annotation.RequestMappingHandlerMapping [550] - Mapped "{[/QustionCtrl.del],methods=[POST]}" onto public java.lang.String shiyan.controller.QustionCtrl.del(int) throws java.lang.Exception
[ INFO ] [2019-04-25 09:36:00] org.springframework.web.servlet.mvc.method.annotation.RequestMappingHandlerMapping [550] - Mapped "{[/RuleCtrl.presave],methods=[POST]}" onto public java.lang.String shiyan.controller.RuleCtrl.presave(int) throws java.lang.Exception
[ INFO ] [2019-04-25 09:36:00] org.springframework.web.servlet.mvc.method.annotation.RequestMappingHandlerMapping [550] - Mapped "{[/TestpaperCtrl.save],methods=[POST]}" onto public java.lang.String shiyan.controller.TestpaperCtrl.save(java.lang.String,shiyan.table.Rule,int) throws java.lang.Exception
[ INFO ] [2019-04-25 09:36:00] org.springframework.web.servlet.mvc.method.annotation.RequestMappingHandlerMapping [550] - Mapped "{[/TestpaperCtrl.teacherSearch],methods=[POST]}" onto public java.lang.String shiyan.controller.TestpaperCtrl.teachersearch() throws java.lang.Exception
[ INFO ] [2019-04-25 09:36:00] org.springframework.web.servlet.mvc.method.annotation.RequestMappingHandlerMapping [550] - Mapped "{[/TestpaperCtrl.studentSearch],methods=[POST]}" onto public java.lang.String shiyan.controller.TestpaperCtrl.studentsearch(int) throws java.lang.Exception
[ INFO ] [2019-04-25 09:36:00] org.springframework.web.servlet.mvc.method.annotation.RequestMappingHandlerMapping [550] - Mapped "{[/TestpaperCtrl.presave],methods=[POST]}" onto public java.lang.String shiyan.controller.TestpaperCtrl.presave(int) throws java.lang.Exception
[ INFO ] [2019-04-25 09:36:00] org.springframework.web.servlet.mvc.method.annotation.RequestMappingHandlerMapping [550] - Mapped "{[/TestpaperCtrl.del],methods=[POST]}" onto public java.lang.String shiyan.controller.TestpaperCtrl.del(java.lang.Integer[]) throws java.lang.Exception
[ INFO ] [2019-04-25 09:36:00] org.springframework.web.servlet.mvc.method.annotation.RequestMappingHandlerMapping [550] - Mapped "{[/TestpaperCtrl.changeRelease],methods=[POST]}" onto public java.lang.String shiyan.controller.TestpaperCtrl.changeRelease(int,int) throws java.lang.Exception
[ INFO ] [2019-04-25 09:36:00] org.springframework.web.servlet.mvc.method.annotation.RequestMappingHandlerMapping [550] - Mapped "{[/TuserCtrl.save]}" onto public java.lang.String shiyan.controller.TuserCtrl.save() throws java.lang.Exception
[ INFO ] [2019-04-25 09:36:00] org.springframework.web.servlet.mvc.method.annotation.RequestMappingHandlerMapping [550] - Mapped "{[/TuserCtrl.search]}" onto public java.lang.String shiyan.controller.TuserCtrl.search() throws java.lang.Exception
[ INFO ] [2019-04-25 09:36:00] org.springframework.web.servlet.mvc.method.annotation.RequestMappingHandlerMapping [550] - Mapped "{[/TuserCtrl.presave]}" onto public java.lang.String shiyan.controller.TuserCtrl.presave() throws java.lang.Exception
[ INFO ] [2019-04-25 09:36:00] org.springframework.web.servlet.mvc.method.annotation.RequestMappingHandlerMapping [550] - Mapped "{[/TuserCtrl.del]}" onto public java.lang.String shiyan.controller.TuserCtrl.del() throws java.lang.Exception
[ INFO ] [2019-04-25 09:36:00] org.springframework.web.servlet.mvc.method.annotation.RequestMappingHandlerMapping [550] - Mapped "{[/error]}" onto public org.springframework.http.ResponseEntity<java.util.Map<java.lang.String, java.lang.Object>> org.springframework.boot.autoconfigure.web.servlet.error.BasicErrorController.error(javax.servlet.http.HttpServletRequest)
[ INFO ] [2019-04-25 09:36:00] org.springframework.web.servlet.mvc.method.annotation.RequestMappingHandlerMapping [550] - Mapped "{[/error],produces=[text/html]}" onto public org.springframework.web.servlet.ModelAndView org.springframework.boot.autoconfigure.web.servlet.error.BasicErrorController.errorHtml(javax.servlet.http.HttpServletRequest,javax.servlet.http.HttpServletResponse)
[ INFO ] [2019-04-25 09:36:00] org.springframework.web.servlet.handler.SimpleUrlHandlerMapping [373] - Mapped URL path [/webjars/**] onto handler of type [class org.springframework.web.servlet.resource.ResourceHttpRequestHandler]
[ INFO ] [2019-04-25 09:36:00] org.springframework.web.servlet.handler.SimpleUrlHandlerMapping [373] - Mapped URL path [/**] onto handler of type [class org.springframework.web.servlet.resource.ResourceHttpRequestHandler]
[ INFO ] [2019-04-25 09:36:00] org.springframework.boot.autoconfigure.web.servlet.WelcomePageHandlerMapping [56] - Adding welcome page: ServletContext resource [/index.html]
[ INFO ] [2019-04-25 09:36:01] org.springframework.boot.devtools.autoconfigure.OptionalLiveReloadServer [57] - LiveReload server is running on port 35729
[ INFO ] [2019-04-25 09:36:01] org.springframework.jmx.export.annotation.AnnotationMBeanExporter [433] - Registering beans for JMX exposure on startup
[ INFO ] [2019-04-25 09:36:01] org.springframework.jmx.export.annotation.AnnotationMBeanExporter [895] - Bean with name 'dataSource' has been autodetected for JMX exposure
[ INFO ] [2019-04-25 09:36:01] org.springframework.jmx.export.annotation.AnnotationMBeanExporter [668] - Located MBean 'dataSource': registering with JMX server as MBean [com.alibaba.druid.pool:name=dataSource,type=DruidDataSource]
[ INFO ] [2019-04-25 09:36:01] org.apache.coyote.http11.Http11NioProtocol [180] - Starting ProtocolHandler ["http-nio-8080"]
[ INFO ] [2019-04-25 09:36:01] org.apache.tomcat.util.net.NioSelectorPool [180] - Using a shared selector for servlet write/read
[ INFO ] [2019-04-25 09:36:01] org.springframework.boot.web.embedded.tomcat.TomcatWebServer [206] - Tomcat started on port(s): 8080 (http) with context path ''
[ INFO ] [2019-04-25 09:36:01] shiyan.Start [59] - Started Start in 6.405 seconds (JVM running for 7.385)
[ INFO ] [2019-04-25 09:36:11] org.apache.catalina.core.ContainerBase.[Tomcat].[localhost].[/] [180] - Initializing Spring FrameworkServlet 'dispatcherServlet'
[ INFO ] [2019-04-25 09:36:11] org.springframework.web.servlet.DispatcherServlet [497] - FrameworkServlet 'dispatcherServlet': initialization started
[ INFO ] [2019-04-25 09:36:11] org.springframework.web.servlet.DispatcherServlet [512] - FrameworkServlet 'dispatcherServlet': initialization completed in 72 ms
[ INFO ] [2019-04-25 09:36:13] com.alibaba.druid.pool.DruidDataSource [930] - {dataSource-1} inited
[ INFO ] [2019-04-25 09:37:27] org.springframework.boot.web.servlet.context.AnnotationConfigServletWebServerApplicationContext [991] - Closing org.springframework.boot.web.servlet.context.AnnotationConfigServletWebServerApplicationContext@3d285b6a: startup date [Thu Apr 25 09:35:55 CST 2019]; root of context hierarchy
[ INFO ] [2019-04-25 09:37:27] org.springframework.jmx.export.annotation.AnnotationMBeanExporter [451] - Unregistering JMX-exposed beans on shutdown
[ INFO ] [2019-04-25 09:37:27] org.springframework.jmx.export.annotation.AnnotationMBeanExporter [185] - Unregistering JMX-exposed beans
[ INFO ] [2019-04-25 09:37:27] com.alibaba.druid.pool.DruidDataSource [1825] - {dataSource-1} closed
[ INFO ] [2019-04-25 09:37:27] shiyan.Start [50] - Starting Start on anstar-PC with PID 6248 (D:\git\web-Item-bank-system\target\classes started by anstar in D:\git\web-Item-bank-system)
[ INFO ] [2019-04-25 09:37:27] shiyan.Start [654] - No active profile set, falling back to default profiles: default
[ INFO ] [2019-04-25 09:37:27] org.springframework.boot.web.servlet.context.AnnotationConfigServletWebServerApplicationContext [588] - Refreshing org.springframework.boot.web.servlet.context.AnnotationConfigServletWebServerApplicationContext@613019ca: startup date [Thu Apr 25 09:37:27 CST 2019]; root of context hierarchy
[ INFO ] [2019-04-25 09:37:28] org.springframework.boot.web.embedded.tomcat.TomcatWebServer [91] - Tomcat initialized with port(s): 8080 (http)
[ INFO ] [2019-04-25 09:37:28] org.apache.coyote.http11.Http11NioProtocol [180] - Initializing ProtocolHandler ["http-nio-8080"]
[ INFO ] [2019-04-25 09:37:28] org.apache.catalina.core.StandardService [180] - Starting service [Tomcat]
[ INFO ] [2019-04-25 09:37:28] org.apache.catalina.core.StandardEngine [180] - Starting Servlet Engine: Apache Tomcat/9.0.2
[ INFO ] [2019-04-25 09:37:28] org.apache.jasper.servlet.TldScanner [180] - At least one JAR was scanned for TLDs yet contained no TLDs. Enable debug logging for this logger for a complete list of JARs that were scanned but no TLDs were found in them. Skipping unneeded JARs during scanning can improve startup time and JSP compilation time.
[ INFO ] [2019-04-25 09:37:28] org.apache.catalina.core.ContainerBase.[Tomcat].[localhost].[/] [180] - Initializing Spring embedded WebApplicationContext
[ INFO ] [2019-04-25 09:37:28] org.springframework.web.context.ContextLoader [296] - Root WebApplicationContext: initialization completed in 956 ms
[ INFO ] [2019-04-25 09:37:28] org.springframework.boot.web.servlet.ServletRegistrationBean [187] - Servlet dispatcherServlet mapped to [/]
[ INFO ] [2019-04-25 09:37:28] org.springframework.boot.web.servlet.FilterRegistrationBean [245] - Mapping filter: 'characterEncodingFilter' to: [/*]
[ INFO ] [2019-04-25 09:37:28] org.springframework.boot.web.servlet.FilterRegistrationBean [245] - Mapping filter: 'hiddenHttpMethodFilter' to: [/*]
[ INFO ] [2019-04-25 09:37:28] org.springframework.boot.web.servlet.FilterRegistrationBean [245] - Mapping filter: 'httpPutFormContentFilter' to: [/*]
[ INFO ] [2019-04-25 09:37:28] org.springframework.boot.web.servlet.FilterRegistrationBean [245] - Mapping filter: 'requestContextFilter' to: [/*]
[ INFO ] [2019-04-25 09:37:28] org.springframework.web.servlet.handler.SimpleUrlHandlerMapping [373] - Mapped URL path [/**/favicon.ico] onto handler of type [class org.springframework.web.servlet.resource.ResourceHttpRequestHandler]
[ INFO ] [2019-04-25 09:37:29] org.springframework.web.servlet.mvc.method.annotation.RequestMappingHandlerAdapter [588] - Looking for @ControllerAdvice: org.springframework.boot.web.servlet.context.AnnotationConfigServletWebServerApplicationContext@613019ca: startup date [Thu Apr 25 09:37:27 CST 2019]; root of context hierarchy
[ INFO ] [2019-04-25 09:37:29] org.springframework.web.servlet.mvc.method.annotation.RequestMappingHandlerMapping [550] - Mapped "{[/DopaperCtrl.save],methods=[POST]}" onto public java.lang.String shiyan.controller.DopaperCtrl.save(java.lang.String,int) throws java.lang.Exception
[ INFO ] [2019-04-25 09:37:29] org.springframework.web.servlet.mvc.method.annotation.RequestMappingHandlerMapping [550] - Mapped "{[/DopaperCtrl.teacher_search],methods=[POST]}" onto public java.lang.String shiyan.controller.DopaperCtrl.teachersearch(int,int) throws java.lang.Exception
[ INFO ] [2019-04-25 09:37:29] org.springframework.web.servlet.mvc.method.annotation.RequestMappingHandlerMapping [550] - Mapped "{[/DopaperCtrl.student_search],methods=[POST]}" onto public java.lang.String shiyan.controller.DopaperCtrl.studentsearch(int) throws java.lang.Exception
[ INFO ] [2019-04-25 09:37:29] org.springframework.web.servlet.mvc.method.annotation.RequestMappingHandlerMapping [550] - Mapped "{[/DopaperCtrl.presave]}" onto public java.lang.String shiyan.controller.DopaperCtrl.presave() throws java.lang.Exception
[ INFO ] [2019-04-25 09:37:29] org.springframework.web.servlet.mvc.method.annotation.RequestMappingHandlerMapping [550] - Mapped "{[/DopaperCtrl.del]}" onto public java.lang.String shiyan.controller.DopaperCtrl.del() throws java.lang.Exception
[ INFO ] [2019-04-25 09:37:29] org.springframework.web.servlet.mvc.method.annotation.RequestMappingHandlerMapping [550] - Mapped "{[/LoginCtrl.getlogin]}" onto public java.lang.String shiyan.controller.LoginCtrl.getLoginUser() throws java.lang.Exception
[ INFO ] [2019-04-25 09:37:29] org.springframework.web.servlet.mvc.method.annotation.RequestMappingHandlerMapping [550] - Mapped "{[/LoginCtrl.login],methods=[POST]}" onto public java.lang.String shiyan.controller.LoginCtrl.login(shiyan.table.Tuser) throws java.lang.Exception
[ INFO ] [2019-04-25 09:37:29] org.springframework.web.servlet.mvc.method.annotation.RequestMappingHandlerMapping [550] - Mapped "{[/LoginCtrl.outlogin]}" onto public java.lang.String shiyan.controller.LoginCtrl.logout() throws java.lang.Exception
[ INFO ] [2019-04-25 09:37:29] org.springframework.web.servlet.mvc.method.annotation.RequestMappingHandlerMapping [550] - Mapped "{[/PointsCtrl.all]}" onto public java.lang.String shiyan.controller.PointsCtrl.all() throws java.lang.Exception
[ INFO ] [2019-04-25 09:37:29] org.springframework.web.servlet.mvc.method.annotation.RequestMappingHandlerMapping [550] - Mapped "{[/PointsCtrl.save]}" onto public java.lang.String shiyan.controller.PointsCtrl.save() throws java.lang.Exception
[ INFO ] [2019-04-25 09:37:29] org.springframework.web.servlet.mvc.method.annotation.RequestMappingHandlerMapping [550] - Mapped "{[/PointsCtrl.search]}" onto public java.lang.String shiyan.controller.PointsCtrl.search() throws java.lang.Exception
[ INFO ] [2019-04-25 09:37:29] org.springframework.web.servlet.mvc.method.annotation.RequestMappingHandlerMapping [550] - Mapped "{[/PointsCtrl.presave]}" onto public java.lang.String shiyan.controller.PointsCtrl.presave() throws java.lang.Exception
[ INFO ] [2019-04-25 09:37:29] org.springframework.web.servlet.mvc.method.annotation.RequestMappingHandlerMapping [550] - Mapped "{[/PointsCtrl.del]}" onto public java.lang.String shiyan.controller.PointsCtrl.del() throws java.lang.Exception
[ INFO ] [2019-04-25 09:37:29] org.springframework.web.servlet.mvc.method.annotation.RequestMappingHandlerMapping [550] - Mapped "{[/QustionCtrl.all],methods=[POST]}" onto public java.lang.String shiyan.controller.QustionCtrl.all() throws java.lang.Exception
[ INFO ] [2019-04-25 09:37:29] org.springframework.web.servlet.mvc.method.annotation.RequestMappingHandlerMapping [550] - Mapped "{[/QustionCtrl.save],methods=[POST]}" onto public java.lang.String shiyan.controller.QustionCtrl.save(shiyan.table.Question) throws java.lang.Exception
[ INFO ] [2019-04-25 09:37:29] org.springframework.web.servlet.mvc.method.annotation.RequestMappingHandlerMapping [550] - Mapped "{[/QustionCtrl.search],methods=[POST]}" onto public java.lang.String shiyan.controller.QustionCtrl.search(shiyan.model.QustionModel) throws java.lang.Exception
[ INFO ] [2019-04-25 09:37:29] org.springframework.web.servlet.mvc.method.annotation.RequestMappingHandlerMapping [550] - Mapped "{[/QustionCtrl.presave],methods=[POST]}" onto public java.lang.String shiyan.controller.QustionCtrl.presave(int) throws java.lang.Exception
[ INFO ] [2019-04-25 09:37:29] org.springframework.web.servlet.mvc.method.annotation.RequestMappingHandlerMapping [550] - Mapped "{[/QustionCtrl.del],methods=[POST]}" onto public java.lang.String shiyan.controller.QustionCtrl.del(int) throws java.lang.Exception
[ INFO ] [2019-04-25 09:37:29] org.springframework.web.servlet.mvc.method.annotation.RequestMappingHandlerMapping [550] - Mapped "{[/RuleCtrl.presave],methods=[POST]}" onto public java.lang.String shiyan.controller.RuleCtrl.presave(int) throws java.lang.Exception
[ INFO ] [2019-04-25 09:37:29] org.springframework.web.servlet.mvc.method.annotation.RequestMappingHandlerMapping [550] - Mapped "{[/TestpaperCtrl.save],methods=[POST]}" onto public java.lang.String shiyan.controller.TestpaperCtrl.save(java.lang.String,shiyan.table.Rule,int) throws java.lang.Exception
[ INFO ] [2019-04-25 09:37:29] org.springframework.web.servlet.mvc.method.annotation.RequestMappingHandlerMapping [550] - Mapped "{[/TestpaperCtrl.teacherSearch],methods=[POST]}" onto public java.lang.String shiyan.controller.TestpaperCtrl.teachersearch() throws java.lang.Exception
[ INFO ] [2019-04-25 09:37:29] org.springframework.web.servlet.mvc.method.annotation.RequestMappingHandlerMapping [550] - Mapped "{[/TestpaperCtrl.studentSearch],methods=[POST]}" onto public java.lang.String shiyan.controller.TestpaperCtrl.studentsearch(int) throws java.lang.Exception
[ INFO ] [2019-04-25 09:37:29] org.springframework.web.servlet.mvc.method.annotation.RequestMappingHandlerMapping [550] - Mapped "{[/TestpaperCtrl.presave],methods=[POST]}" onto public java.lang.String shiyan.controller.TestpaperCtrl.presave(int) throws java.lang.Exception
[ INFO ] [2019-04-25 09:37:29] org.springframework.web.servlet.mvc.method.annotation.RequestMappingHandlerMapping [550] - Mapped "{[/TestpaperCtrl.del],methods=[POST]}" onto public java.lang.String shiyan.controller.TestpaperCtrl.del(java.lang.Integer[]) throws java.lang.Exception
[ INFO ] [2019-04-25 09:37:29] org.springframework.web.servlet.mvc.method.annotation.RequestMappingHandlerMapping [550] - Mapped "{[/TestpaperCtrl.changeRelease],methods=[POST]}" onto public java.lang.String shiyan.controller.TestpaperCtrl.changeRelease(int,int) throws java.lang.Exception
[ INFO ] [2019-04-25 09:37:29] org.springframework.web.servlet.mvc.method.annotation.RequestMappingHandlerMapping [550] - Mapped "{[/TuserCtrl.save]}" onto public java.lang.String shiyan.controller.TuserCtrl.save() throws java.lang.Exception
[ INFO ] [2019-04-25 09:37:29] org.springframework.web.servlet.mvc.method.annotation.RequestMappingHandlerMapping [550] - Mapped "{[/TuserCtrl.search]}" onto public java.lang.String shiyan.controller.TuserCtrl.search() throws java.lang.Exception
[ INFO ] [2019-04-25 09:37:29] org.springframework.web.servlet.mvc.method.annotation.RequestMappingHandlerMapping [550] - Mapped "{[/TuserCtrl.presave]}" onto public java.lang.String shiyan.controller.TuserCtrl.presave() throws java.lang.Exception
[ INFO ] [2019-04-25 09:37:29] org.springframework.web.servlet.mvc.method.annotation.RequestMappingHandlerMapping [550] - Mapped "{[/TuserCtrl.del]}" onto public java.lang.String shiyan.controller.TuserCtrl.del() throws java.lang.Exception
[ INFO ] [2019-04-25 09:37:29] org.springframework.web.servlet.mvc.method.annotation.RequestMappingHandlerMapping [550] - Mapped "{[/error]}" onto public org.springframework.http.ResponseEntity<java.util.Map<java.lang.String, java.lang.Object>> org.springframework.boot.autoconfigure.web.servlet.error.BasicErrorController.error(javax.servlet.http.HttpServletRequest)
[ INFO ] [2019-04-25 09:37:29] org.springframework.web.servlet.mvc.method.annotation.RequestMappingHandlerMapping [550] - Mapped "{[/error],produces=[text/html]}" onto public org.springframework.web.servlet.ModelAndView org.springframework.boot.autoconfigure.web.servlet.error.BasicErrorController.errorHtml(javax.servlet.http.HttpServletRequest,javax.servlet.http.HttpServletResponse)
[ INFO ] [2019-04-25 09:37:29] org.springframework.web.servlet.handler.SimpleUrlHandlerMapping [373] - Mapped URL path [/webjars/**] onto handler of type [class org.springframework.web.servlet.resource.ResourceHttpRequestHandler]
[ INFO ] [2019-04-25 09:37:29] org.springframework.web.servlet.handler.SimpleUrlHandlerMapping [373] - Mapped URL path [/**] onto handler of type [class org.springframework.web.servlet.resource.ResourceHttpRequestHandler]
[ INFO ] [2019-04-25 09:37:29] org.springframework.boot.autoconfigure.web.servlet.WelcomePageHandlerMapping [56] - Adding welcome page: ServletContext resource [/index.html]
[ INFO ] [2019-04-25 09:37:29] org.springframework.boot.devtools.autoconfigure.OptionalLiveReloadServer [57] - LiveReload server is running on port 35729
[ INFO ] [2019-04-25 09:37:29] org.springframework.jmx.export.annotation.AnnotationMBeanExporter [433] - Registering beans for JMX exposure on startup
[ INFO ] [2019-04-25 09:37:29] org.springframework.jmx.export.annotation.AnnotationMBeanExporter [895] - Bean with name 'dataSource' has been autodetected for JMX exposure
[ INFO ] [2019-04-25 09:37:29] org.springframework.jmx.export.annotation.AnnotationMBeanExporter [668] - Located MBean 'dataSource': registering with JMX server as MBean [com.alibaba.druid.pool:name=dataSource,type=DruidDataSource]
[ INFO ] [2019-04-25 09:37:29] org.apache.coyote.http11.Http11NioProtocol [180] - Starting ProtocolHandler ["http-nio-8080"]
[ INFO ] [2019-04-25 09:37:29] org.apache.tomcat.util.net.NioSelectorPool [180] - Using a shared selector for servlet write/read
[ INFO ] [2019-04-25 09:37:29] org.springframework.boot.web.embedded.tomcat.TomcatWebServer [206] - Tomcat started on port(s): 8080 (http) with context path ''
[ INFO ] [2019-04-25 09:37:29] shiyan.Start [59] - Started Start in 1.536 seconds (JVM running for 95.247)
[ INFO ] [2019-04-25 09:37:29] org.springframework.boot.devtools.autoconfigure.ConditionEvaluationDeltaLoggingListener [56] - Condition evaluation unchanged
[ INFO ] [2019-04-25 09:37:32] org.apache.catalina.core.ContainerBase.[Tomcat].[localhost].[/] [180] - Initializing Spring FrameworkServlet 'dispatcherServlet'
[ INFO ] [2019-04-25 09:37:32] org.springframework.web.servlet.DispatcherServlet [497] - FrameworkServlet 'dispatcherServlet': initialization started
[ INFO ] [2019-04-25 09:37:32] org.springframework.web.servlet.DispatcherServlet [512] - FrameworkServlet 'dispatcherServlet': initialization completed in 4 ms
[ INFO ] [2019-04-25 09:37:33] com.alibaba.druid.pool.DruidDataSource [930] - {dataSource-2} inited
[ INFO ] [2019-04-25 11:47:37] shiyan.Start [50] - Starting Start on anstar-PC with PID 7380 (D:\git\web-Item-bank-system\target\classes started by anstar in D:\git\web-Item-bank-system)
[ INFO ] [2019-04-25 11:47:37] shiyan.Start [654] - No active profile set, falling back to default profiles: default
[ INFO ] [2019-04-25 11:47:37] org.springframework.boot.web.servlet.context.AnnotationConfigServletWebServerApplicationContext [588] - Refreshing org.springframework.boot.web.servlet.context.AnnotationConfigServletWebServerApplicationContext@308cb59: startup date [Thu Apr 25 11:47:37 CST 2019]; root of context hierarchy
[ INFO ] [2019-04-25 11:47:40] org.springframework.boot.web.embedded.tomcat.TomcatWebServer [91] - Tomcat initialized with port(s): 8080 (http)
[ INFO ] [2019-04-25 11:47:40] org.apache.coyote.http11.Http11NioProtocol [180] - Initializing ProtocolHandler ["http-nio-8080"]
[ INFO ] [2019-04-25 11:47:40] org.apache.catalina.core.StandardService [180] - Starting service [Tomcat]
[ INFO ] [2019-04-25 11:47:40] org.apache.catalina.core.StandardEngine [180] - Starting Servlet Engine: Apache Tomcat/9.0.2
[ INFO ] [2019-04-25 11:47:40] org.apache.catalina.core.AprLifecycleListener [180] - The APR based Apache Tomcat Native library which allows optimal performance in production environments was not found on the java.library.path: [C:\Program Files\Java\jre1.8.0_161\bin;C:\Windows\Sun\Java\bin;C:\Windows\system32;C:\Windows;C:/Program Files/Java/jre1.8.0_161/bin/server;C:/Program Files/Java/jre1.8.0_161/bin;C:/Program Files/Java/jre1.8.0_161/lib/amd64;D:\apache-maven-3.5.3\bin;C:\ProgramData\Oracle\Java\javapath;C:\Windows\system32;C:\Windows;C:\Windows\System32\Wbem;C:\Windows\System32\WindowsPowerShell\v1.0\;C:\Program Files (x86)\NVIDIA Corporation\PhysX\Common;C:\Program Files\Java\jdk1.8.0_161\bin;C:\Program Files\Java\jdk1.8.0_161\jre\bin;C:\Program Files (x86)\Microsoft SQL Server\100\Tools\Binn\;C:\Program Files\Microsoft SQL Server\100\Tools\Binn\;C:\Program Files\Microsoft SQL Server\100\DTS\Binn\;C:\Program Files (x86)\Microsoft SQL Server\100\Tools\Binn\VSShell\Common7\IDE\;C:\Program Files (x86)\Microsoft Visual Studio 9.0\Common7\IDE\PrivateAssemblies\;C:\Program Files (x86)\Microsoft SQL Server\100\DTS\Binn\;C:\Program Files\NVIDIA Corporation\NVIDIA NvDLISR;D:\eclipse;;.]
[ INFO ] [2019-04-25 11:47:40] org.apache.jasper.servlet.TldScanner [180] - At least one JAR was scanned for TLDs yet contained no TLDs. Enable debug logging for this logger for a complete list of JARs that were scanned but no TLDs were found in them. Skipping unneeded JARs during scanning can improve startup time and JSP compilation time.
[ INFO ] [2019-04-25 11:47:40] org.apache.catalina.core.ContainerBase.[Tomcat].[localhost].[/] [180] - Initializing Spring embedded WebApplicationContext
[ INFO ] [2019-04-25 11:47:40] org.springframework.web.context.ContextLoader [296] - Root WebApplicationContext: initialization completed in 3006 ms
[ INFO ] [2019-04-25 11:47:40] org.springframework.boot.web.servlet.ServletRegistrationBean [187] - Servlet dispatcherServlet mapped to [/]
[ INFO ] [2019-04-25 11:47:40] org.springframework.boot.web.servlet.FilterRegistrationBean [245] - Mapping filter: 'characterEncodingFilter' to: [/*]
[ INFO ] [2019-04-25 11:47:40] org.springframework.boot.web.servlet.FilterRegistrationBean [245] - Mapping filter: 'hiddenHttpMethodFilter' to: [/*]
[ INFO ] [2019-04-25 11:47:40] org.springframework.boot.web.servlet.FilterRegistrationBean [245] - Mapping filter: 'httpPutFormContentFilter' to: [/*]
[ INFO ] [2019-04-25 11:47:40] org.springframework.boot.web.servlet.FilterRegistrationBean [245] - Mapping filter: 'requestContextFilter' to: [/*]
[ INFO ] [2019-04-25 11:47:41] org.springframework.web.servlet.handler.SimpleUrlHandlerMapping [373] - Mapped URL path [/**/favicon.ico] onto handler of type [class org.springframework.web.servlet.resource.ResourceHttpRequestHandler]
[ INFO ] [2019-04-25 11:47:41] org.springframework.web.servlet.mvc.method.annotation.RequestMappingHandlerAdapter [588] - Looking for @ControllerAdvice: org.springframework.boot.web.servlet.context.AnnotationConfigServletWebServerApplicationContext@308cb59: startup date [Thu Apr 25 11:47:37 CST 2019]; root of context hierarchy
[ INFO ] [2019-04-25 11:47:41] org.springframework.web.servlet.mvc.method.annotation.RequestMappingHandlerMapping [550] - Mapped "{[/DopaperCtrl.save],methods=[POST]}" onto public java.lang.String shiyan.controller.DopaperCtrl.save(java.lang.String,int) throws java.lang.Exception
[ INFO ] [2019-04-25 11:47:41] org.springframework.web.servlet.mvc.method.annotation.RequestMappingHandlerMapping [550] - Mapped "{[/DopaperCtrl.teacher_search],methods=[POST]}" onto public java.lang.String shiyan.controller.DopaperCtrl.teachersearch(int,int) throws java.lang.Exception
[ INFO ] [2019-04-25 11:47:41] org.springframework.web.servlet.mvc.method.annotation.RequestMappingHandlerMapping [550] - Mapped "{[/DopaperCtrl.student_search],methods=[POST]}" onto public java.lang.String shiyan.controller.DopaperCtrl.studentsearch(int) throws java.lang.Exception
[ INFO ] [2019-04-25 11:47:41] org.springframework.web.servlet.mvc.method.annotation.RequestMappingHandlerMapping [550] - Mapped "{[/DopaperCtrl.presave]}" onto public java.lang.String shiyan.controller.DopaperCtrl.presave() throws java.lang.Exception
[ INFO ] [2019-04-25 11:47:41] org.springframework.web.servlet.mvc.method.annotation.RequestMappingHandlerMapping [550] - Mapped "{[/DopaperCtrl.del]}" onto public java.lang.String shiyan.controller.DopaperCtrl.del() throws java.lang.Exception
[ INFO ] [2019-04-25 11:47:41] org.springframework.web.servlet.mvc.method.annotation.RequestMappingHandlerMapping [550] - Mapped "{[/LoginCtrl.login],methods=[POST]}" onto public java.lang.String shiyan.controller.LoginCtrl.login(shiyan.table.Tuser) throws java.lang.Exception
[ INFO ] [2019-04-25 11:47:41] org.springframework.web.servlet.mvc.method.annotation.RequestMappingHandlerMapping [550] - Mapped "{[/LoginCtrl.getlogin]}" onto public java.lang.String shiyan.controller.LoginCtrl.getLoginUser() throws java.lang.Exception
[ INFO ] [2019-04-25 11:47:41] org.springframework.web.servlet.mvc.method.annotation.RequestMappingHandlerMapping [550] - Mapped "{[/LoginCtrl.outlogin]}" onto public java.lang.String shiyan.controller.LoginCtrl.logout() throws java.lang.Exception
[ INFO ] [2019-04-25 11:47:41] org.springframework.web.servlet.mvc.method.annotation.RequestMappingHandlerMapping [550] - Mapped "{[/PointsCtrl.all]}" onto public java.lang.String shiyan.controller.PointsCtrl.all() throws java.lang.Exception
[ INFO ] [2019-04-25 11:47:41] org.springframework.web.servlet.mvc.method.annotation.RequestMappingHandlerMapping [550] - Mapped "{[/PointsCtrl.save]}" onto public java.lang.String shiyan.controller.PointsCtrl.save() throws java.lang.Exception
[ INFO ] [2019-04-25 11:47:41] org.springframework.web.servlet.mvc.method.annotation.RequestMappingHandlerMapping [550] - Mapped "{[/PointsCtrl.search]}" onto public java.lang.String shiyan.controller.PointsCtrl.search() throws java.lang.Exception
[ INFO ] [2019-04-25 11:47:41] org.springframework.web.servlet.mvc.method.annotation.RequestMappingHandlerMapping [550] - Mapped "{[/PointsCtrl.presave]}" onto public java.lang.String shiyan.controller.PointsCtrl.presave() throws java.lang.Exception
[ INFO ] [2019-04-25 11:47:41] org.springframework.web.servlet.mvc.method.annotation.RequestMappingHandlerMapping [550] - Mapped "{[/PointsCtrl.del]}" onto public java.lang.String shiyan.controller.PointsCtrl.del() throws java.lang.Exception
[ INFO ] [2019-04-25 11:47:41] org.springframework.web.servlet.mvc.method.annotation.RequestMappingHandlerMapping [550] - Mapped "{[/QustionCtrl.all],methods=[POST]}" onto public java.lang.String shiyan.controller.QustionCtrl.all() throws java.lang.Exception
[ INFO ] [2019-04-25 11:47:41] org.springframework.web.servlet.mvc.method.annotation.RequestMappingHandlerMapping [550] - Mapped "{[/QustionCtrl.save],methods=[POST]}" onto public java.lang.String shiyan.controller.QustionCtrl.save(shiyan.table.Question) throws java.lang.Exception
[ INFO ] [2019-04-25 11:47:41] org.springframework.web.servlet.mvc.method.annotation.RequestMappingHandlerMapping [550] - Mapped "{[/QustionCtrl.search],methods=[POST]}" onto public java.lang.String shiyan.controller.QustionCtrl.search(shiyan.model.QustionModel) throws java.lang.Exception
[ INFO ] [2019-04-25 11:47:41] org.springframework.web.servlet.mvc.method.annotation.RequestMappingHandlerMapping [550] - Mapped "{[/QustionCtrl.presave],methods=[POST]}" onto public java.lang.String shiyan.controller.QustionCtrl.presave(int) throws java.lang.Exception
[ INFO ] [2019-04-25 11:47:41] org.springframework.web.servlet.mvc.method.annotation.RequestMappingHandlerMapping [550] - Mapped "{[/QustionCtrl.del],methods=[POST]}" onto public java.lang.String shiyan.controller.QustionCtrl.del(int) throws java.lang.Exception
[ INFO ] [2019-04-25 11:47:41] org.springframework.web.servlet.mvc.method.annotation.RequestMappingHandlerMapping [550] - Mapped "{[/RuleCtrl.presave],methods=[POST]}" onto public java.lang.String shiyan.controller.RuleCtrl.presave(int) throws java.lang.Exception
[ INFO ] [2019-04-25 11:47:41] org.springframework.web.servlet.mvc.method.annotation.RequestMappingHandlerMapping [550] - Mapped "{[/TestpaperCtrl.save],methods=[POST]}" onto public java.lang.String shiyan.controller.TestpaperCtrl.save(java.lang.String,shiyan.table.Rule,int) throws java.lang.Exception
[ INFO ] [2019-04-25 11:47:41] org.springframework.web.servlet.mvc.method.annotation.RequestMappingHandlerMapping [550] - Mapped "{[/TestpaperCtrl.teacherSearch],methods=[POST]}" onto public java.lang.String shiyan.controller.TestpaperCtrl.teachersearch() throws java.lang.Exception
[ INFO ] [2019-04-25 11:47:41] org.springframework.web.servlet.mvc.method.annotation.RequestMappingHandlerMapping [550] - Mapped "{[/TestpaperCtrl.studentSearch],methods=[POST]}" onto public java.lang.String shiyan.controller.TestpaperCtrl.studentsearch(int) throws java.lang.Exception
[ INFO ] [2019-04-25 11:47:41] org.springframework.web.servlet.mvc.method.annotation.RequestMappingHandlerMapping [550] - Mapped "{[/TestpaperCtrl.presave],methods=[POST]}" onto public java.lang.String shiyan.controller.TestpaperCtrl.presave(int) throws java.lang.Exception
[ INFO ] [2019-04-25 11:47:41] org.springframework.web.servlet.mvc.method.annotation.RequestMappingHandlerMapping [550] - Mapped "{[/TestpaperCtrl.del],methods=[POST]}" onto public java.lang.String shiyan.controller.TestpaperCtrl.del(java.lang.Integer[]) throws java.lang.Exception
[ INFO ] [2019-04-25 11:47:41] org.springframework.web.servlet.mvc.method.annotation.RequestMappingHandlerMapping [550] - Mapped "{[/TestpaperCtrl.changeRelease],methods=[POST]}" onto public java.lang.String shiyan.controller.TestpaperCtrl.changeRelease(int,int) throws java.lang.Exception
[ INFO ] [2019-04-25 11:47:41] org.springframework.web.servlet.mvc.method.annotation.RequestMappingHandlerMapping [550] - Mapped "{[/TuserCtrl.save]}" onto public java.lang.String shiyan.controller.TuserCtrl.save() throws java.lang.Exception
[ INFO ] [2019-04-25 11:47:41] org.springframework.web.servlet.mvc.method.annotation.RequestMappingHandlerMapping [550] - Mapped "{[/TuserCtrl.search]}" onto public java.lang.String shiyan.controller.TuserCtrl.search() throws java.lang.Exception
[ INFO ] [2019-04-25 11:47:41] org.springframework.web.servlet.mvc.method.annotation.RequestMappingHandlerMapping [550] - Mapped "{[/TuserCtrl.presave]}" onto public java.lang.String shiyan.controller.TuserCtrl.presave() throws java.lang.Exception
[ INFO ] [2019-04-25 11:47:41] org.springframework.web.servlet.mvc.method.annotation.RequestMappingHandlerMapping [550] - Mapped "{[/TuserCtrl.del]}" onto public java.lang.String shiyan.controller.TuserCtrl.del() throws java.lang.Exception
[ INFO ] [2019-04-25 11:47:41] org.springframework.web.servlet.mvc.method.annotation.RequestMappingHandlerMapping [550] - Mapped "{[/error]}" onto public org.springframework.http.ResponseEntity<java.util.Map<java.lang.String, java.lang.Object>> org.springframework.boot.autoconfigure.web.servlet.error.BasicErrorController.error(javax.servlet.http.HttpServletRequest)
[ INFO ] [2019-04-25 11:47:41] org.springframework.web.servlet.mvc.method.annotation.RequestMappingHandlerMapping [550] - Mapped "{[/error],produces=[text/html]}" onto public org.springframework.web.servlet.ModelAndView org.springframework.boot.autoconfigure.web.servlet.error.BasicErrorController.errorHtml(javax.servlet.http.HttpServletRequest,javax.servlet.http.HttpServletResponse)
[ INFO ] [2019-04-25 11:47:41] org.springframework.web.servlet.handler.SimpleUrlHandlerMapping [373] - Mapped URL path [/webjars/**] onto handler of type [class org.springframework.web.servlet.resource.ResourceHttpRequestHandler]
[ INFO ] [2019-04-25 11:47:41] org.springframework.web.servlet.handler.SimpleUrlHandlerMapping [373] - Mapped URL path [/**] onto handler of type [class org.springframework.web.servlet.resource.ResourceHttpRequestHandler]
[ INFO ] [2019-04-25 11:47:41] org.springframework.boot.autoconfigure.web.servlet.WelcomePageHandlerMapping [56] - Adding welcome page: ServletContext resource [/index.html]
[ INFO ] [2019-04-25 11:47:41] org.springframework.boot.devtools.autoconfigure.OptionalLiveReloadServer [57] - LiveReload server is running on port 35729
[ INFO ] [2019-04-25 11:47:42] org.springframework.jmx.export.annotation.AnnotationMBeanExporter [433] - Registering beans for JMX exposure on startup
[ INFO ] [2019-04-25 11:47:42] org.springframework.jmx.export.annotation.AnnotationMBeanExporter [895] - Bean with name 'dataSource' has been autodetected for JMX exposure
[ INFO ] [2019-04-25 11:47:42] org.springframework.jmx.export.annotation.AnnotationMBeanExporter [668] - Located MBean 'dataSource': registering with JMX server as MBean [com.alibaba.druid.pool:name=dataSource,type=DruidDataSource]
[ INFO ] [2019-04-25 11:47:42] org.apache.coyote.http11.Http11NioProtocol [180] - Starting ProtocolHandler ["http-nio-8080"]
[ INFO ] [2019-04-25 11:47:42] org.apache.tomcat.util.net.NioSelectorPool [180] - Using a shared selector for servlet write/read
[ INFO ] [2019-04-25 11:47:42] org.springframework.boot.web.embedded.tomcat.TomcatWebServer [206] - Tomcat started on port(s): 8080 (http) with context path ''
[ INFO ] [2019-04-25 11:47:42] shiyan.Start [59] - Started Start in 5.2 seconds (JVM running for 6.007)
[ INFO ] [2019-04-25 11:49:22] org.apache.catalina.core.ContainerBase.[Tomcat].[localhost].[/] [180] - Initializing Spring FrameworkServlet 'dispatcherServlet'
[ INFO ] [2019-04-25 11:49:22] org.springframework.web.servlet.DispatcherServlet [497] - FrameworkServlet 'dispatcherServlet': initialization started
[ INFO ] [2019-04-25 11:49:22] org.springframework.web.servlet.DispatcherServlet [512] - FrameworkServlet 'dispatcherServlet': initialization completed in 36 ms
[ INFO ] [2019-04-25 12:11:19] com.alibaba.druid.pool.DruidDataSource [930] - {dataSource-1} inited
[ INFO ] [2019-04-25 12:23:24] org.springframework.boot.web.servlet.context.AnnotationConfigServletWebServerApplicationContext [991] - Closing org.springframework.boot.web.servlet.context.AnnotationConfigServletWebServerApplicationContext@308cb59: startup date [Thu Apr 25 11:47:37 CST 2019]; root of context hierarchy
[ INFO ] [2019-04-25 12:23:24] org.springframework.jmx.export.annotation.AnnotationMBeanExporter [451] - Unregistering JMX-exposed beans on shutdown
[ INFO ] [2019-04-25 12:23:24] org.springframework.jmx.export.annotation.AnnotationMBeanExporter [185] - Unregistering JMX-exposed beans
[ INFO ] [2019-04-25 12:23:24] com.alibaba.druid.pool.DruidDataSource [1825] - {dataSource-1} closed
[ INFO ] [2019-04-25 12:23:24] shiyan.Start [50] - Starting Start on anstar-PC with PID 7380 (D:\git\web-Item-bank-system\target\classes started by anstar in D:\git\web-Item-bank-system)
[ INFO ] [2019-04-25 12:23:24] shiyan.Start [654] - No active profile set, falling back to default profiles: default
[ INFO ] [2019-04-25 12:23:24] org.springframework.boot.web.servlet.context.AnnotationConfigServletWebServerApplicationContext [588] - Refreshing org.springframework.boot.web.servlet.context.AnnotationConfigServletWebServerApplicationContext@2c87bc3e: startup date [Thu Apr 25 12:23:24 CST 2019]; root of context hierarchy
[ INFO ] [2019-04-25 12:23:25] org.springframework.boot.web.embedded.tomcat.TomcatWebServer [91] - Tomcat initialized with port(s): 8080 (http)
[ INFO ] [2019-04-25 12:23:25] org.apache.coyote.http11.Http11NioProtocol [180] - Initializing ProtocolHandler ["http-nio-8080"]
[ INFO ] [2019-04-25 12:23:25] org.apache.catalina.core.StandardService [180] - Starting service [Tomcat]
[ INFO ] [2019-04-25 12:23:25] org.apache.catalina.core.StandardEngine [180] - Starting Servlet Engine: Apache Tomcat/9.0.2
[ INFO ] [2019-04-25 12:23:25] org.apache.jasper.servlet.TldScanner [180] - At least one JAR was scanned for TLDs yet contained no TLDs. Enable debug logging for this logger for a complete list of JARs that were scanned but no TLDs were found in them. Skipping unneeded JARs during scanning can improve startup time and JSP compilation time.
[ INFO ] [2019-04-25 12:23:25] org.apache.catalina.core.ContainerBase.[Tomcat].[localhost].[/] [180] - Initializing Spring embedded WebApplicationContext
[ INFO ] [2019-04-25 12:23:25] org.springframework.web.context.ContextLoader [296] - Root WebApplicationContext: initialization completed in 994 ms
[ INFO ] [2019-04-25 12:23:25] org.springframework.boot.web.servlet.ServletRegistrationBean [187] - Servlet dispatcherServlet mapped to [/]
[ INFO ] [2019-04-25 12:23:25] org.springframework.boot.web.servlet.FilterRegistrationBean [245] - Mapping filter: 'characterEncodingFilter' to: [/*]
[ INFO ] [2019-04-25 12:23:25] org.springframework.boot.web.servlet.FilterRegistrationBean [245] - Mapping filter: 'hiddenHttpMethodFilter' to: [/*]
[ INFO ] [2019-04-25 12:23:25] org.springframework.boot.web.servlet.FilterRegistrationBean [245] - Mapping filter: 'httpPutFormContentFilter' to: [/*]
[ INFO ] [2019-04-25 12:23:25] org.springframework.boot.web.servlet.FilterRegistrationBean [245] - Mapping filter: 'requestContextFilter' to: [/*]
[ INFO ] [2019-04-25 12:23:25] org.springframework.web.servlet.handler.SimpleUrlHandlerMapping [373] - Mapped URL path [/**/favicon.ico] onto handler of type [class org.springframework.web.servlet.resource.ResourceHttpRequestHandler]
[ INFO ] [2019-04-25 12:23:25] org.springframework.web.servlet.mvc.method.annotation.RequestMappingHandlerAdapter [588] - Looking for @ControllerAdvice: org.springframework.boot.web.servlet.context.AnnotationConfigServletWebServerApplicationContext@2c87bc3e: startup date [Thu Apr 25 12:23:24 CST 2019]; root of context hierarchy
[ INFO ] [2019-04-25 12:23:25] org.springframework.web.servlet.mvc.method.annotation.RequestMappingHandlerMapping [550] - Mapped "{[/DopaperCtrl.save],methods=[POST]}" onto public java.lang.String shiyan.controller.DopaperCtrl.save(java.lang.String,int) throws java.lang.Exception
[ INFO ] [2019-04-25 12:23:25] org.springframework.web.servlet.mvc.method.annotation.RequestMappingHandlerMapping [550] - Mapped "{[/DopaperCtrl.teacher_search],methods=[POST]}" onto public java.lang.String shiyan.controller.DopaperCtrl.teachersearch(int,int) throws java.lang.Exception
[ INFO ] [2019-04-25 12:23:25] org.springframework.web.servlet.mvc.method.annotation.RequestMappingHandlerMapping [550] - Mapped "{[/DopaperCtrl.student_search],methods=[POST]}" onto public java.lang.String shiyan.controller.DopaperCtrl.studentsearch(int) throws java.lang.Exception
[ INFO ] [2019-04-25 12:23:25] org.springframework.web.servlet.mvc.method.annotation.RequestMappingHandlerMapping [550] - Mapped "{[/DopaperCtrl.presave]}" onto public java.lang.String shiyan.controller.DopaperCtrl.presave() throws java.lang.Exception
[ INFO ] [2019-04-25 12:23:25] org.springframework.web.servlet.mvc.method.annotation.RequestMappingHandlerMapping [550] - Mapped "{[/DopaperCtrl.del]}" onto public java.lang.String shiyan.controller.DopaperCtrl.del() throws java.lang.Exception
[ INFO ] [2019-04-25 12:23:25] org.springframework.web.servlet.mvc.method.annotation.RequestMappingHandlerMapping [550] - Mapped "{[/LoginCtrl.login],methods=[POST]}" onto public java.lang.String shiyan.controller.LoginCtrl.login(shiyan.table.Tuser) throws java.lang.Exception
[ INFO ] [2019-04-25 12:23:25] org.springframework.web.servlet.mvc.method.annotation.RequestMappingHandlerMapping [550] - Mapped "{[/LoginCtrl.getlogin]}" onto public java.lang.String shiyan.controller.LoginCtrl.getLoginUser() throws java.lang.Exception
[ INFO ] [2019-04-25 12:23:25] org.springframework.web.servlet.mvc.method.annotation.RequestMappingHandlerMapping [550] - Mapped "{[/LoginCtrl.outlogin]}" onto public java.lang.String shiyan.controller.LoginCtrl.logout() throws java.lang.Exception
[ INFO ] [2019-04-25 12:23:25] org.springframework.web.servlet.mvc.method.annotation.RequestMappingHandlerMapping [550] - Mapped "{[/PointsCtrl.all]}" onto public java.lang.String shiyan.controller.PointsCtrl.all() throws java.lang.Exception
[ INFO ] [2019-04-25 12:23:25] org.springframework.web.servlet.mvc.method.annotation.RequestMappingHandlerMapping [550] - Mapped "{[/PointsCtrl.save]}" onto public java.lang.String shiyan.controller.PointsCtrl.save() throws java.lang.Exception
[ INFO ] [2019-04-25 12:23:25] org.springframework.web.servlet.mvc.method.annotation.RequestMappingHandlerMapping [550] - Mapped "{[/PointsCtrl.search]}" onto public java.lang.String shiyan.controller.PointsCtrl.search() throws java.lang.Exception
[ INFO ] [2019-04-25 12:23:25] org.springframework.web.servlet.mvc.method.annotation.RequestMappingHandlerMapping [550] - Mapped "{[/PointsCtrl.presave]}" onto public java.lang.String shiyan.controller.PointsCtrl.presave() throws java.lang.Exception
[ INFO ] [2019-04-25 12:23:25] org.springframework.web.servlet.mvc.method.annotation.RequestMappingHandlerMapping [550] - Mapped "{[/PointsCtrl.del]}" onto public java.lang.String shiyan.controller.PointsCtrl.del() throws java.lang.Exception
[ INFO ] [2019-04-25 12:23:25] org.springframework.web.servlet.mvc.method.annotation.RequestMappingHandlerMapping [550] - Mapped "{[/QustionCtrl.all],methods=[POST]}" onto public java.lang.String shiyan.controller.QustionCtrl.all() throws java.lang.Exception
[ INFO ] [2019-04-25 12:23:25] org.springframework.web.servlet.mvc.method.annotation.RequestMappingHandlerMapping [550] - Mapped "{[/QustionCtrl.save],methods=[POST]}" onto public java.lang.String shiyan.controller.QustionCtrl.save(shiyan.table.Question) throws java.lang.Exception
[ INFO ] [2019-04-25 12:23:25] org.springframework.web.servlet.mvc.method.annotation.RequestMappingHandlerMapping [550] - Mapped "{[/QustionCtrl.search],methods=[POST]}" onto public java.lang.String shiyan.controller.QustionCtrl.search(shiyan.model.QustionModel) throws java.lang.Exception
[ INFO ] [2019-04-25 12:23:25] org.springframework.web.servlet.mvc.method.annotation.RequestMappingHandlerMapping [550] - Mapped "{[/QustionCtrl.presave],methods=[POST]}" onto public java.lang.String shiyan.controller.QustionCtrl.presave(int) throws java.lang.Exception
[ INFO ] [2019-04-25 12:23:25] org.springframework.web.servlet.mvc.method.annotation.RequestMappingHandlerMapping [550] - Mapped "{[/QustionCtrl.del],methods=[POST]}" onto public java.lang.String shiyan.controller.QustionCtrl.del(int) throws java.lang.Exception
[ INFO ] [2019-04-25 12:23:25] org.springframework.web.servlet.mvc.method.annotation.RequestMappingHandlerMapping [550] - Mapped "{[/RuleCtrl.presave],methods=[POST]}" onto public java.lang.String shiyan.controller.RuleCtrl.presave(int) throws java.lang.Exception
[ INFO ] [2019-04-25 12:23:25] org.springframework.web.servlet.mvc.method.annotation.RequestMappingHandlerMapping [550] - Mapped "{[/TestpaperCtrl.save],methods=[POST]}" onto public java.lang.String shiyan.controller.TestpaperCtrl.save(java.lang.String,shiyan.table.Rule,int) throws java.lang.Exception
[ INFO ] [2019-04-25 12:23:25] org.springframework.web.servlet.mvc.method.annotation.RequestMappingHandlerMapping [550] - Mapped "{[/TestpaperCtrl.teacherSearch],methods=[POST]}" onto public java.lang.String shiyan.controller.TestpaperCtrl.teachersearch() throws java.lang.Exception
[ INFO ] [2019-04-25 12:23:25] org.springframework.web.servlet.mvc.method.annotation.RequestMappingHandlerMapping [550] - Mapped "{[/TestpaperCtrl.studentSearch],methods=[POST]}" onto public java.lang.String shiyan.controller.TestpaperCtrl.studentsearch(int) throws java.lang.Exception
[ INFO ] [2019-04-25 12:23:25] org.springframework.web.servlet.mvc.method.annotation.RequestMappingHandlerMapping [550] - Mapped "{[/TestpaperCtrl.presave],methods=[POST]}" onto public java.lang.String shiyan.controller.TestpaperCtrl.presave(int) throws java.lang.Exception
[ INFO ] [2019-04-25 12:23:25] org.springframework.web.servlet.mvc.method.annotation.RequestMappingHandlerMapping [550] - Mapped "{[/TestpaperCtrl.del],methods=[POST]}" onto public java.lang.String shiyan.controller.TestpaperCtrl.del(java.lang.Integer[]) throws java.lang.Exception
[ INFO ] [2019-04-25 12:23:25] org.springframework.web.servlet.mvc.method.annotation.RequestMappingHandlerMapping [550] - Mapped "{[/TestpaperCtrl.changeRelease],methods=[POST]}" onto public java.lang.String shiyan.controller.TestpaperCtrl.changeRelease(int,int) throws java.lang.Exception
[ INFO ] [2019-04-25 12:23:25] org.springframework.web.servlet.mvc.method.annotation.RequestMappingHandlerMapping [550] - Mapped "{[/TuserCtrl.save]}" onto public java.lang.String shiyan.controller.TuserCtrl.save() throws java.lang.Exception
[ INFO ] [2019-04-25 12:23:25] org.springframework.web.servlet.mvc.method.annotation.RequestMappingHandlerMapping [550] - Mapped "{[/TuserCtrl.search]}" onto public java.lang.String shiyan.controller.TuserCtrl.search() throws java.lang.Exception
[ INFO ] [2019-04-25 12:23:25] org.springframework.web.servlet.mvc.method.annotation.RequestMappingHandlerMapping [550] - Mapped "{[/TuserCtrl.presave]}" onto public java.lang.String shiyan.controller.TuserCtrl.presave() throws java.lang.Exception
[ INFO ] [2019-04-25 12:23:25] org.springframework.web.servlet.mvc.method.annotation.RequestMappingHandlerMapping [550] - Mapped "{[/TuserCtrl.del]}" onto public java.lang.String shiyan.controller.TuserCtrl.del() throws java.lang.Exception
[ INFO ] [2019-04-25 12:23:25] org.springframework.web.servlet.mvc.method.annotation.RequestMappingHandlerMapping [550] - Mapped "{[/error]}" onto public org.springframework.http.ResponseEntity<java.util.Map<java.lang.String, java.lang.Object>> org.springframework.boot.autoconfigure.web.servlet.error.BasicErrorController.error(javax.servlet.http.HttpServletRequest)
[ INFO ] [2019-04-25 12:23:25] org.springframework.web.servlet.mvc.method.annotation.RequestMappingHandlerMapping [550] - Mapped "{[/error],produces=[text/html]}" onto public org.springframework.web.servlet.ModelAndView org.springframework.boot.autoconfigure.web.servlet.error.BasicErrorController.errorHtml(javax.servlet.http.HttpServletRequest,javax.servlet.http.HttpServletResponse)
[ INFO ] [2019-04-25 12:23:25] org.springframework.web.servlet.handler.SimpleUrlHandlerMapping [373] - Mapped URL path [/webjars/**] onto handler of type [class org.springframework.web.servlet.resource.ResourceHttpRequestHandler]
[ INFO ] [2019-04-25 12:23:25] org.springframework.web.servlet.handler.SimpleUrlHandlerMapping [373] - Mapped URL path [/**] onto handler of type [class org.springframework.web.servlet.resource.ResourceHttpRequestHandler]
[ INFO ] [2019-04-25 12:23:26] org.springframework.boot.autoconfigure.web.servlet.WelcomePageHandlerMapping [56] - Adding welcome page: ServletContext resource [/index.html]
[ INFO ] [2019-04-25 12:23:26] org.springframework.boot.devtools.autoconfigure.OptionalLiveReloadServer [57] - LiveReload server is running on port 35729
[ INFO ] [2019-04-25 12:23:26] org.springframework.jmx.export.annotation.AnnotationMBeanExporter [433] - Registering beans for JMX exposure on startup
[ INFO ] [2019-04-25 12:23:26] org.springframework.jmx.export.annotation.AnnotationMBeanExporter [895] - Bean with name 'dataSource' has been autodetected for JMX exposure
[ INFO ] [2019-04-25 12:23:26] org.springframework.jmx.export.annotation.AnnotationMBeanExporter [668] - Located MBean 'dataSource': registering with JMX server as MBean [com.alibaba.druid.pool:name=dataSource,type=DruidDataSource]
[ INFO ] [2019-04-25 12:23:26] org.apache.coyote.http11.Http11NioProtocol [180] - Starting ProtocolHandler ["http-nio-8080"]
[ INFO ] [2019-04-25 12:23:26] org.apache.tomcat.util.net.NioSelectorPool [180] - Using a shared selector for servlet write/read
[ INFO ] [2019-04-25 12:23:26] org.springframework.boot.web.embedded.tomcat.TomcatWebServer [206] - Tomcat started on port(s): 8080 (http) with context path ''
[ INFO ] [2019-04-25 12:23:26] shiyan.Start [59] - Started Start in 1.519 seconds (JVM running for 2149.999)
[ INFO ] [2019-04-25 12:23:26] org.springframework.boot.devtools.autoconfigure.ConditionEvaluationDeltaLoggingListener [56] - Condition evaluation unchanged
[ INFO ] [2019-04-25 13:30:31] org.apache.catalina.core.ContainerBase.[Tomcat].[localhost].[/] [180] - Initializing Spring FrameworkServlet 'dispatcherServlet'
[ INFO ] [2019-04-25 13:30:31] org.springframework.web.servlet.DispatcherServlet [497] - FrameworkServlet 'dispatcherServlet': initialization started
[ INFO ] [2019-04-25 13:30:31] org.springframework.web.servlet.DispatcherServlet [512] - FrameworkServlet 'dispatcherServlet': initialization completed in 13 ms
[ INFO ] [2019-04-25 13:30:31] com.alibaba.druid.pool.DruidDataSource [930] - {dataSource-2} inited
[ INFO ] [2019-04-25 14:33:04] org.springframework.boot.web.servlet.context.AnnotationConfigServletWebServerApplicationContext [991] - Closing org.springframework.boot.web.servlet.context.AnnotationConfigServletWebServerApplicationContext@2c87bc3e: startup date [Thu Apr 25 12:23:24 CST 2019]; root of context hierarchy
[ INFO ] [2019-04-25 14:33:04] org.springframework.jmx.export.annotation.AnnotationMBeanExporter [451] - Unregistering JMX-exposed beans on shutdown
[ INFO ] [2019-04-25 14:33:04] org.springframework.jmx.export.annotation.AnnotationMBeanExporter [185] - Unregistering JMX-exposed beans
[ INFO ] [2019-04-25 14:33:04] com.alibaba.druid.pool.DruidDataSource [1825] - {dataSource-2} closed
[ INFO ] [2019-04-25 14:33:05] shiyan.Start [50] - Starting Start on anstar-PC with PID 7380 (D:\git\web-Item-bank-system\target\classes started by anstar in D:\git\web-Item-bank-system)
[ INFO ] [2019-04-25 14:33:05] shiyan.Start [654] - No active profile set, falling back to default profiles: default
[ INFO ] [2019-04-25 14:33:05] org.springframework.boot.web.servlet.context.AnnotationConfigServletWebServerApplicationContext [588] - Refreshing org.springframework.boot.web.servlet.context.AnnotationConfigServletWebServerApplicationContext@4ab9a713: startup date [Thu Apr 25 14:33:05 CST 2019]; root of context hierarchy
[ INFO ] [2019-04-25 14:33:06] org.springframework.boot.web.embedded.tomcat.TomcatWebServer [91] - Tomcat initialized with port(s): 8080 (http)
[ INFO ] [2019-04-25 14:33:06] org.apache.coyote.http11.Http11NioProtocol [180] - Initializing ProtocolHandler ["http-nio-8080"]
[ INFO ] [2019-04-25 14:33:06] org.apache.catalina.core.StandardService [180] - Starting service [Tomcat]
[ INFO ] [2019-04-25 14:33:06] org.apache.catalina.core.StandardEngine [180] - Starting Servlet Engine: Apache Tomcat/9.0.2
[ INFO ] [2019-04-25 14:33:06] org.apache.jasper.servlet.TldScanner [180] - At least one JAR was scanned for TLDs yet contained no TLDs. Enable debug logging for this logger for a complete list of JARs that were scanned but no TLDs were found in them. Skipping unneeded JARs during scanning can improve startup time and JSP compilation time.
[ INFO ] [2019-04-25 14:33:06] org.apache.catalina.core.ContainerBase.[Tomcat].[localhost].[/] [180] - Initializing Spring embedded WebApplicationContext
[ INFO ] [2019-04-25 14:33:06] org.springframework.web.context.ContextLoader [296] - Root WebApplicationContext: initialization completed in 993 ms
[ INFO ] [2019-04-25 14:33:06] org.springframework.boot.web.servlet.ServletRegistrationBean [187] - Servlet dispatcherServlet mapped to [/]
[ INFO ] [2019-04-25 14:33:06] org.springframework.boot.web.servlet.FilterRegistrationBean [245] - Mapping filter: 'characterEncodingFilter' to: [/*]
[ INFO ] [2019-04-25 14:33:06] org.springframework.boot.web.servlet.FilterRegistrationBean [245] - Mapping filter: 'hiddenHttpMethodFilter' to: [/*]
[ INFO ] [2019-04-25 14:33:06] org.springframework.boot.web.servlet.FilterRegistrationBean [245] - Mapping filter: 'httpPutFormContentFilter' to: [/*]
[ INFO ] [2019-04-25 14:33:06] org.springframework.boot.web.servlet.FilterRegistrationBean [245] - Mapping filter: 'requestContextFilter' to: [/*]
[ INFO ] [2019-04-25 14:33:06] org.springframework.web.servlet.handler.SimpleUrlHandlerMapping [373] - Mapped URL path [/**/favicon.ico] onto handler of type [class org.springframework.web.servlet.resource.ResourceHttpRequestHandler]
[ INFO ] [2019-04-25 14:33:06] org.springframework.web.servlet.mvc.method.annotation.RequestMappingHandlerAdapter [588] - Looking for @ControllerAdvice: org.springframework.boot.web.servlet.context.AnnotationConfigServletWebServerApplicationContext@4ab9a713: startup date [Thu Apr 25 14:33:05 CST 2019]; root of context hierarchy
[ INFO ] [2019-04-25 14:33:06] org.springframework.web.servlet.mvc.method.annotation.RequestMappingHandlerMapping [550] - Mapped "{[/DopaperCtrl.save],methods=[POST]}" onto public java.lang.String shiyan.controller.DopaperCtrl.save(java.lang.String,int) throws java.lang.Exception
[ INFO ] [2019-04-25 14:33:06] org.springframework.web.servlet.mvc.method.annotation.RequestMappingHandlerMapping [550] - Mapped "{[/DopaperCtrl.teacher_search],methods=[POST]}" onto public java.lang.String shiyan.controller.DopaperCtrl.teachersearch(int,int) throws java.lang.Exception
[ INFO ] [2019-04-25 14:33:06] org.springframework.web.servlet.mvc.method.annotation.RequestMappingHandlerMapping [550] - Mapped "{[/DopaperCtrl.student_search],methods=[POST]}" onto public java.lang.String shiyan.controller.DopaperCtrl.studentsearch(int) throws java.lang.Exception
[ INFO ] [2019-04-25 14:33:06] org.springframework.web.servlet.mvc.method.annotation.RequestMappingHandlerMapping [550] - Mapped "{[/DopaperCtrl.presave]}" onto public java.lang.String shiyan.controller.DopaperCtrl.presave() throws java.lang.Exception
[ INFO ] [2019-04-25 14:33:06] org.springframework.web.servlet.mvc.method.annotation.RequestMappingHandlerMapping [550] - Mapped "{[/DopaperCtrl.del]}" onto public java.lang.String shiyan.controller.DopaperCtrl.del() throws java.lang.Exception
[ INFO ] [2019-04-25 14:33:06] org.springframework.web.servlet.mvc.method.annotation.RequestMappingHandlerMapping [550] - Mapped "{[/LoginCtrl.login],methods=[POST]}" onto public java.lang.String shiyan.controller.LoginCtrl.login(shiyan.table.Tuser) throws java.lang.Exception
[ INFO ] [2019-04-25 14:33:06] org.springframework.web.servlet.mvc.method.annotation.RequestMappingHandlerMapping [550] - Mapped "{[/LoginCtrl.getlogin]}" onto public java.lang.String shiyan.controller.LoginCtrl.getLoginUser() throws java.lang.Exception
[ INFO ] [2019-04-25 14:33:06] org.springframework.web.servlet.mvc.method.annotation.RequestMappingHandlerMapping [550] - Mapped "{[/LoginCtrl.outlogin]}" onto public java.lang.String shiyan.controller.LoginCtrl.logout() throws java.lang.Exception
[ INFO ] [2019-04-25 14:33:06] org.springframework.web.servlet.mvc.method.annotation.RequestMappingHandlerMapping [550] - Mapped "{[/PointsCtrl.all]}" onto public java.lang.String shiyan.controller.PointsCtrl.all() throws java.lang.Exception
[ INFO ] [2019-04-25 14:33:06] org.springframework.web.servlet.mvc.method.annotation.RequestMappingHandlerMapping [550] - Mapped "{[/PointsCtrl.save]}" onto public java.lang.String shiyan.controller.PointsCtrl.save() throws java.lang.Exception
[ INFO ] [2019-04-25 14:33:06] org.springframework.web.servlet.mvc.method.annotation.RequestMappingHandlerMapping [550] - Mapped "{[/PointsCtrl.search]}" onto public java.lang.String shiyan.controller.PointsCtrl.search() throws java.lang.Exception
[ INFO ] [2019-04-25 14:33:06] org.springframework.web.servlet.mvc.method.annotation.RequestMappingHandlerMapping [550] - Mapped "{[/PointsCtrl.presave]}" onto public java.lang.String shiyan.controller.PointsCtrl.presave() throws java.lang.Exception
[ INFO ] [2019-04-25 14:33:06] org.springframework.web.servlet.mvc.method.annotation.RequestMappingHandlerMapping [550] - Mapped "{[/PointsCtrl.del]}" onto public java.lang.String shiyan.controller.PointsCtrl.del() throws java.lang.Exception
[ INFO ] [2019-04-25 14:33:06] org.springframework.web.servlet.mvc.method.annotation.RequestMappingHandlerMapping [550] - Mapped "{[/QustionCtrl.all],methods=[POST]}" onto public java.lang.String shiyan.controller.QustionCtrl.all() throws java.lang.Exception
[ INFO ] [2019-04-25 14:33:06] org.springframework.web.servlet.mvc.method.annotation.RequestMappingHandlerMapping [550] - Mapped "{[/QustionCtrl.save],methods=[POST]}" onto public java.lang.String shiyan.controller.QustionCtrl.save(shiyan.table.Question) throws java.lang.Exception
[ INFO ] [2019-04-25 14:33:06] org.springframework.web.servlet.mvc.method.annotation.RequestMappingHandlerMapping [550] - Mapped "{[/QustionCtrl.search],methods=[POST]}" onto public java.lang.String shiyan.controller.QustionCtrl.search(shiyan.model.QustionModel) throws java.lang.Exception
[ INFO ] [2019-04-25 14:33:06] org.springframework.web.servlet.mvc.method.annotation.RequestMappingHandlerMapping [550] - Mapped "{[/QustionCtrl.presave],methods=[POST]}" onto public java.lang.String shiyan.controller.QustionCtrl.presave(int) throws java.lang.Exception
[ INFO ] [2019-04-25 14:33:06] org.springframework.web.servlet.mvc.method.annotation.RequestMappingHandlerMapping [550] - Mapped "{[/QustionCtrl.del],methods=[POST]}" onto public java.lang.String shiyan.controller.QustionCtrl.del(int) throws java.lang.Exception
[ INFO ] [2019-04-25 14:33:06] org.springframework.web.servlet.mvc.method.annotation.RequestMappingHandlerMapping [550] - Mapped "{[/RuleCtrl.presave],methods=[POST]}" onto public java.lang.String shiyan.controller.RuleCtrl.presave(int) throws java.lang.Exception
[ INFO ] [2019-04-25 14:33:06] org.springframework.web.servlet.mvc.method.annotation.RequestMappingHandlerMapping [550] - Mapped "{[/TestpaperCtrl.save],methods=[POST]}" onto public java.lang.String shiyan.controller.TestpaperCtrl.save(java.lang.String,shiyan.table.Rule,int) throws java.lang.Exception
[ INFO ] [2019-04-25 14:33:06] org.springframework.web.servlet.mvc.method.annotation.RequestMappingHandlerMapping [550] - Mapped "{[/TestpaperCtrl.teacherSearch],methods=[POST]}" onto public java.lang.String shiyan.controller.TestpaperCtrl.teachersearch() throws java.lang.Exception
[ INFO ] [2019-04-25 14:33:06] org.springframework.web.servlet.mvc.method.annotation.RequestMappingHandlerMapping [550] - Mapped "{[/TestpaperCtrl.studentSearch],methods=[POST]}" onto public java.lang.String shiyan.controller.TestpaperCtrl.studentsearch(int) throws java.lang.Exception
[ INFO ] [2019-04-25 14:33:06] org.springframework.web.servlet.mvc.method.annotation.RequestMappingHandlerMapping [550] - Mapped "{[/TestpaperCtrl.presave],methods=[POST]}" onto public java.lang.String shiyan.controller.TestpaperCtrl.presave(int) throws java.lang.Exception
[ INFO ] [2019-04-25 14:33:06] org.springframework.web.servlet.mvc.method.annotation.RequestMappingHandlerMapping [550] - Mapped "{[/TestpaperCtrl.del],methods=[POST]}" onto public java.lang.String shiyan.controller.TestpaperCtrl.del(java.lang.Integer[]) throws java.lang.Exception
[ INFO ] [2019-04-25 14:33:06] org.springframework.web.servlet.mvc.method.annotation.RequestMappingHandlerMapping [550] - Mapped "{[/TestpaperCtrl.changeRelease],methods=[POST]}" onto public java.lang.String shiyan.controller.TestpaperCtrl.changeRelease(int,int) throws java.lang.Exception
[ INFO ] [2019-04-25 14:33:06] org.springframework.web.servlet.mvc.method.annotation.RequestMappingHandlerMapping [550] - Mapped "{[/TuserCtrl.save]}" onto public java.lang.String shiyan.controller.TuserCtrl.save() throws java.lang.Exception
[ INFO ] [2019-04-25 14:33:06] org.springframework.web.servlet.mvc.method.annotation.RequestMappingHandlerMapping [550] - Mapped "{[/TuserCtrl.search]}" onto public java.lang.String shiyan.controller.TuserCtrl.search() throws java.lang.Exception
[ INFO ] [2019-04-25 14:33:06] org.springframework.web.servlet.mvc.method.annotation.RequestMappingHandlerMapping [550] - Mapped "{[/TuserCtrl.presave]}" onto public java.lang.String shiyan.controller.TuserCtrl.presave() throws java.lang.Exception
[ INFO ] [2019-04-25 14:33:06] org.springframework.web.servlet.mvc.method.annotation.RequestMappingHandlerMapping [550] - Mapped "{[/TuserCtrl.del]}" onto public java.lang.String shiyan.controller.TuserCtrl.del() throws java.lang.Exception
[ INFO ] [2019-04-25 14:33:06] org.springframework.web.servlet.mvc.method.annotation.RequestMappingHandlerMapping [550] - Mapped "{[/error]}" onto public org.springframework.http.ResponseEntity<java.util.Map<java.lang.String, java.lang.Object>> org.springframework.boot.autoconfigure.web.servlet.error.BasicErrorController.error(javax.servlet.http.HttpServletRequest)
[ INFO ] [2019-04-25 14:33:06] org.springframework.web.servlet.mvc.method.annotation.RequestMappingHandlerMapping [550] - Mapped "{[/error],produces=[text/html]}" onto public org.springframework.web.servlet.ModelAndView org.springframework.boot.autoconfigure.web.servlet.error.BasicErrorController.errorHtml(javax.servlet.http.HttpServletRequest,javax.servlet.http.HttpServletResponse)
[ INFO ] [2019-04-25 14:33:06] org.springframework.web.servlet.handler.SimpleUrlHandlerMapping [373] - Mapped URL path [/webjars/**] onto handler of type [class org.springframework.web.servlet.resource.ResourceHttpRequestHandler]
[ INFO ] [2019-04-25 14:33:06] org.springframework.web.servlet.handler.SimpleUrlHandlerMapping [373] - Mapped URL path [/**] onto handler of type [class org.springframework.web.servlet.resource.ResourceHttpRequestHandler]
[ INFO ] [2019-04-25 14:33:06] org.springframework.boot.autoconfigure.web.servlet.WelcomePageHandlerMapping [56] - Adding welcome page: ServletContext resource [/index.html]
[ INFO ] [2019-04-25 14:33:06] org.springframework.boot.devtools.autoconfigure.OptionalLiveReloadServer [57] - LiveReload server is running on port 35729
[ INFO ] [2019-04-25 14:33:06] org.springframework.jmx.export.annotation.AnnotationMBeanExporter [433] - Registering beans for JMX exposure on startup
[ INFO ] [2019-04-25 14:33:06] org.springframework.jmx.export.annotation.AnnotationMBeanExporter [895] - Bean with name 'dataSource' has been autodetected for JMX exposure
[ INFO ] [2019-04-25 14:33:06] org.springframework.jmx.export.annotation.AnnotationMBeanExporter [668] - Located MBean 'dataSource': registering with JMX server as MBean [com.alibaba.druid.pool:name=dataSource,type=DruidDataSource]
[ INFO ] [2019-04-25 14:33:06] org.apache.coyote.http11.Http11NioProtocol [180] - Starting ProtocolHandler ["http-nio-8080"]
[ INFO ] [2019-04-25 14:33:06] org.apache.tomcat.util.net.NioSelectorPool [180] - Using a shared selector for servlet write/read
[ INFO ] [2019-04-25 14:33:06] org.springframework.boot.web.embedded.tomcat.TomcatWebServer [206] - Tomcat started on port(s): 8080 (http) with context path ''
[ INFO ] [2019-04-25 14:33:06] shiyan.Start [59] - Started Start in 1.549 seconds (JVM running for 9930.384)
[ INFO ] [2019-04-25 14:33:06] org.springframework.boot.devtools.autoconfigure.ConditionEvaluationDeltaLoggingListener [56] - Condition evaluation unchanged
[ INFO ] [2019-04-25 15:00:35] shiyan.Start [50] - Starting Start on anstar-PC with PID 9900 (D:\git\web-Item-bank-system\target\classes started by anstar in D:\git\web-Item-bank-system)
[ INFO ] [2019-04-25 15:00:35] shiyan.Start [654] - No active profile set, falling back to default profiles: default
[ INFO ] [2019-04-25 15:00:35] org.springframework.boot.web.servlet.context.AnnotationConfigServletWebServerApplicationContext [588] - Refreshing org.springframework.boot.web.servlet.context.AnnotationConfigServletWebServerApplicationContext@1382b65c: startup date [Thu Apr 25 15:00:35 CST 2019]; root of context hierarchy
[ INFO ] [2019-04-25 15:00:38] org.springframework.boot.web.embedded.tomcat.TomcatWebServer [91] - Tomcat initialized with port(s): 8080 (http)
[ INFO ] [2019-04-25 15:00:38] org.apache.coyote.http11.Http11NioProtocol [180] - Initializing ProtocolHandler ["http-nio-8080"]
[ INFO ] [2019-04-25 15:00:38] org.apache.catalina.core.StandardService [180] - Starting service [Tomcat]
[ INFO ] [2019-04-25 15:00:38] org.apache.catalina.core.StandardEngine [180] - Starting Servlet Engine: Apache Tomcat/9.0.2
[ INFO ] [2019-04-25 15:00:38] org.apache.catalina.core.AprLifecycleListener [180] - The APR based Apache Tomcat Native library which allows optimal performance in production environments was not found on the java.library.path: [C:\Program Files\Java\jre1.8.0_161\bin;C:\Windows\Sun\Java\bin;C:\Windows\system32;C:\Windows;C:/Program Files/Java/jre1.8.0_161/bin/server;C:/Program Files/Java/jre1.8.0_161/bin;C:/Program Files/Java/jre1.8.0_161/lib/amd64;D:\apache-maven-3.5.3\bin;C:\ProgramData\Oracle\Java\javapath;C:\Windows\system32;C:\Windows;C:\Windows\System32\Wbem;C:\Windows\System32\WindowsPowerShell\v1.0\;C:\Program Files (x86)\NVIDIA Corporation\PhysX\Common;C:\Program Files\Java\jdk1.8.0_161\bin;C:\Program Files\Java\jdk1.8.0_161\jre\bin;C:\Program Files (x86)\Microsoft SQL Server\100\Tools\Binn\;C:\Program Files\Microsoft SQL Server\100\Tools\Binn\;C:\Program Files\Microsoft SQL Server\100\DTS\Binn\;C:\Program Files (x86)\Microsoft SQL Server\100\Tools\Binn\VSShell\Common7\IDE\;C:\Program Files (x86)\Microsoft Visual Studio 9.0\Common7\IDE\PrivateAssemblies\;C:\Program Files (x86)\Microsoft SQL Server\100\DTS\Binn\;C:\Program Files\NVIDIA Corporation\NVIDIA NvDLISR;D:\eclipse;;.]
[ INFO ] [2019-04-25 15:00:38] org.apache.jasper.servlet.TldScanner [180] - At least one JAR was scanned for TLDs yet contained no TLDs. Enable debug logging for this logger for a complete list of JARs that were scanned but no TLDs were found in them. Skipping unneeded JARs during scanning can improve startup time and JSP compilation time.
[ INFO ] [2019-04-25 15:00:38] org.apache.catalina.core.ContainerBase.[Tomcat].[localhost].[/] [180] - Initializing Spring embedded WebApplicationContext
[ INFO ] [2019-04-25 15:00:38] org.springframework.web.context.ContextLoader [296] - Root WebApplicationContext: initialization completed in 3216 ms
[ INFO ] [2019-04-25 15:00:39] org.springframework.boot.web.servlet.ServletRegistrationBean [187] - Servlet dispatcherServlet mapped to [/]
[ INFO ] [2019-04-25 15:00:39] org.springframework.boot.web.servlet.FilterRegistrationBean [245] - Mapping filter: 'characterEncodingFilter' to: [/*]
[ INFO ] [2019-04-25 15:00:39] org.springframework.boot.web.servlet.FilterRegistrationBean [245] - Mapping filter: 'hiddenHttpMethodFilter' to: [/*]
[ INFO ] [2019-04-25 15:00:39] org.springframework.boot.web.servlet.FilterRegistrationBean [245] - Mapping filter: 'httpPutFormContentFilter' to: [/*]
[ INFO ] [2019-04-25 15:00:39] org.springframework.boot.web.servlet.FilterRegistrationBean [245] - Mapping filter: 'requestContextFilter' to: [/*]
[ INFO ] [2019-04-25 15:00:39] org.springframework.web.servlet.handler.SimpleUrlHandlerMapping [373] - Mapped URL path [/**/favicon.ico] onto handler of type [class org.springframework.web.servlet.resource.ResourceHttpRequestHandler]
[ INFO ] [2019-04-25 15:00:39] org.springframework.web.servlet.mvc.method.annotation.RequestMappingHandlerAdapter [588] - Looking for @ControllerAdvice: org.springframework.boot.web.servlet.context.AnnotationConfigServletWebServerApplicationContext@1382b65c: startup date [Thu Apr 25 15:00:35 CST 2019]; root of context hierarchy
[ INFO ] [2019-04-25 15:00:39] org.springframework.web.servlet.mvc.method.annotation.RequestMappingHandlerMapping [550] - Mapped "{[/DopaperCtrl.save],methods=[POST]}" onto public java.lang.String shiyan.controller.DopaperCtrl.save(java.lang.String,int) throws java.lang.Exception
[ INFO ] [2019-04-25 15:00:39] org.springframework.web.servlet.mvc.method.annotation.RequestMappingHandlerMapping [550] - Mapped "{[/DopaperCtrl.teacher_search],methods=[POST]}" onto public java.lang.String shiyan.controller.DopaperCtrl.teachersearch(int,int) throws java.lang.Exception
[ INFO ] [2019-04-25 15:00:39] org.springframework.web.servlet.mvc.method.annotation.RequestMappingHandlerMapping [550] - Mapped "{[/DopaperCtrl.student_search],methods=[POST]}" onto public java.lang.String shiyan.controller.DopaperCtrl.studentsearch(int) throws java.lang.Exception
[ INFO ] [2019-04-25 15:00:39] org.springframework.web.servlet.mvc.method.annotation.RequestMappingHandlerMapping [550] - Mapped "{[/DopaperCtrl.presave]}" onto public java.lang.String shiyan.controller.DopaperCtrl.presave() throws java.lang.Exception
[ INFO ] [2019-04-25 15:00:39] org.springframework.web.servlet.mvc.method.annotation.RequestMappingHandlerMapping [550] - Mapped "{[/DopaperCtrl.del]}" onto public java.lang.String shiyan.controller.DopaperCtrl.del() throws java.lang.Exception
[ INFO ] [2019-04-25 15:00:39] org.springframework.web.servlet.mvc.method.annotation.RequestMappingHandlerMapping [550] - Mapped "{[/LoginCtrl.login],methods=[POST]}" onto public java.lang.String shiyan.controller.LoginCtrl.login(shiyan.table.Tuser) throws java.lang.Exception
[ INFO ] [2019-04-25 15:00:39] org.springframework.web.servlet.mvc.method.annotation.RequestMappingHandlerMapping [550] - Mapped "{[/LoginCtrl.getlogin]}" onto public java.lang.String shiyan.controller.LoginCtrl.getLoginUser() throws java.lang.Exception
[ INFO ] [2019-04-25 15:00:39] org.springframework.web.servlet.mvc.method.annotation.RequestMappingHandlerMapping [550] - Mapped "{[/LoginCtrl.outlogin]}" onto public java.lang.String shiyan.controller.LoginCtrl.logout() throws java.lang.Exception
[ INFO ] [2019-04-25 15:00:39] org.springframework.web.servlet.mvc.method.annotation.RequestMappingHandlerMapping [550] - Mapped "{[/PointsCtrl.all]}" onto public java.lang.String shiyan.controller.PointsCtrl.all() throws java.lang.Exception
[ INFO ] [2019-04-25 15:00:39] org.springframework.web.servlet.mvc.method.annotation.RequestMappingHandlerMapping [550] - Mapped "{[/PointsCtrl.save]}" onto public java.lang.String shiyan.controller.PointsCtrl.save() throws java.lang.Exception
[ INFO ] [2019-04-25 15:00:39] org.springframework.web.servlet.mvc.method.annotation.RequestMappingHandlerMapping [550] - Mapped "{[/PointsCtrl.search]}" onto public java.lang.String shiyan.controller.PointsCtrl.search() throws java.lang.Exception
[ INFO ] [2019-04-25 15:00:39] org.springframework.web.servlet.mvc.method.annotation.RequestMappingHandlerMapping [550] - Mapped "{[/PointsCtrl.presave]}" onto public java.lang.String shiyan.controller.PointsCtrl.presave() throws java.lang.Exception
[ INFO ] [2019-04-25 15:00:39] org.springframework.web.servlet.mvc.method.annotation.RequestMappingHandlerMapping [550] - Mapped "{[/PointsCtrl.del]}" onto public java.lang.String shiyan.controller.PointsCtrl.del() throws java.lang.Exception
[ INFO ] [2019-04-25 15:00:39] org.springframework.web.servlet.mvc.method.annotation.RequestMappingHandlerMapping [550] - Mapped "{[/QustionCtrl.all],methods=[POST]}" onto public java.lang.String shiyan.controller.QustionCtrl.all() throws java.lang.Exception
[ INFO ] [2019-04-25 15:00:39] org.springframework.web.servlet.mvc.method.annotation.RequestMappingHandlerMapping [550] - Mapped "{[/QustionCtrl.save],methods=[POST]}" onto public java.lang.String shiyan.controller.QustionCtrl.save(shiyan.table.Question) throws java.lang.Exception
[ INFO ] [2019-04-25 15:00:39] org.springframework.web.servlet.mvc.method.annotation.RequestMappingHandlerMapping [550] - Mapped "{[/QustionCtrl.search],methods=[POST]}" onto public java.lang.String shiyan.controller.QustionCtrl.search(shiyan.model.QustionModel) throws java.lang.Exception
[ INFO ] [2019-04-25 15:00:39] org.springframework.web.servlet.mvc.method.annotation.RequestMappingHandlerMapping [550] - Mapped "{[/QustionCtrl.presave],methods=[POST]}" onto public java.lang.String shiyan.controller.QustionCtrl.presave(int) throws java.lang.Exception
[ INFO ] [2019-04-25 15:00:39] org.springframework.web.servlet.mvc.method.annotation.RequestMappingHandlerMapping [550] - Mapped "{[/QustionCtrl.del],methods=[POST]}" onto public java.lang.String shiyan.controller.QustionCtrl.del(int) throws java.lang.Exception
[ INFO ] [2019-04-25 15:00:39] org.springframework.web.servlet.mvc.method.annotation.RequestMappingHandlerMapping [550] - Mapped "{[/RuleCtrl.presave],methods=[POST]}" onto public java.lang.String shiyan.controller.RuleCtrl.presave(int) throws java.lang.Exception
[ INFO ] [2019-04-25 15:00:39] org.springframework.web.servlet.mvc.method.annotation.RequestMappingHandlerMapping [550] - Mapped "{[/TestpaperCtrl.save],methods=[POST]}" onto public java.lang.String shiyan.controller.TestpaperCtrl.save(java.lang.String,shiyan.table.Rule,int) throws java.lang.Exception
[ INFO ] [2019-04-25 15:00:39] org.springframework.web.servlet.mvc.method.annotation.RequestMappingHandlerMapping [550] - Mapped "{[/TestpaperCtrl.teacherSearch],methods=[POST]}" onto public java.lang.String shiyan.controller.TestpaperCtrl.teachersearch() throws java.lang.Exception
[ INFO ] [2019-04-25 15:00:39] org.springframework.web.servlet.mvc.method.annotation.RequestMappingHandlerMapping [550] - Mapped "{[/TestpaperCtrl.studentSearch],methods=[POST]}" onto public java.lang.String shiyan.controller.TestpaperCtrl.studentsearch(int) throws java.lang.Exception
[ INFO ] [2019-04-25 15:00:39] org.springframework.web.servlet.mvc.method.annotation.RequestMappingHandlerMapping [550] - Mapped "{[/TestpaperCtrl.presave],methods=[POST]}" onto public java.lang.String shiyan.controller.TestpaperCtrl.presave(int) throws java.lang.Exception
[ INFO ] [2019-04-25 15:00:39] org.springframework.web.servlet.mvc.method.annotation.RequestMappingHandlerMapping [550] - Mapped "{[/TestpaperCtrl.del],methods=[POST]}" onto public java.lang.String shiyan.controller.TestpaperCtrl.del(java.lang.Integer[]) throws java.lang.Exception
[ INFO ] [2019-04-25 15:00:39] org.springframework.web.servlet.mvc.method.annotation.RequestMappingHandlerMapping [550] - Mapped "{[/TestpaperCtrl.changeRelease],methods=[POST]}" onto public java.lang.String shiyan.controller.TestpaperCtrl.changeRelease(int,int) throws java.lang.Exception
[ INFO ] [2019-04-25 15:00:39] org.springframework.web.servlet.mvc.method.annotation.RequestMappingHandlerMapping [550] - Mapped "{[/TuserCtrl.save]}" onto public java.lang.String shiyan.controller.TuserCtrl.save() throws java.lang.Exception
[ INFO ] [2019-04-25 15:00:39] org.springframework.web.servlet.mvc.method.annotation.RequestMappingHandlerMapping [550] - Mapped "{[/TuserCtrl.search]}" onto public java.lang.String shiyan.controller.TuserCtrl.search() throws java.lang.Exception
[ INFO ] [2019-04-25 15:00:39] org.springframework.web.servlet.mvc.method.annotation.RequestMappingHandlerMapping [550] - Mapped "{[/TuserCtrl.presave]}" onto public java.lang.String shiyan.controller.TuserCtrl.presave() throws java.lang.Exception
[ INFO ] [2019-04-25 15:00:39] org.springframework.web.servlet.mvc.method.annotation.RequestMappingHandlerMapping [550] - Mapped "{[/TuserCtrl.del]}" onto public java.lang.String shiyan.controller.TuserCtrl.del() throws java.lang.Exception
[ INFO ] [2019-04-25 15:00:39] org.springframework.web.servlet.mvc.method.annotation.RequestMappingHandlerMapping [550] - Mapped "{[/error]}" onto public org.springframework.http.ResponseEntity<java.util.Map<java.lang.String, java.lang.Object>> org.springframework.boot.autoconfigure.web.servlet.error.BasicErrorController.error(javax.servlet.http.HttpServletRequest)
[ INFO ] [2019-04-25 15:00:39] org.springframework.web.servlet.mvc.method.annotation.RequestMappingHandlerMapping [550] - Mapped "{[/error],produces=[text/html]}" onto public org.springframework.web.servlet.ModelAndView org.springframework.boot.autoconfigure.web.servlet.error.BasicErrorController.errorHtml(javax.servlet.http.HttpServletRequest,javax.servlet.http.HttpServletResponse)
[ INFO ] [2019-04-25 15:00:39] org.springframework.web.servlet.handler.SimpleUrlHandlerMapping [373] - Mapped URL path [/webjars/**] onto handler of type [class org.springframework.web.servlet.resource.ResourceHttpRequestHandler]
[ INFO ] [2019-04-25 15:00:39] org.springframework.web.servlet.handler.SimpleUrlHandlerMapping [373] - Mapped URL path [/**] onto handler of type [class org.springframework.web.servlet.resource.ResourceHttpRequestHandler]
[ INFO ] [2019-04-25 15:00:40] org.springframework.boot.autoconfigure.web.servlet.WelcomePageHandlerMapping [56] - Adding welcome page: ServletContext resource [/index.html]
[ INFO ] [2019-04-25 15:00:40] org.springframework.boot.devtools.autoconfigure.OptionalLiveReloadServer [57] - LiveReload server is running on port 35729
[ INFO ] [2019-04-25 15:00:40] org.springframework.jmx.export.annotation.AnnotationMBeanExporter [433] - Registering beans for JMX exposure on startup
[ INFO ] [2019-04-25 15:00:40] org.springframework.jmx.export.annotation.AnnotationMBeanExporter [895] - Bean with name 'dataSource' has been autodetected for JMX exposure
[ INFO ] [2019-04-25 15:00:40] org.springframework.jmx.export.annotation.AnnotationMBeanExporter [668] - Located MBean 'dataSource': registering with JMX server as MBean [com.alibaba.druid.pool:name=dataSource,type=DruidDataSource]
[ INFO ] [2019-04-25 15:00:40] org.apache.coyote.http11.Http11NioProtocol [180] - Starting ProtocolHandler ["http-nio-8080"]
[ INFO ] [2019-04-25 15:00:40] org.apache.tomcat.util.net.NioSelectorPool [180] - Using a shared selector for servlet write/read
[ INFO ] [2019-04-25 15:00:40] org.springframework.boot.web.embedded.tomcat.TomcatWebServer [206] - Tomcat started on port(s): 8080 (http) with context path ''
[ INFO ] [2019-04-25 15:00:40] shiyan.Start [59] - Started Start in 5.415 seconds (JVM running for 6.173)
[ INFO ] [2019-04-25 15:01:03] org.apache.catalina.core.ContainerBase.[Tomcat].[localhost].[/] [180] - Initializing Spring FrameworkServlet 'dispatcherServlet'
[ INFO ] [2019-04-25 15:01:03] org.springframework.web.servlet.DispatcherServlet [497] - FrameworkServlet 'dispatcherServlet': initialization started
[ INFO ] [2019-04-25 15:01:03] org.springframework.web.servlet.DispatcherServlet [512] - FrameworkServlet 'dispatcherServlet': initialization completed in 40 ms
[ INFO ] [2019-04-25 15:03:11] com.alibaba.druid.pool.DruidDataSource [930] - {dataSource-1} inited
[ INFO ] [2019-04-25 15:20:40] net.sf.json.JSONObject [769] - Property 'kpCoverage' of class shiyan.model.PaperModel has no read method. SKIPPED
[ INFO ] [2019-04-25 15:20:40] net.sf.json.JSONObject [769] - Property 'question' of class shiyan.model.PaperModel has no read method. SKIPPED
[ INFO ] [2019-04-25 17:16:43] org.apache.coyote.http11.Http11Processor [182] - Error parsing HTTP request header
 Note: further occurrences of HTTP request parsing errors will be logged at DEBUG level.
java.lang.IllegalArgumentException: Invalid character found in method name. HTTP method names must be tokens
	at org.apache.coyote.http11.Http11InputBuffer.parseRequestLine(Http11InputBuffer.java:410)
	at org.apache.coyote.http11.Http11Processor.service(Http11Processor.java:383)
	at org.apache.coyote.AbstractProcessorLight.process(AbstractProcessorLight.java:66)
	at org.apache.coyote.AbstractProtocol$ConnectionHandler.process(AbstractProtocol.java:754)
	at org.apache.tomcat.util.net.NioEndpoint$SocketProcessor.doRun(NioEndpoint.java:1376)
	at org.apache.tomcat.util.net.SocketProcessorBase.run(SocketProcessorBase.java:49)
	at java.util.concurrent.ThreadPoolExecutor.runWorker(Unknown Source)
	at java.util.concurrent.ThreadPoolExecutor$Worker.run(Unknown Source)
	at org.apache.tomcat.util.threads.TaskThread$WrappingRunnable.run(TaskThread.java:61)
	at java.lang.Thread.run(Unknown Source)
