[ INFO ] [2019-04-16 16:06:48] shiyan.Start [50] - Starting Start on anstar-PC with PID 2568 (D:\git\web-Item-bank-system\target\classes started by anstar in D:\git\web-Item-bank-system)
[ INFO ] [2019-04-16 16:06:48] shiyan.Start [654] - No active profile set, falling back to default profiles: default
[ INFO ] [2019-04-16 16:06:48] org.springframework.boot.web.servlet.context.AnnotationConfigServletWebServerApplicationContext [588] - Refreshing org.springframework.boot.web.servlet.context.AnnotationConfigServletWebServerApplicationContext@37e25bb1: startup date [Tue Apr 16 16:06:48 CST 2019]; root of context hierarchy
[ INFO ] [2019-04-16 16:06:50] org.springframework.boot.web.embedded.tomcat.TomcatWebServer [91] - Tomcat initialized with port(s): 8080 (http)
[ INFO ] [2019-04-16 16:06:50] org.apache.coyote.http11.Http11NioProtocol [180] - Initializing ProtocolHandler ["http-nio-8080"]
[ INFO ] [2019-04-16 16:06:50] org.apache.catalina.core.StandardService [180] - Starting service [Tomcat]
[ INFO ] [2019-04-16 16:06:50] org.apache.catalina.core.StandardEngine [180] - Starting Servlet Engine: Apache Tomcat/9.0.2
[ INFO ] [2019-04-16 16:06:50] org.apache.catalina.core.AprLifecycleListener [180] - The APR based Apache Tomcat Native library which allows optimal performance in production environments was not found on the java.library.path: [C:\Program Files\Java\jre1.8.0_161\bin;C:\Windows\Sun\Java\bin;C:\Windows\system32;C:\Windows;C:/Program Files/Java/jre1.8.0_161/bin/server;C:/Program Files/Java/jre1.8.0_161/bin;C:/Program Files/Java/jre1.8.0_161/lib/amd64;D:\apache-maven-3.5.3\bin;C:\ProgramData\Oracle\Java\javapath;C:\Windows\system32;C:\Windows;C:\Windows\System32\Wbem;C:\Windows\System32\WindowsPowerShell\v1.0\;C:\Program Files (x86)\NVIDIA Corporation\PhysX\Common;C:\Program Files\Java\jdk1.8.0_161\bin;C:\Program Files\Java\jdk1.8.0_161\jre\bin;C:\Program Files (x86)\Microsoft SQL Server\100\Tools\Binn\;C:\Program Files\Microsoft SQL Server\100\Tools\Binn\;C:\Program Files\Microsoft SQL Server\100\DTS\Binn\;C:\Program Files (x86)\Microsoft SQL Server\100\Tools\Binn\VSShell\Common7\IDE\;C:\Program Files (x86)\Microsoft Visual Studio 9.0\Common7\IDE\PrivateAssemblies\;C:\Program Files (x86)\Microsoft SQL Server\100\DTS\Binn\;C:\Program Files\NVIDIA Corporation\NVIDIA NvDLISR;D:\eclipse;;.]
[ INFO ] [2019-04-16 16:06:51] org.apache.jasper.servlet.TldScanner [180] - At least one JAR was scanned for TLDs yet contained no TLDs. Enable debug logging for this logger for a complete list of JARs that were scanned but no TLDs were found in them. Skipping unneeded JARs during scanning can improve startup time and JSP compilation time.
[ INFO ] [2019-04-16 16:06:51] org.apache.catalina.core.ContainerBase.[Tomcat].[localhost].[/] [180] - Initializing Spring embedded WebApplicationContext
[ INFO ] [2019-04-16 16:06:51] org.springframework.web.context.ContextLoader [296] - Root WebApplicationContext: initialization completed in 2981 ms
[ INFO ] [2019-04-16 16:06:51] org.springframework.boot.web.servlet.ServletRegistrationBean [187] - Servlet dispatcherServlet mapped to [/]
[ INFO ] [2019-04-16 16:06:51] org.springframework.boot.web.servlet.FilterRegistrationBean [245] - Mapping filter: 'characterEncodingFilter' to: [/*]
[ INFO ] [2019-04-16 16:06:51] org.springframework.boot.web.servlet.FilterRegistrationBean [245] - Mapping filter: 'hiddenHttpMethodFilter' to: [/*]
[ INFO ] [2019-04-16 16:06:51] org.springframework.boot.web.servlet.FilterRegistrationBean [245] - Mapping filter: 'httpPutFormContentFilter' to: [/*]
[ INFO ] [2019-04-16 16:06:51] org.springframework.boot.web.servlet.FilterRegistrationBean [245] - Mapping filter: 'requestContextFilter' to: [/*]
[ INFO ] [2019-04-16 16:06:52] org.springframework.web.servlet.handler.SimpleUrlHandlerMapping [373] - Mapped URL path [/**/favicon.ico] onto handler of type [class org.springframework.web.servlet.resource.ResourceHttpRequestHandler]
[ INFO ] [2019-04-16 16:06:52] org.springframework.web.servlet.mvc.method.annotation.RequestMappingHandlerAdapter [588] - Looking for @ControllerAdvice: org.springframework.boot.web.servlet.context.AnnotationConfigServletWebServerApplicationContext@37e25bb1: startup date [Tue Apr 16 16:06:48 CST 2019]; root of context hierarchy
[ INFO ] [2019-04-16 16:06:52] org.springframework.web.servlet.mvc.method.annotation.RequestMappingHandlerMapping [550] - Mapped "{[/BlanksCtrl.save]}" onto public java.lang.String shiyan.controller.BlanksCtrl.save() throws java.lang.Exception
[ INFO ] [2019-04-16 16:06:52] org.springframework.web.servlet.mvc.method.annotation.RequestMappingHandlerMapping [550] - Mapped "{[/BlanksCtrl.search]}" onto public java.lang.String shiyan.controller.BlanksCtrl.search() throws java.lang.Exception
[ INFO ] [2019-04-16 16:06:52] org.springframework.web.servlet.mvc.method.annotation.RequestMappingHandlerMapping [550] - Mapped "{[/BlanksCtrl.presave]}" onto public java.lang.String shiyan.controller.BlanksCtrl.presave() throws java.lang.Exception
[ INFO ] [2019-04-16 16:06:52] org.springframework.web.servlet.mvc.method.annotation.RequestMappingHandlerMapping [550] - Mapped "{[/BlanksCtrl.del]}" onto public java.lang.String shiyan.controller.BlanksCtrl.del() throws java.lang.Exception
[ INFO ] [2019-04-16 16:06:52] org.springframework.web.servlet.mvc.method.annotation.RequestMappingHandlerMapping [550] - Mapped "{[/ChoiceCtrl.save]}" onto public java.lang.String shiyan.controller.ChoiceCtrl.save() throws java.lang.Exception
[ INFO ] [2019-04-16 16:06:52] org.springframework.web.servlet.mvc.method.annotation.RequestMappingHandlerMapping [550] - Mapped "{[/ChoiceCtrl.search]}" onto public java.lang.String shiyan.controller.ChoiceCtrl.search() throws java.lang.Exception
[ INFO ] [2019-04-16 16:06:52] org.springframework.web.servlet.mvc.method.annotation.RequestMappingHandlerMapping [550] - Mapped "{[/ChoiceCtrl.presave]}" onto public java.lang.String shiyan.controller.ChoiceCtrl.presave() throws java.lang.Exception
[ INFO ] [2019-04-16 16:06:52] org.springframework.web.servlet.mvc.method.annotation.RequestMappingHandlerMapping [550] - Mapped "{[/ChoiceCtrl.del]}" onto public java.lang.String shiyan.controller.ChoiceCtrl.del() throws java.lang.Exception
[ INFO ] [2019-04-16 16:06:52] org.springframework.web.servlet.mvc.method.annotation.RequestMappingHandlerMapping [550] - Mapped "{[/DotitleCtrl.save]}" onto public java.lang.String shiyan.controller.DotitleCtrl.save() throws java.lang.Exception
[ INFO ] [2019-04-16 16:06:52] org.springframework.web.servlet.mvc.method.annotation.RequestMappingHandlerMapping [550] - Mapped "{[/DotitleCtrl.search]}" onto public java.lang.String shiyan.controller.DotitleCtrl.search() throws java.lang.Exception
[ INFO ] [2019-04-16 16:06:52] org.springframework.web.servlet.mvc.method.annotation.RequestMappingHandlerMapping [550] - Mapped "{[/DotitleCtrl.presave]}" onto public java.lang.String shiyan.controller.DotitleCtrl.presave() throws java.lang.Exception
[ INFO ] [2019-04-16 16:06:52] org.springframework.web.servlet.mvc.method.annotation.RequestMappingHandlerMapping [550] - Mapped "{[/DotitleCtrl.del]}" onto public java.lang.String shiyan.controller.DotitleCtrl.del() throws java.lang.Exception
[ INFO ] [2019-04-16 16:06:52] org.springframework.web.servlet.mvc.method.annotation.RequestMappingHandlerMapping [550] - Mapped "{[/JudgmentCrtl.save]}" onto public java.lang.String shiyan.controller.JudgmentCrtl.save() throws java.lang.Exception
[ INFO ] [2019-04-16 16:06:52] org.springframework.web.servlet.mvc.method.annotation.RequestMappingHandlerMapping [550] - Mapped "{[/JudgmentCrtl.search]}" onto public java.lang.String shiyan.controller.JudgmentCrtl.search() throws java.lang.Exception
[ INFO ] [2019-04-16 16:06:52] org.springframework.web.servlet.mvc.method.annotation.RequestMappingHandlerMapping [550] - Mapped "{[/JudgmentCrtl.presave]}" onto public java.lang.String shiyan.controller.JudgmentCrtl.presave() throws java.lang.Exception
[ INFO ] [2019-04-16 16:06:52] org.springframework.web.servlet.mvc.method.annotation.RequestMappingHandlerMapping [550] - Mapped "{[/JudgmentCrtl.del]}" onto public java.lang.String shiyan.controller.JudgmentCrtl.del() throws java.lang.Exception
[ INFO ] [2019-04-16 16:06:52] org.springframework.web.servlet.mvc.method.annotation.RequestMappingHandlerMapping [550] - Mapped "{[/LoginCtrl.login],methods=[POST]}" onto public java.lang.String shiyan.controller.LoginCtrl.login(shiyan.table.Tuser) throws java.lang.Exception
[ INFO ] [2019-04-16 16:06:52] org.springframework.web.servlet.mvc.method.annotation.RequestMappingHandlerMapping [550] - Mapped "{[/LoginCtrl.outlogin]}" onto public java.lang.String shiyan.controller.LoginCtrl.logout() throws java.lang.Exception
[ INFO ] [2019-04-16 16:06:52] org.springframework.web.servlet.mvc.method.annotation.RequestMappingHandlerMapping [550] - Mapped "{[/LoginCtrl.getlogin]}" onto public java.lang.String shiyan.controller.LoginCtrl.getLoginUser() throws java.lang.Exception
[ INFO ] [2019-04-16 16:06:52] org.springframework.web.servlet.mvc.method.annotation.RequestMappingHandlerMapping [550] - Mapped "{[/MistakesCtrl.save]}" onto public java.lang.String shiyan.controller.MistakesCtrl.save() throws java.lang.Exception
[ INFO ] [2019-04-16 16:06:52] org.springframework.web.servlet.mvc.method.annotation.RequestMappingHandlerMapping [550] - Mapped "{[/MistakesCtrl.search]}" onto public java.lang.String shiyan.controller.MistakesCtrl.search() throws java.lang.Exception
[ INFO ] [2019-04-16 16:06:52] org.springframework.web.servlet.mvc.method.annotation.RequestMappingHandlerMapping [550] - Mapped "{[/MistakesCtrl.presave]}" onto public java.lang.String shiyan.controller.MistakesCtrl.presave() throws java.lang.Exception
[ INFO ] [2019-04-16 16:06:52] org.springframework.web.servlet.mvc.method.annotation.RequestMappingHandlerMapping [550] - Mapped "{[/MistakesCtrl.del]}" onto public java.lang.String shiyan.controller.MistakesCtrl.del() throws java.lang.Exception
[ INFO ] [2019-04-16 16:06:52] org.springframework.web.servlet.mvc.method.annotation.RequestMappingHandlerMapping [550] - Mapped "{[/MistakesCtrl.shownumber]}" onto public java.lang.String shiyan.controller.MistakesCtrl.showNumber(int) throws java.lang.Exception
[ INFO ] [2019-04-16 16:06:52] org.springframework.web.servlet.mvc.method.annotation.RequestMappingHandlerMapping [550] - Mapped "{[/PointsCtrl.save]}" onto public java.lang.String shiyan.controller.PointsCtrl.save() throws java.lang.Exception
[ INFO ] [2019-04-16 16:06:52] org.springframework.web.servlet.mvc.method.annotation.RequestMappingHandlerMapping [550] - Mapped "{[/PointsCtrl.search]}" onto public java.lang.String shiyan.controller.PointsCtrl.search() throws java.lang.Exception
[ INFO ] [2019-04-16 16:06:52] org.springframework.web.servlet.mvc.method.annotation.RequestMappingHandlerMapping [550] - Mapped "{[/PointsCtrl.presave]}" onto public java.lang.String shiyan.controller.PointsCtrl.presave() throws java.lang.Exception
[ INFO ] [2019-04-16 16:06:52] org.springframework.web.servlet.mvc.method.annotation.RequestMappingHandlerMapping [550] - Mapped "{[/PointsCtrl.del]}" onto public java.lang.String shiyan.controller.PointsCtrl.del() throws java.lang.Exception
[ INFO ] [2019-04-16 16:06:52] org.springframework.web.servlet.mvc.method.annotation.RequestMappingHandlerMapping [550] - Mapped "{[/QaquestionCtrl.save]}" onto public java.lang.String shiyan.controller.QaquestionCtrl.save() throws java.lang.Exception
[ INFO ] [2019-04-16 16:06:52] org.springframework.web.servlet.mvc.method.annotation.RequestMappingHandlerMapping [550] - Mapped "{[/QaquestionCtrl.search]}" onto public java.lang.String shiyan.controller.QaquestionCtrl.search() throws java.lang.Exception
[ INFO ] [2019-04-16 16:06:52] org.springframework.web.servlet.mvc.method.annotation.RequestMappingHandlerMapping [550] - Mapped "{[/QaquestionCtrl.presave]}" onto public java.lang.String shiyan.controller.QaquestionCtrl.presave() throws java.lang.Exception
[ INFO ] [2019-04-16 16:06:52] org.springframework.web.servlet.mvc.method.annotation.RequestMappingHandlerMapping [550] - Mapped "{[/QaquestionCtrl.del]}" onto public java.lang.String shiyan.controller.QaquestionCtrl.del() throws java.lang.Exception
[ INFO ] [2019-04-16 16:06:52] org.springframework.web.servlet.mvc.method.annotation.RequestMappingHandlerMapping [550] - Mapped "{[/TestpaperCtrl.save]}" onto public java.lang.String shiyan.controller.TestpaperCtrl.save() throws java.lang.Exception
[ INFO ] [2019-04-16 16:06:52] org.springframework.web.servlet.mvc.method.annotation.RequestMappingHandlerMapping [550] - Mapped "{[/TestpaperCtrl.search]}" onto public java.lang.String shiyan.controller.TestpaperCtrl.search() throws java.lang.Exception
[ INFO ] [2019-04-16 16:06:52] org.springframework.web.servlet.mvc.method.annotation.RequestMappingHandlerMapping [550] - Mapped "{[/TestpaperCtrl.presave]}" onto public java.lang.String shiyan.controller.TestpaperCtrl.presave() throws java.lang.Exception
[ INFO ] [2019-04-16 16:06:52] org.springframework.web.servlet.mvc.method.annotation.RequestMappingHandlerMapping [550] - Mapped "{[/TestpaperCtrl.del]}" onto public java.lang.String shiyan.controller.TestpaperCtrl.del() throws java.lang.Exception
[ INFO ] [2019-04-16 16:06:52] org.springframework.web.servlet.mvc.method.annotation.RequestMappingHandlerMapping [550] - Mapped "{[/TestpaperCtrl.newPaper]}" onto public java.lang.String shiyan.controller.TestpaperCtrl.newPaper() throws java.lang.Exception
[ INFO ] [2019-04-16 16:06:52] org.springframework.web.servlet.mvc.method.annotation.RequestMappingHandlerMapping [550] - Mapped "{[/TuserCtrl.save]}" onto public java.lang.String shiyan.controller.TuserCtrl.save() throws java.lang.Exception
[ INFO ] [2019-04-16 16:06:52] org.springframework.web.servlet.mvc.method.annotation.RequestMappingHandlerMapping [550] - Mapped "{[/TuserCtrl.search]}" onto public java.lang.String shiyan.controller.TuserCtrl.search() throws java.lang.Exception
[ INFO ] [2019-04-16 16:06:52] org.springframework.web.servlet.mvc.method.annotation.RequestMappingHandlerMapping [550] - Mapped "{[/TuserCtrl.presave]}" onto public java.lang.String shiyan.controller.TuserCtrl.presave() throws java.lang.Exception
[ INFO ] [2019-04-16 16:06:52] org.springframework.web.servlet.mvc.method.annotation.RequestMappingHandlerMapping [550] - Mapped "{[/TuserCtrl.del]}" onto public java.lang.String shiyan.controller.TuserCtrl.del() throws java.lang.Exception
[ INFO ] [2019-04-16 16:06:52] org.springframework.web.servlet.mvc.method.annotation.RequestMappingHandlerMapping [550] - Mapped "{[/error]}" onto public org.springframework.http.ResponseEntity<java.util.Map<java.lang.String, java.lang.Object>> org.springframework.boot.autoconfigure.web.servlet.error.BasicErrorController.error(javax.servlet.http.HttpServletRequest)
[ INFO ] [2019-04-16 16:06:52] org.springframework.web.servlet.mvc.method.annotation.RequestMappingHandlerMapping [550] - Mapped "{[/error],produces=[text/html]}" onto public org.springframework.web.servlet.ModelAndView org.springframework.boot.autoconfigure.web.servlet.error.BasicErrorController.errorHtml(javax.servlet.http.HttpServletRequest,javax.servlet.http.HttpServletResponse)
[ INFO ] [2019-04-16 16:06:52] org.springframework.web.servlet.handler.SimpleUrlHandlerMapping [373] - Mapped URL path [/webjars/**] onto handler of type [class org.springframework.web.servlet.resource.ResourceHttpRequestHandler]
[ INFO ] [2019-04-16 16:06:52] org.springframework.web.servlet.handler.SimpleUrlHandlerMapping [373] - Mapped URL path [/**] onto handler of type [class org.springframework.web.servlet.resource.ResourceHttpRequestHandler]
[ INFO ] [2019-04-16 16:06:52] org.springframework.boot.autoconfigure.web.servlet.WelcomePageHandlerMapping [56] - Adding welcome page: ServletContext resource [/index.html]
[ INFO ] [2019-04-16 16:06:52] org.springframework.boot.devtools.autoconfigure.OptionalLiveReloadServer [57] - LiveReload server is running on port 35729
[ INFO ] [2019-04-16 16:06:52] org.springframework.jmx.export.annotation.AnnotationMBeanExporter [433] - Registering beans for JMX exposure on startup
[ INFO ] [2019-04-16 16:06:52] org.springframework.jmx.export.annotation.AnnotationMBeanExporter [895] - Bean with name 'dataSource' has been autodetected for JMX exposure
[ INFO ] [2019-04-16 16:06:52] org.springframework.jmx.export.annotation.AnnotationMBeanExporter [668] - Located MBean 'dataSource': registering with JMX server as MBean [com.alibaba.druid.pool:name=dataSource,type=DruidDataSource]
[ INFO ] [2019-04-16 16:06:52] org.apache.coyote.http11.Http11NioProtocol [180] - Starting ProtocolHandler ["http-nio-8080"]
[ INFO ] [2019-04-16 16:06:52] org.apache.tomcat.util.net.NioSelectorPool [180] - Using a shared selector for servlet write/read
[ INFO ] [2019-04-16 16:06:53] org.springframework.boot.web.embedded.tomcat.TomcatWebServer [206] - Tomcat started on port(s): 8080 (http) with context path ''
[ INFO ] [2019-04-16 16:06:53] shiyan.Start [59] - Started Start in 5.427 seconds (JVM running for 6.279)
[ INFO ] [2019-04-16 16:09:01] org.apache.catalina.core.ContainerBase.[Tomcat].[localhost].[/] [180] - Initializing Spring FrameworkServlet 'dispatcherServlet'
[ INFO ] [2019-04-16 16:09:01] org.springframework.web.servlet.DispatcherServlet [497] - FrameworkServlet 'dispatcherServlet': initialization started
[ INFO ] [2019-04-16 16:09:01] org.springframework.web.servlet.DispatcherServlet [512] - FrameworkServlet 'dispatcherServlet': initialization completed in 61 ms
[ INFO ] [2019-04-16 16:09:05] com.alibaba.druid.pool.DruidDataSource [930] - {dataSource-1} inited
[ INFO ] [2019-04-16 16:18:33] net.sf.json.JSONObject [769] - Property 'kpCoverage' of class shiyan.model.PaperModel has no read method. SKIPPED
[ INFO ] [2019-04-16 16:18:33] net.sf.json.JSONObject [769] - Property 'question' of class shiyan.model.PaperModel has no read method. SKIPPED
[ INFO ] [2019-04-16 19:21:44] shiyan.Start [50] - Starting Start on anstar-PC with PID 5176 (D:\git\web-Item-bank-system\target\classes started by anstar in D:\git\web-Item-bank-system)
[ INFO ] [2019-04-16 19:21:44] shiyan.Start [654] - No active profile set, falling back to default profiles: default
[ INFO ] [2019-04-16 19:21:44] org.springframework.boot.web.servlet.context.AnnotationConfigServletWebServerApplicationContext [588] - Refreshing org.springframework.boot.web.servlet.context.AnnotationConfigServletWebServerApplicationContext@49698ce6: startup date [Tue Apr 16 19:21:44 CST 2019]; root of context hierarchy
[ INFO ] [2019-04-16 19:21:47] org.springframework.boot.web.embedded.tomcat.TomcatWebServer [91] - Tomcat initialized with port(s): 8080 (http)
[ INFO ] [2019-04-16 19:21:47] org.apache.coyote.http11.Http11NioProtocol [180] - Initializing ProtocolHandler ["http-nio-8080"]
[ INFO ] [2019-04-16 19:21:47] org.apache.catalina.core.StandardService [180] - Starting service [Tomcat]
[ INFO ] [2019-04-16 19:21:47] org.apache.catalina.core.StandardEngine [180] - Starting Servlet Engine: Apache Tomcat/9.0.2
[ INFO ] [2019-04-16 19:21:47] org.apache.catalina.core.AprLifecycleListener [180] - The APR based Apache Tomcat Native library which allows optimal performance in production environments was not found on the java.library.path: [C:\Program Files\Java\jre1.8.0_161\bin;C:\Windows\Sun\Java\bin;C:\Windows\system32;C:\Windows;C:/Program Files/Java/jre1.8.0_161/bin/server;C:/Program Files/Java/jre1.8.0_161/bin;C:/Program Files/Java/jre1.8.0_161/lib/amd64;D:\apache-maven-3.5.3\bin;C:\ProgramData\Oracle\Java\javapath;C:\Windows\system32;C:\Windows;C:\Windows\System32\Wbem;C:\Windows\System32\WindowsPowerShell\v1.0\;C:\Program Files (x86)\NVIDIA Corporation\PhysX\Common;C:\Program Files\Java\jdk1.8.0_161\bin;C:\Program Files\Java\jdk1.8.0_161\jre\bin;C:\Program Files (x86)\Microsoft SQL Server\100\Tools\Binn\;C:\Program Files\Microsoft SQL Server\100\Tools\Binn\;C:\Program Files\Microsoft SQL Server\100\DTS\Binn\;C:\Program Files (x86)\Microsoft SQL Server\100\Tools\Binn\VSShell\Common7\IDE\;C:\Program Files (x86)\Microsoft Visual Studio 9.0\Common7\IDE\PrivateAssemblies\;C:\Program Files (x86)\Microsoft SQL Server\100\DTS\Binn\;C:\Program Files\NVIDIA Corporation\NVIDIA NvDLISR;D:\eclipse;;.]
[ INFO ] [2019-04-16 19:21:47] org.apache.jasper.servlet.TldScanner [180] - At least one JAR was scanned for TLDs yet contained no TLDs. Enable debug logging for this logger for a complete list of JARs that were scanned but no TLDs were found in them. Skipping unneeded JARs during scanning can improve startup time and JSP compilation time.
[ INFO ] [2019-04-16 19:21:47] org.apache.catalina.core.ContainerBase.[Tomcat].[localhost].[/] [180] - Initializing Spring embedded WebApplicationContext
[ INFO ] [2019-04-16 19:21:47] org.springframework.web.context.ContextLoader [296] - Root WebApplicationContext: initialization completed in 3150 ms
[ INFO ] [2019-04-16 19:21:47] org.springframework.boot.web.servlet.ServletRegistrationBean [187] - Servlet dispatcherServlet mapped to [/]
[ INFO ] [2019-04-16 19:21:47] org.springframework.boot.web.servlet.FilterRegistrationBean [245] - Mapping filter: 'characterEncodingFilter' to: [/*]
[ INFO ] [2019-04-16 19:21:47] org.springframework.boot.web.servlet.FilterRegistrationBean [245] - Mapping filter: 'hiddenHttpMethodFilter' to: [/*]
[ INFO ] [2019-04-16 19:21:47] org.springframework.boot.web.servlet.FilterRegistrationBean [245] - Mapping filter: 'httpPutFormContentFilter' to: [/*]
[ INFO ] [2019-04-16 19:21:47] org.springframework.boot.web.servlet.FilterRegistrationBean [245] - Mapping filter: 'requestContextFilter' to: [/*]
[ INFO ] [2019-04-16 19:21:48] org.springframework.web.servlet.handler.SimpleUrlHandlerMapping [373] - Mapped URL path [/**/favicon.ico] onto handler of type [class org.springframework.web.servlet.resource.ResourceHttpRequestHandler]
[ INFO ] [2019-04-16 19:21:48] org.springframework.web.servlet.mvc.method.annotation.RequestMappingHandlerAdapter [588] - Looking for @ControllerAdvice: org.springframework.boot.web.servlet.context.AnnotationConfigServletWebServerApplicationContext@49698ce6: startup date [Tue Apr 16 19:21:44 CST 2019]; root of context hierarchy
[ INFO ] [2019-04-16 19:21:48] org.springframework.web.servlet.mvc.method.annotation.RequestMappingHandlerMapping [550] - Mapped "{[/BlanksCtrl.save]}" onto public java.lang.String shiyan.controller.BlanksCtrl.save() throws java.lang.Exception
[ INFO ] [2019-04-16 19:21:48] org.springframework.web.servlet.mvc.method.annotation.RequestMappingHandlerMapping [550] - Mapped "{[/BlanksCtrl.search]}" onto public java.lang.String shiyan.controller.BlanksCtrl.search() throws java.lang.Exception
[ INFO ] [2019-04-16 19:21:48] org.springframework.web.servlet.mvc.method.annotation.RequestMappingHandlerMapping [550] - Mapped "{[/BlanksCtrl.presave]}" onto public java.lang.String shiyan.controller.BlanksCtrl.presave() throws java.lang.Exception
[ INFO ] [2019-04-16 19:21:48] org.springframework.web.servlet.mvc.method.annotation.RequestMappingHandlerMapping [550] - Mapped "{[/BlanksCtrl.del]}" onto public java.lang.String shiyan.controller.BlanksCtrl.del() throws java.lang.Exception
[ INFO ] [2019-04-16 19:21:48] org.springframework.web.servlet.mvc.method.annotation.RequestMappingHandlerMapping [550] - Mapped "{[/ChoiceCtrl.save]}" onto public java.lang.String shiyan.controller.ChoiceCtrl.save() throws java.lang.Exception
[ INFO ] [2019-04-16 19:21:48] org.springframework.web.servlet.mvc.method.annotation.RequestMappingHandlerMapping [550] - Mapped "{[/ChoiceCtrl.search]}" onto public java.lang.String shiyan.controller.ChoiceCtrl.search() throws java.lang.Exception
[ INFO ] [2019-04-16 19:21:48] org.springframework.web.servlet.mvc.method.annotation.RequestMappingHandlerMapping [550] - Mapped "{[/ChoiceCtrl.presave]}" onto public java.lang.String shiyan.controller.ChoiceCtrl.presave() throws java.lang.Exception
[ INFO ] [2019-04-16 19:21:48] org.springframework.web.servlet.mvc.method.annotation.RequestMappingHandlerMapping [550] - Mapped "{[/ChoiceCtrl.del]}" onto public java.lang.String shiyan.controller.ChoiceCtrl.del() throws java.lang.Exception
[ INFO ] [2019-04-16 19:21:48] org.springframework.web.servlet.mvc.method.annotation.RequestMappingHandlerMapping [550] - Mapped "{[/DotitleCtrl.save]}" onto public java.lang.String shiyan.controller.DotitleCtrl.save() throws java.lang.Exception
[ INFO ] [2019-04-16 19:21:48] org.springframework.web.servlet.mvc.method.annotation.RequestMappingHandlerMapping [550] - Mapped "{[/DotitleCtrl.search]}" onto public java.lang.String shiyan.controller.DotitleCtrl.search() throws java.lang.Exception
[ INFO ] [2019-04-16 19:21:48] org.springframework.web.servlet.mvc.method.annotation.RequestMappingHandlerMapping [550] - Mapped "{[/DotitleCtrl.presave]}" onto public java.lang.String shiyan.controller.DotitleCtrl.presave() throws java.lang.Exception
[ INFO ] [2019-04-16 19:21:48] org.springframework.web.servlet.mvc.method.annotation.RequestMappingHandlerMapping [550] - Mapped "{[/DotitleCtrl.del]}" onto public java.lang.String shiyan.controller.DotitleCtrl.del() throws java.lang.Exception
[ INFO ] [2019-04-16 19:21:48] org.springframework.web.servlet.mvc.method.annotation.RequestMappingHandlerMapping [550] - Mapped "{[/JudgmentCrtl.save]}" onto public java.lang.String shiyan.controller.JudgmentCrtl.save() throws java.lang.Exception
[ INFO ] [2019-04-16 19:21:48] org.springframework.web.servlet.mvc.method.annotation.RequestMappingHandlerMapping [550] - Mapped "{[/JudgmentCrtl.search]}" onto public java.lang.String shiyan.controller.JudgmentCrtl.search() throws java.lang.Exception
[ INFO ] [2019-04-16 19:21:48] org.springframework.web.servlet.mvc.method.annotation.RequestMappingHandlerMapping [550] - Mapped "{[/JudgmentCrtl.presave]}" onto public java.lang.String shiyan.controller.JudgmentCrtl.presave() throws java.lang.Exception
[ INFO ] [2019-04-16 19:21:48] org.springframework.web.servlet.mvc.method.annotation.RequestMappingHandlerMapping [550] - Mapped "{[/JudgmentCrtl.del]}" onto public java.lang.String shiyan.controller.JudgmentCrtl.del() throws java.lang.Exception
[ INFO ] [2019-04-16 19:21:48] org.springframework.web.servlet.mvc.method.annotation.RequestMappingHandlerMapping [550] - Mapped "{[/LoginCtrl.login],methods=[POST]}" onto public java.lang.String shiyan.controller.LoginCtrl.login(shiyan.table.Tuser) throws java.lang.Exception
[ INFO ] [2019-04-16 19:21:48] org.springframework.web.servlet.mvc.method.annotation.RequestMappingHandlerMapping [550] - Mapped "{[/LoginCtrl.outlogin]}" onto public java.lang.String shiyan.controller.LoginCtrl.logout() throws java.lang.Exception
[ INFO ] [2019-04-16 19:21:48] org.springframework.web.servlet.mvc.method.annotation.RequestMappingHandlerMapping [550] - Mapped "{[/LoginCtrl.getlogin]}" onto public java.lang.String shiyan.controller.LoginCtrl.getLoginUser() throws java.lang.Exception
[ INFO ] [2019-04-16 19:21:48] org.springframework.web.servlet.mvc.method.annotation.RequestMappingHandlerMapping [550] - Mapped "{[/MistakesCtrl.save]}" onto public java.lang.String shiyan.controller.MistakesCtrl.save() throws java.lang.Exception
[ INFO ] [2019-04-16 19:21:48] org.springframework.web.servlet.mvc.method.annotation.RequestMappingHandlerMapping [550] - Mapped "{[/MistakesCtrl.search]}" onto public java.lang.String shiyan.controller.MistakesCtrl.search() throws java.lang.Exception
[ INFO ] [2019-04-16 19:21:48] org.springframework.web.servlet.mvc.method.annotation.RequestMappingHandlerMapping [550] - Mapped "{[/MistakesCtrl.presave]}" onto public java.lang.String shiyan.controller.MistakesCtrl.presave() throws java.lang.Exception
[ INFO ] [2019-04-16 19:21:48] org.springframework.web.servlet.mvc.method.annotation.RequestMappingHandlerMapping [550] - Mapped "{[/MistakesCtrl.del]}" onto public java.lang.String shiyan.controller.MistakesCtrl.del() throws java.lang.Exception
[ INFO ] [2019-04-16 19:21:48] org.springframework.web.servlet.mvc.method.annotation.RequestMappingHandlerMapping [550] - Mapped "{[/MistakesCtrl.shownumber]}" onto public java.lang.String shiyan.controller.MistakesCtrl.showNumber(int) throws java.lang.Exception
[ INFO ] [2019-04-16 19:21:48] org.springframework.web.servlet.mvc.method.annotation.RequestMappingHandlerMapping [550] - Mapped "{[/PointsCtrl.save]}" onto public java.lang.String shiyan.controller.PointsCtrl.save() throws java.lang.Exception
[ INFO ] [2019-04-16 19:21:48] org.springframework.web.servlet.mvc.method.annotation.RequestMappingHandlerMapping [550] - Mapped "{[/PointsCtrl.search]}" onto public java.lang.String shiyan.controller.PointsCtrl.search() throws java.lang.Exception
[ INFO ] [2019-04-16 19:21:48] org.springframework.web.servlet.mvc.method.annotation.RequestMappingHandlerMapping [550] - Mapped "{[/PointsCtrl.presave]}" onto public java.lang.String shiyan.controller.PointsCtrl.presave() throws java.lang.Exception
[ INFO ] [2019-04-16 19:21:48] org.springframework.web.servlet.mvc.method.annotation.RequestMappingHandlerMapping [550] - Mapped "{[/PointsCtrl.del]}" onto public java.lang.String shiyan.controller.PointsCtrl.del() throws java.lang.Exception
[ INFO ] [2019-04-16 19:21:48] org.springframework.web.servlet.mvc.method.annotation.RequestMappingHandlerMapping [550] - Mapped "{[/QaquestionCtrl.save]}" onto public java.lang.String shiyan.controller.QaquestionCtrl.save() throws java.lang.Exception
[ INFO ] [2019-04-16 19:21:48] org.springframework.web.servlet.mvc.method.annotation.RequestMappingHandlerMapping [550] - Mapped "{[/QaquestionCtrl.search]}" onto public java.lang.String shiyan.controller.QaquestionCtrl.search() throws java.lang.Exception
[ INFO ] [2019-04-16 19:21:48] org.springframework.web.servlet.mvc.method.annotation.RequestMappingHandlerMapping [550] - Mapped "{[/QaquestionCtrl.presave]}" onto public java.lang.String shiyan.controller.QaquestionCtrl.presave() throws java.lang.Exception
[ INFO ] [2019-04-16 19:21:48] org.springframework.web.servlet.mvc.method.annotation.RequestMappingHandlerMapping [550] - Mapped "{[/QaquestionCtrl.del]}" onto public java.lang.String shiyan.controller.QaquestionCtrl.del() throws java.lang.Exception
[ INFO ] [2019-04-16 19:21:48] org.springframework.web.servlet.mvc.method.annotation.RequestMappingHandlerMapping [550] - Mapped "{[/TestpaperCtrl.save]}" onto public java.lang.String shiyan.controller.TestpaperCtrl.save() throws java.lang.Exception
[ INFO ] [2019-04-16 19:21:48] org.springframework.web.servlet.mvc.method.annotation.RequestMappingHandlerMapping [550] - Mapped "{[/TestpaperCtrl.search]}" onto public java.lang.String shiyan.controller.TestpaperCtrl.search() throws java.lang.Exception
[ INFO ] [2019-04-16 19:21:48] org.springframework.web.servlet.mvc.method.annotation.RequestMappingHandlerMapping [550] - Mapped "{[/TestpaperCtrl.presave]}" onto public java.lang.String shiyan.controller.TestpaperCtrl.presave() throws java.lang.Exception
[ INFO ] [2019-04-16 19:21:48] org.springframework.web.servlet.mvc.method.annotation.RequestMappingHandlerMapping [550] - Mapped "{[/TestpaperCtrl.del]}" onto public java.lang.String shiyan.controller.TestpaperCtrl.del() throws java.lang.Exception
[ INFO ] [2019-04-16 19:21:48] org.springframework.web.servlet.mvc.method.annotation.RequestMappingHandlerMapping [550] - Mapped "{[/TestpaperCtrl.newPaper]}" onto public java.lang.String shiyan.controller.TestpaperCtrl.newPaper() throws java.lang.Exception
[ INFO ] [2019-04-16 19:21:48] org.springframework.web.servlet.mvc.method.annotation.RequestMappingHandlerMapping [550] - Mapped "{[/TuserCtrl.save]}" onto public java.lang.String shiyan.controller.TuserCtrl.save() throws java.lang.Exception
[ INFO ] [2019-04-16 19:21:48] org.springframework.web.servlet.mvc.method.annotation.RequestMappingHandlerMapping [550] - Mapped "{[/TuserCtrl.search]}" onto public java.lang.String shiyan.controller.TuserCtrl.search() throws java.lang.Exception
[ INFO ] [2019-04-16 19:21:48] org.springframework.web.servlet.mvc.method.annotation.RequestMappingHandlerMapping [550] - Mapped "{[/TuserCtrl.presave]}" onto public java.lang.String shiyan.controller.TuserCtrl.presave() throws java.lang.Exception
[ INFO ] [2019-04-16 19:21:48] org.springframework.web.servlet.mvc.method.annotation.RequestMappingHandlerMapping [550] - Mapped "{[/TuserCtrl.del]}" onto public java.lang.String shiyan.controller.TuserCtrl.del() throws java.lang.Exception
[ INFO ] [2019-04-16 19:21:48] org.springframework.web.servlet.mvc.method.annotation.RequestMappingHandlerMapping [550] - Mapped "{[/error]}" onto public org.springframework.http.ResponseEntity<java.util.Map<java.lang.String, java.lang.Object>> org.springframework.boot.autoconfigure.web.servlet.error.BasicErrorController.error(javax.servlet.http.HttpServletRequest)
[ INFO ] [2019-04-16 19:21:48] org.springframework.web.servlet.mvc.method.annotation.RequestMappingHandlerMapping [550] - Mapped "{[/error],produces=[text/html]}" onto public org.springframework.web.servlet.ModelAndView org.springframework.boot.autoconfigure.web.servlet.error.BasicErrorController.errorHtml(javax.servlet.http.HttpServletRequest,javax.servlet.http.HttpServletResponse)
[ INFO ] [2019-04-16 19:21:48] org.springframework.web.servlet.handler.SimpleUrlHandlerMapping [373] - Mapped URL path [/webjars/**] onto handler of type [class org.springframework.web.servlet.resource.ResourceHttpRequestHandler]
[ INFO ] [2019-04-16 19:21:48] org.springframework.web.servlet.handler.SimpleUrlHandlerMapping [373] - Mapped URL path [/**] onto handler of type [class org.springframework.web.servlet.resource.ResourceHttpRequestHandler]
[ INFO ] [2019-04-16 19:21:48] org.springframework.boot.autoconfigure.web.servlet.WelcomePageHandlerMapping [56] - Adding welcome page: ServletContext resource [/index.html]
[ INFO ] [2019-04-16 19:21:48] org.springframework.boot.devtools.autoconfigure.OptionalLiveReloadServer [57] - LiveReload server is running on port 35729
[ INFO ] [2019-04-16 19:21:49] org.springframework.jmx.export.annotation.AnnotationMBeanExporter [433] - Registering beans for JMX exposure on startup
[ INFO ] [2019-04-16 19:21:49] org.springframework.jmx.export.annotation.AnnotationMBeanExporter [895] - Bean with name 'dataSource' has been autodetected for JMX exposure
[ INFO ] [2019-04-16 19:21:49] org.springframework.jmx.export.annotation.AnnotationMBeanExporter [668] - Located MBean 'dataSource': registering with JMX server as MBean [com.alibaba.druid.pool:name=dataSource,type=DruidDataSource]
[ INFO ] [2019-04-16 19:21:49] org.apache.coyote.http11.Http11NioProtocol [180] - Starting ProtocolHandler ["http-nio-8080"]
[ INFO ] [2019-04-16 19:21:49] org.apache.tomcat.util.net.NioSelectorPool [180] - Using a shared selector for servlet write/read
[ INFO ] [2019-04-16 19:21:49] org.springframework.boot.web.embedded.tomcat.TomcatWebServer [206] - Tomcat started on port(s): 8080 (http) with context path ''
[ INFO ] [2019-04-16 19:21:49] shiyan.Start [59] - Started Start in 5.436 seconds (JVM running for 6.21)
[ INFO ] [2019-04-16 20:30:41] shiyan.Start [50] - Starting Start on anstar-PC with PID 3952 (D:\git\web-Item-bank-system\target\classes started by anstar in D:\git\web-Item-bank-system)
[ INFO ] [2019-04-16 20:30:41] shiyan.Start [654] - No active profile set, falling back to default profiles: default
[ INFO ] [2019-04-16 20:30:41] org.springframework.boot.web.servlet.context.AnnotationConfigServletWebServerApplicationContext [588] - Refreshing org.springframework.boot.web.servlet.context.AnnotationConfigServletWebServerApplicationContext@f80d088: startup date [Tue Apr 16 20:30:41 CST 2019]; root of context hierarchy
[ INFO ] [2019-04-16 20:30:44] org.springframework.boot.web.embedded.tomcat.TomcatWebServer [91] - Tomcat initialized with port(s): 8080 (http)
[ INFO ] [2019-04-16 20:30:44] org.apache.coyote.http11.Http11NioProtocol [180] - Initializing ProtocolHandler ["http-nio-8080"]
[ INFO ] [2019-04-16 20:30:44] org.apache.catalina.core.StandardService [180] - Starting service [Tomcat]
[ INFO ] [2019-04-16 20:30:44] org.apache.catalina.core.StandardEngine [180] - Starting Servlet Engine: Apache Tomcat/9.0.2
[ INFO ] [2019-04-16 20:30:44] org.apache.catalina.core.AprLifecycleListener [180] - The APR based Apache Tomcat Native library which allows optimal performance in production environments was not found on the java.library.path: [C:\Program Files\Java\jre1.8.0_161\bin;C:\Windows\Sun\Java\bin;C:\Windows\system32;C:\Windows;C:/Program Files/Java/jre1.8.0_161/bin/server;C:/Program Files/Java/jre1.8.0_161/bin;C:/Program Files/Java/jre1.8.0_161/lib/amd64;D:\apache-maven-3.5.3\bin;C:\ProgramData\Oracle\Java\javapath;C:\Windows\system32;C:\Windows;C:\Windows\System32\Wbem;C:\Windows\System32\WindowsPowerShell\v1.0\;C:\Program Files (x86)\NVIDIA Corporation\PhysX\Common;C:\Program Files\Java\jdk1.8.0_161\bin;C:\Program Files\Java\jdk1.8.0_161\jre\bin;C:\Program Files (x86)\Microsoft SQL Server\100\Tools\Binn\;C:\Program Files\Microsoft SQL Server\100\Tools\Binn\;C:\Program Files\Microsoft SQL Server\100\DTS\Binn\;C:\Program Files (x86)\Microsoft SQL Server\100\Tools\Binn\VSShell\Common7\IDE\;C:\Program Files (x86)\Microsoft Visual Studio 9.0\Common7\IDE\PrivateAssemblies\;C:\Program Files (x86)\Microsoft SQL Server\100\DTS\Binn\;C:\Program Files\NVIDIA Corporation\NVIDIA NvDLISR;D:\eclipse;;.]
[ INFO ] [2019-04-16 20:30:44] org.apache.jasper.servlet.TldScanner [180] - At least one JAR was scanned for TLDs yet contained no TLDs. Enable debug logging for this logger for a complete list of JARs that were scanned but no TLDs were found in them. Skipping unneeded JARs during scanning can improve startup time and JSP compilation time.
[ INFO ] [2019-04-16 20:30:44] org.apache.catalina.core.ContainerBase.[Tomcat].[localhost].[/] [180] - Initializing Spring embedded WebApplicationContext
[ INFO ] [2019-04-16 20:30:44] org.springframework.web.context.ContextLoader [296] - Root WebApplicationContext: initialization completed in 3227 ms
[ INFO ] [2019-04-16 20:30:44] org.springframework.boot.web.servlet.ServletRegistrationBean [187] - Servlet dispatcherServlet mapped to [/]
[ INFO ] [2019-04-16 20:30:44] org.springframework.boot.web.servlet.FilterRegistrationBean [245] - Mapping filter: 'characterEncodingFilter' to: [/*]
[ INFO ] [2019-04-16 20:30:44] org.springframework.boot.web.servlet.FilterRegistrationBean [245] - Mapping filter: 'hiddenHttpMethodFilter' to: [/*]
[ INFO ] [2019-04-16 20:30:44] org.springframework.boot.web.servlet.FilterRegistrationBean [245] - Mapping filter: 'httpPutFormContentFilter' to: [/*]
[ INFO ] [2019-04-16 20:30:44] org.springframework.boot.web.servlet.FilterRegistrationBean [245] - Mapping filter: 'requestContextFilter' to: [/*]
[ INFO ] [2019-04-16 20:30:45] org.springframework.web.servlet.handler.SimpleUrlHandlerMapping [373] - Mapped URL path [/**/favicon.ico] onto handler of type [class org.springframework.web.servlet.resource.ResourceHttpRequestHandler]
[ INFO ] [2019-04-16 20:30:45] org.springframework.web.servlet.mvc.method.annotation.RequestMappingHandlerAdapter [588] - Looking for @ControllerAdvice: org.springframework.boot.web.servlet.context.AnnotationConfigServletWebServerApplicationContext@f80d088: startup date [Tue Apr 16 20:30:41 CST 2019]; root of context hierarchy
[ INFO ] [2019-04-16 20:30:45] org.springframework.web.servlet.mvc.method.annotation.RequestMappingHandlerMapping [550] - Mapped "{[/BlanksCtrl.save]}" onto public java.lang.String shiyan.controller.BlanksCtrl.save() throws java.lang.Exception
[ INFO ] [2019-04-16 20:30:45] org.springframework.web.servlet.mvc.method.annotation.RequestMappingHandlerMapping [550] - Mapped "{[/BlanksCtrl.search]}" onto public java.lang.String shiyan.controller.BlanksCtrl.search() throws java.lang.Exception
[ INFO ] [2019-04-16 20:30:45] org.springframework.web.servlet.mvc.method.annotation.RequestMappingHandlerMapping [550] - Mapped "{[/BlanksCtrl.presave]}" onto public java.lang.String shiyan.controller.BlanksCtrl.presave() throws java.lang.Exception
[ INFO ] [2019-04-16 20:30:45] org.springframework.web.servlet.mvc.method.annotation.RequestMappingHandlerMapping [550] - Mapped "{[/BlanksCtrl.del]}" onto public java.lang.String shiyan.controller.BlanksCtrl.del() throws java.lang.Exception
[ INFO ] [2019-04-16 20:30:45] org.springframework.web.servlet.mvc.method.annotation.RequestMappingHandlerMapping [550] - Mapped "{[/ChoiceCtrl.save]}" onto public java.lang.String shiyan.controller.ChoiceCtrl.save() throws java.lang.Exception
[ INFO ] [2019-04-16 20:30:45] org.springframework.web.servlet.mvc.method.annotation.RequestMappingHandlerMapping [550] - Mapped "{[/ChoiceCtrl.search]}" onto public java.lang.String shiyan.controller.ChoiceCtrl.search() throws java.lang.Exception
[ INFO ] [2019-04-16 20:30:45] org.springframework.web.servlet.mvc.method.annotation.RequestMappingHandlerMapping [550] - Mapped "{[/ChoiceCtrl.presave]}" onto public java.lang.String shiyan.controller.ChoiceCtrl.presave() throws java.lang.Exception
[ INFO ] [2019-04-16 20:30:45] org.springframework.web.servlet.mvc.method.annotation.RequestMappingHandlerMapping [550] - Mapped "{[/ChoiceCtrl.del]}" onto public java.lang.String shiyan.controller.ChoiceCtrl.del() throws java.lang.Exception
[ INFO ] [2019-04-16 20:30:45] org.springframework.web.servlet.mvc.method.annotation.RequestMappingHandlerMapping [550] - Mapped "{[/DotitleCtrl.save]}" onto public java.lang.String shiyan.controller.DotitleCtrl.save() throws java.lang.Exception
[ INFO ] [2019-04-16 20:30:45] org.springframework.web.servlet.mvc.method.annotation.RequestMappingHandlerMapping [550] - Mapped "{[/DotitleCtrl.search]}" onto public java.lang.String shiyan.controller.DotitleCtrl.search() throws java.lang.Exception
[ INFO ] [2019-04-16 20:30:45] org.springframework.web.servlet.mvc.method.annotation.RequestMappingHandlerMapping [550] - Mapped "{[/DotitleCtrl.presave]}" onto public java.lang.String shiyan.controller.DotitleCtrl.presave() throws java.lang.Exception
[ INFO ] [2019-04-16 20:30:45] org.springframework.web.servlet.mvc.method.annotation.RequestMappingHandlerMapping [550] - Mapped "{[/DotitleCtrl.del]}" onto public java.lang.String shiyan.controller.DotitleCtrl.del() throws java.lang.Exception
[ INFO ] [2019-04-16 20:30:45] org.springframework.web.servlet.mvc.method.annotation.RequestMappingHandlerMapping [550] - Mapped "{[/JudgmentCrtl.save]}" onto public java.lang.String shiyan.controller.JudgmentCrtl.save() throws java.lang.Exception
[ INFO ] [2019-04-16 20:30:45] org.springframework.web.servlet.mvc.method.annotation.RequestMappingHandlerMapping [550] - Mapped "{[/JudgmentCrtl.search]}" onto public java.lang.String shiyan.controller.JudgmentCrtl.search() throws java.lang.Exception
[ INFO ] [2019-04-16 20:30:45] org.springframework.web.servlet.mvc.method.annotation.RequestMappingHandlerMapping [550] - Mapped "{[/JudgmentCrtl.presave]}" onto public java.lang.String shiyan.controller.JudgmentCrtl.presave() throws java.lang.Exception
[ INFO ] [2019-04-16 20:30:45] org.springframework.web.servlet.mvc.method.annotation.RequestMappingHandlerMapping [550] - Mapped "{[/JudgmentCrtl.del]}" onto public java.lang.String shiyan.controller.JudgmentCrtl.del() throws java.lang.Exception
[ INFO ] [2019-04-16 20:30:45] org.springframework.web.servlet.mvc.method.annotation.RequestMappingHandlerMapping [550] - Mapped "{[/LoginCtrl.login],methods=[POST]}" onto public java.lang.String shiyan.controller.LoginCtrl.login(shiyan.table.Tuser) throws java.lang.Exception
[ INFO ] [2019-04-16 20:30:45] org.springframework.web.servlet.mvc.method.annotation.RequestMappingHandlerMapping [550] - Mapped "{[/LoginCtrl.outlogin]}" onto public java.lang.String shiyan.controller.LoginCtrl.logout() throws java.lang.Exception
[ INFO ] [2019-04-16 20:30:45] org.springframework.web.servlet.mvc.method.annotation.RequestMappingHandlerMapping [550] - Mapped "{[/LoginCtrl.getlogin]}" onto public java.lang.String shiyan.controller.LoginCtrl.getLoginUser() throws java.lang.Exception
[ INFO ] [2019-04-16 20:30:45] org.springframework.web.servlet.mvc.method.annotation.RequestMappingHandlerMapping [550] - Mapped "{[/MistakesCtrl.save]}" onto public java.lang.String shiyan.controller.MistakesCtrl.save() throws java.lang.Exception
[ INFO ] [2019-04-16 20:30:45] org.springframework.web.servlet.mvc.method.annotation.RequestMappingHandlerMapping [550] - Mapped "{[/MistakesCtrl.search]}" onto public java.lang.String shiyan.controller.MistakesCtrl.search() throws java.lang.Exception
[ INFO ] [2019-04-16 20:30:45] org.springframework.web.servlet.mvc.method.annotation.RequestMappingHandlerMapping [550] - Mapped "{[/MistakesCtrl.presave]}" onto public java.lang.String shiyan.controller.MistakesCtrl.presave() throws java.lang.Exception
[ INFO ] [2019-04-16 20:30:45] org.springframework.web.servlet.mvc.method.annotation.RequestMappingHandlerMapping [550] - Mapped "{[/MistakesCtrl.del]}" onto public java.lang.String shiyan.controller.MistakesCtrl.del() throws java.lang.Exception
[ INFO ] [2019-04-16 20:30:45] org.springframework.web.servlet.mvc.method.annotation.RequestMappingHandlerMapping [550] - Mapped "{[/MistakesCtrl.shownumber]}" onto public java.lang.String shiyan.controller.MistakesCtrl.showNumber(int) throws java.lang.Exception
[ INFO ] [2019-04-16 20:30:45] org.springframework.web.servlet.mvc.method.annotation.RequestMappingHandlerMapping [550] - Mapped "{[/PointsCtrl.save]}" onto public java.lang.String shiyan.controller.PointsCtrl.save() throws java.lang.Exception
[ INFO ] [2019-04-16 20:30:45] org.springframework.web.servlet.mvc.method.annotation.RequestMappingHandlerMapping [550] - Mapped "{[/PointsCtrl.search]}" onto public java.lang.String shiyan.controller.PointsCtrl.search() throws java.lang.Exception
[ INFO ] [2019-04-16 20:30:45] org.springframework.web.servlet.mvc.method.annotation.RequestMappingHandlerMapping [550] - Mapped "{[/PointsCtrl.presave]}" onto public java.lang.String shiyan.controller.PointsCtrl.presave() throws java.lang.Exception
[ INFO ] [2019-04-16 20:30:45] org.springframework.web.servlet.mvc.method.annotation.RequestMappingHandlerMapping [550] - Mapped "{[/PointsCtrl.del]}" onto public java.lang.String shiyan.controller.PointsCtrl.del() throws java.lang.Exception
[ INFO ] [2019-04-16 20:30:45] org.springframework.web.servlet.mvc.method.annotation.RequestMappingHandlerMapping [550] - Mapped "{[/QaquestionCtrl.save]}" onto public java.lang.String shiyan.controller.QaquestionCtrl.save() throws java.lang.Exception
[ INFO ] [2019-04-16 20:30:45] org.springframework.web.servlet.mvc.method.annotation.RequestMappingHandlerMapping [550] - Mapped "{[/QaquestionCtrl.search]}" onto public java.lang.String shiyan.controller.QaquestionCtrl.search() throws java.lang.Exception
[ INFO ] [2019-04-16 20:30:45] org.springframework.web.servlet.mvc.method.annotation.RequestMappingHandlerMapping [550] - Mapped "{[/QaquestionCtrl.presave]}" onto public java.lang.String shiyan.controller.QaquestionCtrl.presave() throws java.lang.Exception
[ INFO ] [2019-04-16 20:30:45] org.springframework.web.servlet.mvc.method.annotation.RequestMappingHandlerMapping [550] - Mapped "{[/QaquestionCtrl.del]}" onto public java.lang.String shiyan.controller.QaquestionCtrl.del() throws java.lang.Exception
[ INFO ] [2019-04-16 20:30:45] org.springframework.web.servlet.mvc.method.annotation.RequestMappingHandlerMapping [550] - Mapped "{[/TestpaperCtrl.save]}" onto public java.lang.String shiyan.controller.TestpaperCtrl.save() throws java.lang.Exception
[ INFO ] [2019-04-16 20:30:45] org.springframework.web.servlet.mvc.method.annotation.RequestMappingHandlerMapping [550] - Mapped "{[/TestpaperCtrl.search]}" onto public java.lang.String shiyan.controller.TestpaperCtrl.search() throws java.lang.Exception
[ INFO ] [2019-04-16 20:30:45] org.springframework.web.servlet.mvc.method.annotation.RequestMappingHandlerMapping [550] - Mapped "{[/TestpaperCtrl.presave]}" onto public java.lang.String shiyan.controller.TestpaperCtrl.presave() throws java.lang.Exception
[ INFO ] [2019-04-16 20:30:45] org.springframework.web.servlet.mvc.method.annotation.RequestMappingHandlerMapping [550] - Mapped "{[/TestpaperCtrl.del]}" onto public java.lang.String shiyan.controller.TestpaperCtrl.del() throws java.lang.Exception
[ INFO ] [2019-04-16 20:30:45] org.springframework.web.servlet.mvc.method.annotation.RequestMappingHandlerMapping [550] - Mapped "{[/TestpaperCtrl.newPaper]}" onto public java.lang.String shiyan.controller.TestpaperCtrl.newPaper() throws java.lang.Exception
[ INFO ] [2019-04-16 20:30:45] org.springframework.web.servlet.mvc.method.annotation.RequestMappingHandlerMapping [550] - Mapped "{[/TuserCtrl.save]}" onto public java.lang.String shiyan.controller.TuserCtrl.save() throws java.lang.Exception
[ INFO ] [2019-04-16 20:30:45] org.springframework.web.servlet.mvc.method.annotation.RequestMappingHandlerMapping [550] - Mapped "{[/TuserCtrl.search]}" onto public java.lang.String shiyan.controller.TuserCtrl.search() throws java.lang.Exception
[ INFO ] [2019-04-16 20:30:45] org.springframework.web.servlet.mvc.method.annotation.RequestMappingHandlerMapping [550] - Mapped "{[/TuserCtrl.presave]}" onto public java.lang.String shiyan.controller.TuserCtrl.presave() throws java.lang.Exception
[ INFO ] [2019-04-16 20:30:45] org.springframework.web.servlet.mvc.method.annotation.RequestMappingHandlerMapping [550] - Mapped "{[/TuserCtrl.del]}" onto public java.lang.String shiyan.controller.TuserCtrl.del() throws java.lang.Exception
[ INFO ] [2019-04-16 20:30:45] org.springframework.web.servlet.mvc.method.annotation.RequestMappingHandlerMapping [550] - Mapped "{[/error]}" onto public org.springframework.http.ResponseEntity<java.util.Map<java.lang.String, java.lang.Object>> org.springframework.boot.autoconfigure.web.servlet.error.BasicErrorController.error(javax.servlet.http.HttpServletRequest)
[ INFO ] [2019-04-16 20:30:45] org.springframework.web.servlet.mvc.method.annotation.RequestMappingHandlerMapping [550] - Mapped "{[/error],produces=[text/html]}" onto public org.springframework.web.servlet.ModelAndView org.springframework.boot.autoconfigure.web.servlet.error.BasicErrorController.errorHtml(javax.servlet.http.HttpServletRequest,javax.servlet.http.HttpServletResponse)
[ INFO ] [2019-04-16 20:30:46] org.springframework.web.servlet.handler.SimpleUrlHandlerMapping [373] - Mapped URL path [/webjars/**] onto handler of type [class org.springframework.web.servlet.resource.ResourceHttpRequestHandler]
[ INFO ] [2019-04-16 20:30:46] org.springframework.web.servlet.handler.SimpleUrlHandlerMapping [373] - Mapped URL path [/**] onto handler of type [class org.springframework.web.servlet.resource.ResourceHttpRequestHandler]
[ INFO ] [2019-04-16 20:30:46] org.springframework.boot.autoconfigure.web.servlet.WelcomePageHandlerMapping [56] - Adding welcome page: ServletContext resource [/index.html]
[ INFO ] [2019-04-16 20:30:46] org.springframework.boot.devtools.autoconfigure.OptionalLiveReloadServer [57] - LiveReload server is running on port 35729
[ INFO ] [2019-04-16 20:30:46] org.springframework.jmx.export.annotation.AnnotationMBeanExporter [433] - Registering beans for JMX exposure on startup
[ INFO ] [2019-04-16 20:30:46] org.springframework.jmx.export.annotation.AnnotationMBeanExporter [895] - Bean with name 'dataSource' has been autodetected for JMX exposure
[ INFO ] [2019-04-16 20:30:46] org.springframework.jmx.export.annotation.AnnotationMBeanExporter [668] - Located MBean 'dataSource': registering with JMX server as MBean [com.alibaba.druid.pool:name=dataSource,type=DruidDataSource]
[ INFO ] [2019-04-16 20:30:46] org.apache.coyote.http11.Http11NioProtocol [180] - Starting ProtocolHandler ["http-nio-8080"]
[ INFO ] [2019-04-16 20:30:46] org.apache.tomcat.util.net.NioSelectorPool [180] - Using a shared selector for servlet write/read
[ INFO ] [2019-04-16 20:30:46] org.springframework.boot.web.embedded.tomcat.TomcatWebServer [206] - Tomcat started on port(s): 8080 (http) with context path ''
[ INFO ] [2019-04-16 20:30:46] shiyan.Start [59] - Started Start in 5.451 seconds (JVM running for 6.236)
[ INFO ] [2019-04-16 20:30:54] org.apache.catalina.core.ContainerBase.[Tomcat].[localhost].[/] [180] - Initializing Spring FrameworkServlet 'dispatcherServlet'
[ INFO ] [2019-04-16 20:30:54] org.springframework.web.servlet.DispatcherServlet [497] - FrameworkServlet 'dispatcherServlet': initialization started
[ INFO ] [2019-04-16 20:30:54] org.springframework.web.servlet.DispatcherServlet [512] - FrameworkServlet 'dispatcherServlet': initialization completed in 55 ms
[ INFO ] [2019-04-16 20:31:07] com.alibaba.druid.pool.DruidDataSource [930] - {dataSource-1} inited
[ ERROR] [2019-04-16 21:58:38] org.apache.catalina.core.ContainerBase.[Tomcat].[localhost].[/].[dispatcherServlet] [182] - Servlet.service() for servlet [dispatcherServlet] in context with path [] threw exception [Request processing failed; nested exception is org.springframework.http.InvalidMediaTypeException: Invalid mime type "/": does not contain subtype after '/'] with root cause
org.springframework.util.InvalidMimeTypeException: Invalid mime type "/": does not contain subtype after '/'
	at org.springframework.util.MimeTypeUtils.parseMimeType(MimeTypeUtils.java:199)
	at org.springframework.http.MediaType.parseMediaType(MediaType.java:531)
	at org.springframework.http.MediaType.parseMediaTypes(MediaType.java:558)
	at org.springframework.boot.autoconfigure.web.servlet.WelcomePageHandlerMapping.getAcceptedMediaTypes(WelcomePageHandlerMapping.java:93)
	at org.springframework.boot.autoconfigure.web.servlet.WelcomePageHandlerMapping.getHandlerInternal(WelcomePageHandlerMapping.java:82)
	at org.springframework.web.servlet.handler.AbstractHandlerMapping.getHandler(AbstractHandlerMapping.java:350)
	at org.springframework.web.servlet.DispatcherServlet.getHandler(DispatcherServlet.java:1188)
	at org.springframework.web.servlet.DispatcherServlet.doDispatch(DispatcherServlet.java:964)
	at org.springframework.web.servlet.DispatcherServlet.doService(DispatcherServlet.java:925)
	at org.springframework.web.servlet.FrameworkServlet.processRequest(FrameworkServlet.java:981)
	at org.springframework.web.servlet.FrameworkServlet.doPost(FrameworkServlet.java:884)
	at javax.servlet.http.HttpServlet.service(HttpServlet.java:660)
	at org.springframework.web.servlet.FrameworkServlet.service(FrameworkServlet.java:858)
	at javax.servlet.http.HttpServlet.service(HttpServlet.java:741)
	at org.apache.catalina.core.ApplicationFilterChain.internalDoFilter(ApplicationFilterChain.java:231)
	at org.apache.catalina.core.ApplicationFilterChain.doFilter(ApplicationFilterChain.java:166)
	at org.apache.tomcat.websocket.server.WsFilter.doFilter(WsFilter.java:53)
	at org.apache.catalina.core.ApplicationFilterChain.internalDoFilter(ApplicationFilterChain.java:193)
	at org.apache.catalina.core.ApplicationFilterChain.doFilter(ApplicationFilterChain.java:166)
	at org.springframework.web.filter.RequestContextFilter.doFilterInternal(RequestContextFilter.java:99)
	at org.springframework.web.filter.OncePerRequestFilter.doFilter(OncePerRequestFilter.java:107)
	at org.apache.catalina.core.ApplicationFilterChain.internalDoFilter(ApplicationFilterChain.java:193)
	at org.apache.catalina.core.ApplicationFilterChain.doFilter(ApplicationFilterChain.java:166)
	at org.springframework.web.filter.HttpPutFormContentFilter.doFilterInternal(HttpPutFormContentFilter.java:109)
	at org.springframework.web.filter.OncePerRequestFilter.doFilter(OncePerRequestFilter.java:107)
	at org.apache.catalina.core.ApplicationFilterChain.internalDoFilter(ApplicationFilterChain.java:193)
	at org.apache.catalina.core.ApplicationFilterChain.doFilter(ApplicationFilterChain.java:166)
	at org.springframework.web.filter.HiddenHttpMethodFilter.doFilterInternal(HiddenHttpMethodFilter.java:93)
	at org.springframework.web.filter.OncePerRequestFilter.doFilter(OncePerRequestFilter.java:107)
	at org.apache.catalina.core.ApplicationFilterChain.internalDoFilter(ApplicationFilterChain.java:193)
	at org.apache.catalina.core.ApplicationFilterChain.doFilter(ApplicationFilterChain.java:166)
	at org.springframework.web.filter.CharacterEncodingFilter.doFilterInternal(CharacterEncodingFilter.java:200)
	at org.springframework.web.filter.OncePerRequestFilter.doFilter(OncePerRequestFilter.java:107)
	at org.apache.catalina.core.ApplicationFilterChain.internalDoFilter(ApplicationFilterChain.java:193)
	at org.apache.catalina.core.ApplicationFilterChain.doFilter(ApplicationFilterChain.java:166)
	at org.apache.catalina.core.StandardWrapperValve.invoke(StandardWrapperValve.java:199)
	at org.apache.catalina.core.StandardContextValve.invoke(StandardContextValve.java:96)
	at org.apache.catalina.authenticator.AuthenticatorBase.invoke(AuthenticatorBase.java:502)
	at org.apache.catalina.core.StandardHostValve.invoke(StandardHostValve.java:140)
	at org.apache.catalina.valves.ErrorReportValve.invoke(ErrorReportValve.java:81)
	at org.apache.catalina.core.StandardEngineValve.invoke(StandardEngineValve.java:87)
	at org.apache.catalina.connector.CoyoteAdapter.service(CoyoteAdapter.java:342)
	at org.apache.coyote.http11.Http11Processor.service(Http11Processor.java:501)
	at org.apache.coyote.AbstractProcessorLight.process(AbstractProcessorLight.java:66)
	at org.apache.coyote.AbstractProtocol$ConnectionHandler.process(AbstractProtocol.java:754)
	at org.apache.tomcat.util.net.NioEndpoint$SocketProcessor.doRun(NioEndpoint.java:1376)
	at org.apache.tomcat.util.net.SocketProcessorBase.run(SocketProcessorBase.java:49)
	at java.util.concurrent.ThreadPoolExecutor.runWorker(Unknown Source)
	at java.util.concurrent.ThreadPoolExecutor$Worker.run(Unknown Source)
	at org.apache.tomcat.util.threads.TaskThread$WrappingRunnable.run(TaskThread.java:61)
	at java.lang.Thread.run(Unknown Source)
[ WARN ] [2019-04-16 21:58:38] org.springframework.web.servlet.mvc.support.DefaultHandlerExceptionResolver [194] - Resolved exception caused by handler execution: org.springframework.web.HttpMediaTypeNotAcceptableException: Could not parse 'Accept' header [/]: Invalid mime type "/": does not contain subtype after '/'
